[0.083s] Invoking command in '/home/trash/robot_ws/build/robot_core': CMAKE_PREFIX_PATH=${CMAKE_PREFIX_PATH}:/home/trash/robot_workspace/install/cylindrical_robot:/opt/ros/jazzy DEBUGINFOD_URLS=https://debuginfod.ubuntu.com /usr/bin/cmake --build /home/trash/robot_ws/build/robot_core -- -j4 -l4
[0.831s] [100%] Built target odom_node
[0.854s] Invoked command in '/home/trash/robot_ws/build/robot_core' returned '0': CMAKE_PREFIX_PATH=${CMAKE_PREFIX_PATH}:/home/trash/robot_workspace/install/cylindrical_robot:/opt/ros/jazzy DEBUGINFOD_URLS=https://debuginfod.ubuntu.com /usr/bin/cmake --build /home/trash/robot_ws/build/robot_core -- -j4 -l4
[0.891s] Invoking command in '/home/trash/robot_ws/build/robot_core': CMAKE_PREFIX_PATH=${CMAKE_PREFIX_PATH}:/home/trash/robot_workspace/install/cylindrical_robot:/opt/ros/jazzy DEBUGINFOD_URLS=https://debuginfod.ubuntu.com /usr/bin/cmake --install /home/trash/robot_ws/build/robot_core
[0.922s] -- Install configuration: ""
[0.925s] -- Execute custom install script
[0.928s] -- Up-to-date symlink: /home/trash/robot_ws/install/robot_core/lib/robot_core/odom_node
[0.929s] -- Up-to-date symlink: /home/trash/robot_ws/install/robot_core/share/ament_index/resource_index/package_run_dependencies/robot_core
[0.929s] -- Up-to-date symlink: /home/trash/robot_ws/install/robot_core/share/ament_index/resource_index/parent_prefix_path/robot_core
[0.929s] -- Up-to-date symlink: /home/trash/robot_ws/install/robot_core/share/robot_core/environment/ament_prefix_path.sh
[0.929s] -- Up-to-date symlink: /home/trash/robot_ws/install/robot_core/share/robot_core/environment/ament_prefix_path.dsv
[0.929s] -- Up-to-date symlink: /home/trash/robot_ws/install/robot_core/share/robot_core/environment/path.sh
[0.930s] -- Up-to-date symlink: /home/trash/robot_ws/install/robot_core/share/robot_core/environment/path.dsv
[0.930s] -- Up-to-date symlink: /home/trash/robot_ws/install/robot_core/share/robot_core/local_setup.bash
[0.930s] -- Up-to-date symlink: /home/trash/robot_ws/install/robot_core/share/robot_core/local_setup.sh
[0.933s] -- Up-to-date symlink: /home/trash/robot_ws/install/robot_core/share/robot_core/local_setup.zsh
[0.933s] -- Up-to-date symlink: /home/trash/robot_ws/install/robot_core/share/robot_core/local_setup.dsv
[0.933s] -- Symlinking: /home/trash/robot_ws/install/robot_core/share/robot_core/package.dsv
[0.959s] -- Up-to-date symlink: /home/trash/robot_ws/install/robot_core/share/ament_index/resource_index/packages/robot_core
[0.959s] -- Up-to-date symlink: /home/trash/robot_ws/install/robot_core/share/robot_core/cmake/robot_coreConfig.cmake
[0.959s] -- Up-to-date symlink: /home/trash/robot_ws/install/robot_core/share/robot_core/cmake/robot_coreConfig-version.cmake
[0.959s] -- Up-to-date symlink: /home/trash/robot_ws/install/robot_core/share/robot_core/package.xml
[0.964s] Invoked command in '/home/trash/robot_ws/build/robot_core' returned '0': CMAKE_PREFIX_PATH=${CMAKE_PREFIX_PATH}:/home/trash/robot_workspace/install/cylindrical_robot:/opt/ros/jazzy DEBUGINFOD_URLS=https://debuginfod.ubuntu.com /usr/bin/cmake --install /home/trash/robot_ws/build/robot_core
