[0.062s] Invoking command in '/home/trash/robot_ws/build/robot_core': CMAKE_PREFIX_PATH=${CMAKE_PREFIX_PATH}:/home/trash/robot_workspace/install/cylindrical_robot:/opt/ros/jazzy DEBUGINFOD_URLS=https://debuginfod.ubuntu.com /usr/bin/cmake /home/trash/robot_ws/src/robot_core -DAMENT_CMAKE_SYMLINK_INSTALL=1 -DCMAKE_INSTALL_PREFIX=/home/trash/robot_ws/install/robot_core
[0.104s] -- Found ament_cmake: 2.5.4 (/opt/ros/jazzy/share/ament_cmake/cmake)
[0.647s] -- Override CMake install command with custom implementation using symlinks instead of copying resources
[0.661s] -- Found rclcpp: 28.1.13 (/opt/ros/jazzy/share/rclcpp/cmake)
[0.700s] -- Found rosidl_generator_c: 4.6.6 (/opt/ros/jazzy/share/rosidl_generator_c/cmake)
[0.721s] -- Found rosidl_generator_cpp: 4.6.6 (/opt/ros/jazzy/share/rosidl_generator_cpp/cmake)
[0.745s] -- Using all available rosidl_typesupport_c: rosidl_typesupport_fastrtps_c;rosidl_typesupport_introspection_c
[0.765s] -- Using all available rosidl_typesupport_cpp: rosidl_typesupport_fastrtps_cpp;rosidl_typesupport_introspection_cpp
[0.865s] -- Found rmw_implementation_cmake: 7.3.2 (/opt/ros/jazzy/share/rmw_implementation_cmake/cmake)
[0.867s] -- Found rmw_fastrtps_cpp: 8.4.3 (/opt/ros/jazzy/share/rmw_fastrtps_cpp/cmake)
[0.977s] -- Using RMW implementation 'rmw_fastrtps_cpp' as default
[1.088s] -- Found nav_msgs: 5.3.6 (/opt/ros/jazzy/share/nav_msgs/cmake)
[1.184s] -- Found tf2_ros: 0.36.16 (/opt/ros/jazzy/share/tf2_ros/cmake)
[1.366s] -- Found ament_lint_auto: 0.17.3 (/opt/ros/jazzy/share/ament_lint_auto/cmake)
[1.576s] -- Added test 'cppcheck' to perform static code analysis on C / C++ code
[1.576s] -- Configured cppcheck include dirs: 
[1.578s] -- Configured cppcheck exclude dirs and/or files: 
[1.578s] -- Added test 'lint_cmake' to check CMake code style
[1.579s] -- Added test 'uncrustify' to check C / C++ code style
[1.579s] -- Configured uncrustify additional arguments: 
[1.579s] -- Added test 'xmllint' to check XML markup files
[1.581s] -- Configuring done (1.5s)
[1.631s] -- Generating done (0.0s)
[1.652s] -- Build files have been written to: /home/trash/robot_ws/build/robot_core
[1.671s] Invoked command in '/home/trash/robot_ws/build/robot_core' returned '0': CMAKE_PREFIX_PATH=${CMAKE_PREFIX_PATH}:/home/trash/robot_workspace/install/cylindrical_robot:/opt/ros/jazzy DEBUGINFOD_URLS=https://debuginfod.ubuntu.com /usr/bin/cmake /home/trash/robot_ws/src/robot_core -DAMENT_CMAKE_SYMLINK_INSTALL=1 -DCMAKE_INSTALL_PREFIX=/home/trash/robot_ws/install/robot_core
[1.673s] Invoking command in '/home/trash/robot_ws/build/robot_core': CMAKE_PREFIX_PATH=${CMAKE_PREFIX_PATH}:/home/trash/robot_workspace/install/cylindrical_robot:/opt/ros/jazzy DEBUGINFOD_URLS=https://debuginfod.ubuntu.com /usr/bin/cmake --build /home/trash/robot_ws/build/robot_core -- -j4 -l4
[1.802s] [ 50%] [32m[1mLinking CXX executable odom_node[0m
[3.080s] [100%] Built target odom_node
[3.105s] Invoked command in '/home/trash/robot_ws/build/robot_core' returned '0': CMAKE_PREFIX_PATH=${CMAKE_PREFIX_PATH}:/home/trash/robot_workspace/install/cylindrical_robot:/opt/ros/jazzy DEBUGINFOD_URLS=https://debuginfod.ubuntu.com /usr/bin/cmake --build /home/trash/robot_ws/build/robot_core -- -j4 -l4
[3.134s] Invoking command in '/home/trash/robot_ws/build/robot_core': CMAKE_PREFIX_PATH=${CMAKE_PREFIX_PATH}:/home/trash/robot_workspace/install/cylindrical_robot:/opt/ros/jazzy DEBUGINFOD_URLS=https://debuginfod.ubuntu.com /usr/bin/cmake --install /home/trash/robot_ws/build/robot_core
[3.158s] -- Install configuration: ""
[3.159s] -- Execute custom install script
[3.159s] -- Symlinking: /home/trash/robot_ws/install/robot_core/lib/robot_core/odom_node
[3.182s] -- Symlinking: /home/trash/robot_ws/install/robot_core/share/ament_index/resource_index/package_run_dependencies/robot_core
[3.211s] -- Symlinking: /home/trash/robot_ws/install/robot_core/share/ament_index/resource_index/parent_prefix_path/robot_core
[3.267s] -- Symlinking: /home/trash/robot_ws/install/robot_core/share/robot_core/environment/ament_prefix_path.sh
[3.308s] -- Symlinking: /home/trash/robot_ws/install/robot_core/share/robot_core/environment/ament_prefix_path.dsv
[3.342s] -- Symlinking: /home/trash/robot_ws/install/robot_core/share/robot_core/environment/path.sh
[3.378s] -- Symlinking: /home/trash/robot_ws/install/robot_core/share/robot_core/environment/path.dsv
[3.405s] -- Symlinking: /home/trash/robot_ws/install/robot_core/share/robot_core/local_setup.bash
[3.439s] -- Symlinking: /home/trash/robot_ws/install/robot_core/share/robot_core/local_setup.sh
[3.461s] -- Symlinking: /home/trash/robot_ws/install/robot_core/share/robot_core/local_setup.zsh
[3.483s] -- Symlinking: /home/trash/robot_ws/install/robot_core/share/robot_core/local_setup.dsv
[3.510s] -- Symlinking: /home/trash/robot_ws/install/robot_core/share/robot_core/package.dsv
[3.539s] -- Symlinking: /home/trash/robot_ws/install/robot_core/share/ament_index/resource_index/packages/robot_core
[3.561s] -- Symlinking: /home/trash/robot_ws/install/robot_core/share/robot_core/cmake/robot_coreConfig.cmake
[3.593s] -- Symlinking: /home/trash/robot_ws/install/robot_core/share/robot_core/cmake/robot_coreConfig-version.cmake
[3.622s] -- Symlinking: /home/trash/robot_ws/install/robot_core/share/robot_core/package.xml
[3.664s] Invoked command in '/home/trash/robot_ws/build/robot_core' returned '0': CMAKE_PREFIX_PATH=${CMAKE_PREFIX_PATH}:/home/trash/robot_workspace/install/cylindrical_robot:/opt/ros/jazzy DEBUGINFOD_URLS=https://debuginfod.ubuntu.com /usr/bin/cmake --install /home/trash/robot_ws/build/robot_core
