[0.145s] DEBUG:colcon:Command line arguments: ['/usr/bin/colcon', 'build']
[0.145s] DEBUG:colcon:Parsed command line arguments: Namespace(log_base=None, log_level=None, verb_name='build', build_base='build', install_base='install', merge_install=False, symlink_install=False, test_result_base=None, continue_on_error=False, executor='parallel', parallel_workers=4, event_handlers=None, ignore_user_meta=False, metas=['./colcon.meta'], base_paths=['.'], packages_ignore=None, packages_ignore_regex=None, paths=None, packages_up_to=None, packages_up_to_regex=None, packages_above=None, packages_above_and_dependencies=None, packages_above_depth=None, packages_select_by_dep=None, packages_skip_by_dep=None, packages_skip_up_to=None, packages_select_build_failed=False, packages_skip_build_finished=False, packages_select_test_failures=False, packages_skip_test_passed=False, packages_select=None, packages_skip=None, packages_select_regex=None, packages_skip_regex=None, packages_start=None, packages_end=None, allow_overriding=[], cmake_args=None, cmake_target=None, cmake_target_skip_unavailable=False, cmake_clean_cache=False, cmake_clean_first=False, cmake_force_configure=False, ament_cmake_args=None, catkin_cmake_args=None, catkin_skip_building_tests=False, verb_parser=<colcon_defaults.argument_parser.defaults.DefaultArgumentsDecorator object at 0xffff89748ad0>, verb_extension=<colcon_core.verb.build.BuildVerb object at 0xffff89a9e570>, main=<bound method BuildVerb.main of <colcon_core.verb.build.BuildVerb object at 0xffff89a9e570>>)
[0.202s] Level 1:colcon.colcon_core.package_discovery:discover_packages(colcon_meta) check parameters
[0.202s] Level 1:colcon.colcon_core.package_discovery:discover_packages(recursive) check parameters
[0.202s] Level 1:colcon.colcon_core.package_discovery:discover_packages(ignore) check parameters
[0.202s] Level 1:colcon.colcon_core.package_discovery:discover_packages(path) check parameters
[0.202s] Level 1:colcon.colcon_core.package_discovery:discover_packages(colcon_meta) discover
[0.203s] Level 1:colcon.colcon_core.package_discovery:discover_packages(recursive) discover
[0.203s] INFO:colcon.colcon_core.package_discovery:Crawling recursively for packages in '/home/trash/robot_ws'
[0.203s] Level 1:colcon.colcon_core.package_identification:_identify(.) by extensions ['ignore', 'ignore_ament_install']
[0.203s] Level 1:colcon.colcon_core.package_identification:_identify(.) by extension 'ignore'
[0.203s] Level 1:colcon.colcon_core.package_identification:_identify(.) by extension 'ignore_ament_install'
[0.203s] Level 1:colcon.colcon_core.package_identification:_identify(.) by extensions ['colcon_pkg']
[0.203s] Level 1:colcon.colcon_core.package_identification:_identify(.) by extension 'colcon_pkg'
[0.203s] Level 1:colcon.colcon_core.package_identification:_identify(.) by extensions ['colcon_meta']
[0.203s] Level 1:colcon.colcon_core.package_identification:_identify(.) by extension 'colcon_meta'
[0.203s] Level 1:colcon.colcon_core.package_identification:_identify(.) by extensions ['ros']
[0.203s] Level 1:colcon.colcon_core.package_identification:_identify(.) by extension 'ros'
[0.241s] Level 1:colcon.colcon_core.package_identification:_identify(.) by extensions ['cmake', 'python']
[0.241s] Level 1:colcon.colcon_core.package_identification:_identify(.) by extension 'cmake'
[0.241s] Level 1:colcon.colcon_core.package_identification:_identify(.) by extension 'python'
[0.241s] Level 1:colcon.colcon_core.package_identification:_identify(.) by extensions ['python_setup_py']
[0.241s] Level 1:colcon.colcon_core.package_identification:_identify(.) by extension 'python_setup_py'
[0.241s] Level 1:colcon.colcon_core.package_identification:_identify(build) by extensions ['ignore', 'ignore_ament_install']
[0.241s] Level 1:colcon.colcon_core.package_identification:_identify(build) by extension 'ignore'
[0.241s] Level 1:colcon.colcon_core.package_identification:_identify(build) ignored
[0.242s] Level 1:colcon.colcon_core.package_identification:_identify(install) by extensions ['ignore', 'ignore_ament_install']
[0.242s] Level 1:colcon.colcon_core.package_identification:_identify(install) by extension 'ignore'
[0.242s] Level 1:colcon.colcon_core.package_identification:_identify(install) ignored
[0.242s] Level 1:colcon.colcon_core.package_identification:_identify(log) by extensions ['ignore', 'ignore_ament_install']
[0.242s] Level 1:colcon.colcon_core.package_identification:_identify(log) by extension 'ignore'
[0.242s] Level 1:colcon.colcon_core.package_identification:_identify(log) ignored
[0.242s] Level 1:colcon.colcon_core.package_identification:_identify(src) by extensions ['ignore', 'ignore_ament_install']
[0.242s] Level 1:colcon.colcon_core.package_identification:_identify(src) by extension 'ignore'
[0.242s] Level 1:colcon.colcon_core.package_identification:_identify(src) by extension 'ignore_ament_install'
[0.242s] Level 1:colcon.colcon_core.package_identification:_identify(src) by extensions ['colcon_pkg']
[0.242s] Level 1:colcon.colcon_core.package_identification:_identify(src) by extension 'colcon_pkg'
[0.242s] Level 1:colcon.colcon_core.package_identification:_identify(src) by extensions ['colcon_meta']
[0.242s] Level 1:colcon.colcon_core.package_identification:_identify(src) by extension 'colcon_meta'
[0.242s] Level 1:colcon.colcon_core.package_identification:_identify(src) by extensions ['ros']
[0.242s] Level 1:colcon.colcon_core.package_identification:_identify(src) by extension 'ros'
[0.243s] Level 1:colcon.colcon_core.package_identification:_identify(src) by extensions ['cmake', 'python']
[0.243s] Level 1:colcon.colcon_core.package_identification:_identify(src) by extension 'cmake'
[0.243s] Level 1:colcon.colcon_core.package_identification:_identify(src) by extension 'python'
[0.243s] Level 1:colcon.colcon_core.package_identification:_identify(src) by extensions ['python_setup_py']
[0.243s] Level 1:colcon.colcon_core.package_identification:_identify(src) by extension 'python_setup_py'
[0.243s] Level 1:colcon.colcon_core.package_identification:_identify(src/robot_core) by extensions ['ignore', 'ignore_ament_install']
[0.243s] Level 1:colcon.colcon_core.package_identification:_identify(src/robot_core) by extension 'ignore'
[0.243s] Level 1:colcon.colcon_core.package_identification:_identify(src/robot_core) by extension 'ignore_ament_install'
[0.243s] Level 1:colcon.colcon_core.package_identification:_identify(src/robot_core) by extensions ['colcon_pkg']
[0.243s] Level 1:colcon.colcon_core.package_identification:_identify(src/robot_core) by extension 'colcon_pkg'
[0.243s] Level 1:colcon.colcon_core.package_identification:_identify(src/robot_core) by extensions ['colcon_meta']
[0.243s] Level 1:colcon.colcon_core.package_identification:_identify(src/robot_core) by extension 'colcon_meta'
[0.243s] Level 1:colcon.colcon_core.package_identification:_identify(src/robot_core) by extensions ['ros']
[0.243s] Level 1:colcon.colcon_core.package_identification:_identify(src/robot_core) by extension 'ros'
[0.247s] DEBUG:colcon.colcon_core.package_identification:Package 'src/robot_core' with type 'ros.ament_cmake' and name 'robot_core'
[0.247s] Level 1:colcon.colcon_core.package_discovery:discover_packages(recursive) using defaults
[0.247s] Level 1:colcon.colcon_core.package_discovery:discover_packages(ignore) discover
[0.247s] Level 1:colcon.colcon_core.package_discovery:discover_packages(ignore) using defaults
[0.247s] Level 1:colcon.colcon_core.package_discovery:discover_packages(path) discover
[0.247s] Level 1:colcon.colcon_core.package_discovery:discover_packages(path) using defaults
[0.270s] Level 1:colcon.colcon_core.package_discovery:discover_packages(prefix_path) check parameters
[0.270s] Level 1:colcon.colcon_core.package_discovery:discover_packages(prefix_path) discover
[0.273s] DEBUG:colcon.colcon_installed_package_information.package_discovery:Found 3 installed packages in /home/trash/microros_ws/install
[0.273s] DEBUG:colcon.colcon_installed_package_information.package_discovery:Found 1 installed packages in /home/trash/trash_bot_ws/install
[0.274s] DEBUG:colcon.colcon_installed_package_information.package_discovery:Found 1 installed packages in /home/trash/trash_bot_ws/src/trash_bot/install
[0.274s] DEBUG:colcon.colcon_installed_package_information.package_discovery:Found 1 installed packages in /home/trash/robot_workspace/install
[0.277s] DEBUG:colcon.colcon_installed_package_information.package_discovery:Found 380 installed packages in /opt/ros/jazzy
[0.279s] Level 1:colcon.colcon_core.package_discovery:discover_packages(prefix_path) using defaults
[0.354s] Level 5:colcon.colcon_core.verb:set package 'robot_core' build argument 'cmake_args' from command line to 'None'
[0.354s] Level 5:colcon.colcon_core.verb:set package 'robot_core' build argument 'cmake_target' from command line to 'None'
[0.354s] Level 5:colcon.colcon_core.verb:set package 'robot_core' build argument 'cmake_target_skip_unavailable' from command line to 'False'
[0.354s] Level 5:colcon.colcon_core.verb:set package 'robot_core' build argument 'cmake_clean_cache' from command line to 'False'
[0.354s] Level 5:colcon.colcon_core.verb:set package 'robot_core' build argument 'cmake_clean_first' from command line to 'False'
[0.355s] Level 5:colcon.colcon_core.verb:set package 'robot_core' build argument 'cmake_force_configure' from command line to 'False'
[0.355s] Level 5:colcon.colcon_core.verb:set package 'robot_core' build argument 'ament_cmake_args' from command line to 'None'
[0.355s] Level 5:colcon.colcon_core.verb:set package 'robot_core' build argument 'catkin_cmake_args' from command line to 'None'
[0.355s] Level 5:colcon.colcon_core.verb:set package 'robot_core' build argument 'catkin_skip_building_tests' from command line to 'False'
[0.355s] DEBUG:colcon.colcon_core.verb:Building package 'robot_core' with the following arguments: {'ament_cmake_args': None, 'build_base': '/home/trash/robot_ws/build/robot_core', 'catkin_cmake_args': None, 'catkin_skip_building_tests': False, 'cmake_args': None, 'cmake_clean_cache': False, 'cmake_clean_first': False, 'cmake_force_configure': False, 'cmake_target': None, 'cmake_target_skip_unavailable': False, 'install_base': '/home/trash/robot_ws/install/robot_core', 'merge_install': False, 'path': '/home/trash/robot_ws/src/robot_core', 'symlink_install': False, 'test_result_base': None}
[0.355s] INFO:colcon.colcon_core.executor:Executing jobs using 'parallel' executor
[0.356s] DEBUG:colcon.colcon_parallel_executor.executor.parallel:run_until_complete
[0.357s] INFO:colcon.colcon_ros.task.ament_cmake.build:Building ROS package in '/home/trash/robot_ws/src/robot_core' with build type 'ament_cmake'
[0.357s] INFO:colcon.colcon_cmake.task.cmake.build:Building CMake package in '/home/trash/robot_ws/src/robot_core'
[0.362s] INFO:colcon.colcon_core.plugin_system:Skipping extension 'colcon_core.shell.bat': Not used on non-Windows systems
[0.362s] INFO:colcon.colcon_core.shell:Skip shell extension 'powershell' for command environment: Not usable outside of PowerShell
[0.362s] DEBUG:colcon.colcon_core.shell:Skip shell extension 'dsv' for command environment
[0.384s] DEBUG:colcon.colcon_core.event_handler.log_command:Invoking command in '/home/trash/robot_ws/build/robot_core': CMAKE_PREFIX_PATH=${CMAKE_PREFIX_PATH}:/home/trash/robot_workspace/install/cylindrical_robot:/opt/ros/jazzy DEBUGINFOD_URLS=https://debuginfod.ubuntu.com /usr/bin/cmake /home/trash/robot_ws/src/robot_core -DCMAKE_INSTALL_PREFIX=/home/trash/robot_ws/install/robot_core
[3.272s] DEBUG:colcon.colcon_core.event_handler.log_command:Invoked command in '/home/trash/robot_ws/build/robot_core' returned '0': CMAKE_PREFIX_PATH=${CMAKE_PREFIX_PATH}:/home/trash/robot_workspace/install/cylindrical_robot:/opt/ros/jazzy DEBUGINFOD_URLS=https://debuginfod.ubuntu.com /usr/bin/cmake /home/trash/robot_ws/src/robot_core -DCMAKE_INSTALL_PREFIX=/home/trash/robot_ws/install/robot_core
[3.275s] DEBUG:colcon.colcon_core.event_handler.log_command:Invoking command in '/home/trash/robot_ws/build/robot_core': CMAKE_PREFIX_PATH=${CMAKE_PREFIX_PATH}:/home/trash/robot_workspace/install/cylindrical_robot:/opt/ros/jazzy DEBUGINFOD_URLS=https://debuginfod.ubuntu.com /usr/bin/cmake --build /home/trash/robot_ws/build/robot_core -- -j4 -l4
[19.688s] DEBUG:colcon.colcon_core.event_handler.log_command:Invoked command in '/home/trash/robot_ws/build/robot_core' returned '0': CMAKE_PREFIX_PATH=${CMAKE_PREFIX_PATH}:/home/trash/robot_workspace/install/cylindrical_robot:/opt/ros/jazzy DEBUGINFOD_URLS=https://debuginfod.ubuntu.com /usr/bin/cmake --build /home/trash/robot_ws/build/robot_core -- -j4 -l4
[19.711s] DEBUG:colcon.colcon_core.event_handler.log_command:Invoking command in '/home/trash/robot_ws/build/robot_core': CMAKE_PREFIX_PATH=${CMAKE_PREFIX_PATH}:/home/trash/robot_workspace/install/cylindrical_robot:/opt/ros/jazzy DEBUGINFOD_URLS=https://debuginfod.ubuntu.com /usr/bin/cmake --install /home/trash/robot_ws/build/robot_core
[19.743s] Level 1:colcon.colcon_core.environment:create_environment_scripts_only(robot_core)
[19.743s] DEBUG:colcon.colcon_core.event_handler.log_command:Invoked command in '/home/trash/robot_ws/build/robot_core' returned '0': CMAKE_PREFIX_PATH=${CMAKE_PREFIX_PATH}:/home/trash/robot_workspace/install/cylindrical_robot:/opt/ros/jazzy DEBUGINFOD_URLS=https://debuginfod.ubuntu.com /usr/bin/cmake --install /home/trash/robot_ws/build/robot_core
[19.746s] Level 1:colcon.colcon_core.environment:checking '/home/trash/robot_ws/install/robot_core' for CMake module files
[19.747s] Level 1:colcon.colcon_core.environment:checking '/home/trash/robot_ws/install/robot_core' for CMake config files
[19.747s] Level 1:colcon.colcon_core.shell:create_environment_hook('robot_core', 'cmake_prefix_path')
[19.747s] INFO:colcon.colcon_core.shell:Creating environment hook '/home/trash/robot_ws/install/robot_core/share/robot_core/hook/cmake_prefix_path.ps1'
[19.748s] INFO:colcon.colcon_core.shell:Creating environment descriptor '/home/trash/robot_ws/install/robot_core/share/robot_core/hook/cmake_prefix_path.dsv'
[19.749s] INFO:colcon.colcon_core.shell:Creating environment hook '/home/trash/robot_ws/install/robot_core/share/robot_core/hook/cmake_prefix_path.sh'
[19.750s] Level 1:colcon.colcon_core.environment:checking '/home/trash/robot_ws/install/robot_core/lib'
[19.750s] Level 1:colcon.colcon_core.environment:checking '/home/trash/robot_ws/install/robot_core/bin'
[19.750s] Level 1:colcon.colcon_core.environment:checking '/home/trash/robot_ws/install/robot_core/lib/pkgconfig/robot_core.pc'
[19.750s] Level 1:colcon.colcon_core.environment:checking '/home/trash/robot_ws/install/robot_core/lib/python3.12/site-packages'
[19.751s] Level 1:colcon.colcon_core.environment:checking '/home/trash/robot_ws/install/robot_core/bin'
[19.751s] INFO:colcon.colcon_core.shell:Creating package script '/home/trash/robot_ws/install/robot_core/share/robot_core/package.ps1'
[19.752s] INFO:colcon.colcon_core.shell:Creating package descriptor '/home/trash/robot_ws/install/robot_core/share/robot_core/package.dsv'
[19.753s] INFO:colcon.colcon_core.shell:Creating package script '/home/trash/robot_ws/install/robot_core/share/robot_core/package.sh'
[19.753s] INFO:colcon.colcon_core.shell:Creating package script '/home/trash/robot_ws/install/robot_core/share/robot_core/package.bash'
[19.754s] INFO:colcon.colcon_core.shell:Creating package script '/home/trash/robot_ws/install/robot_core/share/robot_core/package.zsh'
[19.755s] Level 1:colcon.colcon_core.environment:create_file_with_runtime_dependencies(/home/trash/robot_ws/install/robot_core/share/colcon-core/packages/robot_core)
[19.755s] Level 1:colcon.colcon_core.environment:create_environment_scripts_only(robot_core)
[19.756s] Level 1:colcon.colcon_core.environment:checking '/home/trash/robot_ws/install/robot_core' for CMake module files
[19.756s] Level 1:colcon.colcon_core.environment:checking '/home/trash/robot_ws/install/robot_core' for CMake config files
[19.757s] Level 1:colcon.colcon_core.shell:create_environment_hook('robot_core', 'cmake_prefix_path')
[19.757s] INFO:colcon.colcon_core.shell:Creating environment hook '/home/trash/robot_ws/install/robot_core/share/robot_core/hook/cmake_prefix_path.ps1'
[19.757s] INFO:colcon.colcon_core.shell:Creating environment descriptor '/home/trash/robot_ws/install/robot_core/share/robot_core/hook/cmake_prefix_path.dsv'
[19.759s] INFO:colcon.colcon_core.shell:Creating environment hook '/home/trash/robot_ws/install/robot_core/share/robot_core/hook/cmake_prefix_path.sh'
[19.760s] Level 1:colcon.colcon_core.environment:checking '/home/trash/robot_ws/install/robot_core/lib'
[19.760s] Level 1:colcon.colcon_core.environment:checking '/home/trash/robot_ws/install/robot_core/bin'
[19.760s] Level 1:colcon.colcon_core.environment:checking '/home/trash/robot_ws/install/robot_core/lib/pkgconfig/robot_core.pc'
[19.760s] Level 1:colcon.colcon_core.environment:checking '/home/trash/robot_ws/install/robot_core/lib/python3.12/site-packages'
[19.761s] Level 1:colcon.colcon_core.environment:checking '/home/trash/robot_ws/install/robot_core/bin'
[19.761s] INFO:colcon.colcon_core.shell:Creating package script '/home/trash/robot_ws/install/robot_core/share/robot_core/package.ps1'
[19.761s] INFO:colcon.colcon_core.shell:Creating package descriptor '/home/trash/robot_ws/install/robot_core/share/robot_core/package.dsv'
[19.762s] INFO:colcon.colcon_core.shell:Creating package script '/home/trash/robot_ws/install/robot_core/share/robot_core/package.sh'
[19.763s] INFO:colcon.colcon_core.shell:Creating package script '/home/trash/robot_ws/install/robot_core/share/robot_core/package.bash'
[19.764s] INFO:colcon.colcon_core.shell:Creating package script '/home/trash/robot_ws/install/robot_core/share/robot_core/package.zsh'
[19.765s] Level 1:colcon.colcon_core.environment:create_file_with_runtime_dependencies(/home/trash/robot_ws/install/robot_core/share/colcon-core/packages/robot_core)
[19.767s] DEBUG:colcon.colcon_parallel_executor.executor.parallel:closing loop
[19.767s] DEBUG:colcon.colcon_parallel_executor.executor.parallel:loop closed
[19.767s] DEBUG:colcon.colcon_parallel_executor.executor.parallel:run_until_complete finished with '0'
[19.768s] DEBUG:colcon.colcon_core.event_reactor:joining thread
[19.784s] INFO:colcon.colcon_core.plugin_system:Skipping extension 'colcon_notification.desktop_notification.terminal_notifier': Not used on non-Darwin systems
[19.785s] INFO:colcon.colcon_core.plugin_system:Skipping extension 'colcon_notification.desktop_notification.win32': Not used on non-Windows systems
[19.785s] INFO:colcon.colcon_notification.desktop_notification:Sending desktop notification using 'notify2'
[19.838s] DEBUG:colcon.colcon_core.event_reactor:joined thread
[19.838s] INFO:colcon.colcon_core.shell:Creating prefix script '/home/trash/robot_ws/install/local_setup.ps1'
[19.840s] INFO:colcon.colcon_core.shell:Creating prefix util module '/home/trash/robot_ws/install/_local_setup_util_ps1.py'
[19.841s] INFO:colcon.colcon_core.shell:Creating prefix chain script '/home/trash/robot_ws/install/setup.ps1'
[19.843s] INFO:colcon.colcon_core.shell:Creating prefix script '/home/trash/robot_ws/install/local_setup.sh'
[19.844s] INFO:colcon.colcon_core.shell:Creating prefix util module '/home/trash/robot_ws/install/_local_setup_util_sh.py'
[19.845s] INFO:colcon.colcon_core.shell:Creating prefix chain script '/home/trash/robot_ws/install/setup.sh'
[19.847s] INFO:colcon.colcon_core.shell:Creating prefix script '/home/trash/robot_ws/install/local_setup.bash'
[19.848s] INFO:colcon.colcon_core.shell:Creating prefix chain script '/home/trash/robot_ws/install/setup.bash'
[19.850s] INFO:colcon.colcon_core.shell:Creating prefix script '/home/trash/robot_ws/install/local_setup.zsh'
[19.850s] INFO:colcon.colcon_core.shell:Creating prefix chain script '/home/trash/robot_ws/install/setup.zsh'
