[0.075s] Invoking command in '/home/trash/robot_ws/build/sllidar_ros2': CMAKE_PREFIX_PATH=${CMAKE_PREFIX_PATH}:/home/trash/robot_workspace/install/cylindrical_robot:/opt/ros/jazzy DEBUGINFOD_URLS=https://debuginfod.ubuntu.com /usr/bin/cmake /home/trash/robot_ws/src/sllidar_ros2 -DCMAKE_INSTALL_PREFIX=/home/trash/robot_ws/install/sllidar_ros2
[0.160s] -- Found ament_cmake: 2.5.4 (/opt/ros/jazzy/share/ament_cmake/cmake)
[0.850s] -- Override CMake install command with custom implementation using symlinks instead of copying resources
[0.864s] -- Found rclcpp: 28.1.13 (/opt/ros/jazzy/share/rclcpp/cmake)
[0.921s] -- Found rosidl_generator_c: 4.6.6 (/opt/ros/jazzy/share/rosidl_generator_c/cmake)
[0.934s] -- Found rosidl_generator_cpp: 4.6.6 (/opt/ros/jazzy/share/rosidl_generator_cpp/cmake)
[0.952s] -- Using all available rosidl_typesupport_c: rosidl_typesupport_fastrtps_c;rosidl_typesupport_introspection_c
[0.985s] -- Using all available rosidl_typesupport_cpp: rosidl_typesupport_fastrtps_cpp;rosidl_typesupport_introspection_cpp
[1.091s] -- Found rmw_implementation_cmake: 7.3.2 (/opt/ros/jazzy/share/rmw_implementation_cmake/cmake)
[1.094s] -- Found rmw_fastrtps_cpp: 8.4.3 (/opt/ros/jazzy/share/rmw_fastrtps_cpp/cmake)
[1.241s] -- Using RMW implementation 'rmw_fastrtps_cpp' as default
[1.365s] -- Found sensor_msgs: 5.3.6 (/opt/ros/jazzy/share/sensor_msgs/cmake)
[1.457s] -- Found std_srvs: 5.3.6 (/opt/ros/jazzy/share/std_srvs/cmake)
[1.766s] -- Configuring done (1.6s)
[1.836s] -- Generating done (0.0s)
[1.850s] -- Build files have been written to: /home/trash/robot_ws/build/sllidar_ros2
[1.896s] Invoked command in '/home/trash/robot_ws/build/sllidar_ros2' returned '0': CMAKE_PREFIX_PATH=${CMAKE_PREFIX_PATH}:/home/trash/robot_workspace/install/cylindrical_robot:/opt/ros/jazzy DEBUGINFOD_URLS=https://debuginfod.ubuntu.com /usr/bin/cmake /home/trash/robot_ws/src/sllidar_ros2 -DCMAKE_INSTALL_PREFIX=/home/trash/robot_ws/install/sllidar_ros2
[1.897s] Invoking command in '/home/trash/robot_ws/build/sllidar_ros2': CMAKE_PREFIX_PATH=${CMAKE_PREFIX_PATH}:/home/trash/robot_workspace/install/cylindrical_robot:/opt/ros/jazzy DEBUGINFOD_URLS=https://debuginfod.ubuntu.com /usr/bin/cmake --build /home/trash/robot_ws/build/sllidar_ros2 -- -j4 -l4
[2.094s] [ 10%] Built target sllidar_client
[2.163s] [100%] Built target sllidar_node
[2.199s] Invoked command in '/home/trash/robot_ws/build/sllidar_ros2' returned '0': CMAKE_PREFIX_PATH=${CMAKE_PREFIX_PATH}:/home/trash/robot_workspace/install/cylindrical_robot:/opt/ros/jazzy DEBUGINFOD_URLS=https://debuginfod.ubuntu.com /usr/bin/cmake --build /home/trash/robot_ws/build/sllidar_ros2 -- -j4 -l4
[2.239s] Invoking command in '/home/trash/robot_ws/build/sllidar_ros2': CMAKE_PREFIX_PATH=${CMAKE_PREFIX_PATH}:/home/trash/robot_workspace/install/cylindrical_robot:/opt/ros/jazzy DEBUGINFOD_URLS=https://debuginfod.ubuntu.com /usr/bin/cmake --install /home/trash/robot_ws/build/sllidar_ros2
[2.257s] -- Install configuration: ""
[2.257s] -- Execute custom install script
[2.259s] -- Up-to-date symlink: /home/trash/robot_ws/install/sllidar_ros2/share/sllidar_ros2/launch/sllidar_a1_launch.py
[2.259s] -- Up-to-date symlink: /home/trash/robot_ws/install/sllidar_ros2/share/sllidar_ros2/launch/sllidar_a2m12_launch .py
[2.259s] -- Up-to-date symlink: /home/trash/robot_ws/install/sllidar_ros2/share/sllidar_ros2/launch/sllidar_a2m7_launch.py
[2.261s] -- Up-to-date symlink: /home/trash/robot_ws/install/sllidar_ros2/share/sllidar_ros2/launch/sllidar_a2m8_launch.py
[2.261s] -- Up-to-date symlink: /home/trash/robot_ws/install/sllidar_ros2/share/sllidar_ros2/launch/sllidar_a3_launch.py
[2.261s] -- Up-to-date symlink: /home/trash/robot_ws/install/sllidar_ros2/share/sllidar_ros2/launch/sllidar_c1_launch.py
[2.261s] -- Up-to-date symlink: /home/trash/robot_ws/install/sllidar_ros2/share/sllidar_ros2/launch/sllidar_s1_launch.py
[2.261s] -- Up-to-date symlink: /home/trash/robot_ws/install/sllidar_ros2/share/sllidar_ros2/launch/sllidar_s1_tcp_launch.py
[2.261s] -- Up-to-date symlink: /home/trash/robot_ws/install/sllidar_ros2/share/sllidar_ros2/launch/sllidar_s2_launch.py
[2.261s] -- Up-to-date symlink: /home/trash/robot_ws/install/sllidar_ros2/share/sllidar_ros2/launch/sllidar_s2e_launch.py
[2.261s] -- Up-to-date symlink: /home/trash/robot_ws/install/sllidar_ros2/share/sllidar_ros2/launch/sllidar_s3_launch.py
[2.262s] -- Up-to-date symlink: /home/trash/robot_ws/install/sllidar_ros2/share/sllidar_ros2/launch/sllidar_t1_launch.py
[2.262s] -- Up-to-date symlink: /home/trash/robot_ws/install/sllidar_ros2/share/sllidar_ros2/launch/view_sllidar_a1_launch.py
[2.263s] -- Up-to-date symlink: /home/trash/robot_ws/install/sllidar_ros2/share/sllidar_ros2/launch/view_sllidar_a2m12_launch.py
[2.263s] -- Up-to-date symlink: /home/trash/robot_ws/install/sllidar_ros2/share/sllidar_ros2/launch/view_sllidar_a2m7_launch.py
[2.263s] -- Up-to-date symlink: /home/trash/robot_ws/install/sllidar_ros2/share/sllidar_ros2/launch/view_sllidar_a2m8_launch.py
[2.263s] -- Up-to-date symlink: /home/trash/robot_ws/install/sllidar_ros2/share/sllidar_ros2/launch/view_sllidar_a3_launch.py
[2.263s] -- Up-to-date symlink: /home/trash/robot_ws/install/sllidar_ros2/share/sllidar_ros2/launch/view_sllidar_c1_launch.py
[2.263s] -- Up-to-date symlink: /home/trash/robot_ws/install/sllidar_ros2/share/sllidar_ros2/launch/view_sllidar_s1_launch.py
[2.264s] -- Up-to-date symlink: /home/trash/robot_ws/install/sllidar_ros2/share/sllidar_ros2/launch/view_sllidar_s1_tcp_launch.py
[2.266s] -- Up-to-date symlink: /home/trash/robot_ws/install/sllidar_ros2/share/sllidar_ros2/launch/view_sllidar_s2_launch.py
[2.267s] -- Up-to-date symlink: /home/trash/robot_ws/install/sllidar_ros2/share/sllidar_ros2/launch/view_sllidar_s2e_launch.py
[2.267s] -- Up-to-date symlink: /home/trash/robot_ws/install/sllidar_ros2/share/sllidar_ros2/launch/view_sllidar_s3_launch.py
[2.267s] -- Up-to-date symlink: /home/trash/robot_ws/install/sllidar_ros2/share/sllidar_ros2/launch/view_sllidar_t1_launch.py
[2.267s] -- Up-to-date symlink: /home/trash/robot_ws/install/sllidar_ros2/share/sllidar_ros2/rviz/sllidar_ros2.rviz
[2.267s] -- Up-to-date symlink: /home/trash/robot_ws/install/sllidar_ros2/lib/sllidar_ros2/sllidar_node
[2.267s] -- Up-to-date symlink: /home/trash/robot_ws/install/sllidar_ros2/lib/sllidar_ros2/sllidar_client
[2.268s] -- Up-to-date symlink: /home/trash/robot_ws/install/sllidar_ros2/share/ament_index/resource_index/package_run_dependencies/sllidar_ros2
[2.268s] -- Up-to-date symlink: /home/trash/robot_ws/install/sllidar_ros2/share/ament_index/resource_index/parent_prefix_path/sllidar_ros2
[2.268s] -- Up-to-date symlink: /home/trash/robot_ws/install/sllidar_ros2/share/sllidar_ros2/environment/ament_prefix_path.sh
[2.268s] -- Up-to-date symlink: /home/trash/robot_ws/install/sllidar_ros2/share/sllidar_ros2/environment/ament_prefix_path.dsv
[2.268s] -- Up-to-date symlink: /home/trash/robot_ws/install/sllidar_ros2/share/sllidar_ros2/environment/path.sh
[2.268s] -- Up-to-date symlink: /home/trash/robot_ws/install/sllidar_ros2/share/sllidar_ros2/environment/path.dsv
[2.269s] -- Up-to-date symlink: /home/trash/robot_ws/install/sllidar_ros2/share/sllidar_ros2/local_setup.bash
[2.269s] -- Up-to-date symlink: /home/trash/robot_ws/install/sllidar_ros2/share/sllidar_ros2/local_setup.sh
[2.269s] -- Up-to-date symlink: /home/trash/robot_ws/install/sllidar_ros2/share/sllidar_ros2/local_setup.zsh
[2.269s] -- Up-to-date symlink: /home/trash/robot_ws/install/sllidar_ros2/share/sllidar_ros2/local_setup.dsv
[2.269s] -- Symlinking: /home/trash/robot_ws/install/sllidar_ros2/share/sllidar_ros2/package.dsv
[2.301s] -- Up-to-date symlink: /home/trash/robot_ws/install/sllidar_ros2/share/ament_index/resource_index/packages/sllidar_ros2
[2.301s] -- Up-to-date symlink: /home/trash/robot_ws/install/sllidar_ros2/share/sllidar_ros2/cmake/ament_cmake_export_dependencies-extras.cmake
[2.301s] -- Up-to-date symlink: /home/trash/robot_ws/install/sllidar_ros2/share/sllidar_ros2/cmake/ament_cmake_export_include_directories-extras.cmake
[2.301s] -- Up-to-date symlink: /home/trash/robot_ws/install/sllidar_ros2/share/sllidar_ros2/cmake/sllidar_ros2Config.cmake
[2.301s] -- Up-to-date symlink: /home/trash/robot_ws/install/sllidar_ros2/share/sllidar_ros2/cmake/sllidar_ros2Config-version.cmake
[2.301s] -- Up-to-date symlink: /home/trash/robot_ws/install/sllidar_ros2/share/sllidar_ros2/package.xml
[2.307s] Invoked command in '/home/trash/robot_ws/build/sllidar_ros2' returned '0': CMAKE_PREFIX_PATH=${CMAKE_PREFIX_PATH}:/home/trash/robot_workspace/install/cylindrical_robot:/opt/ros/jazzy DEBUGINFOD_URLS=https://debuginfod.ubuntu.com /usr/bin/cmake --install /home/trash/robot_ws/build/sllidar_ros2
