[0.083s] Invoking command in '/home/trash/robot_ws/build/rf2o_laser_odometry': CMAKE_PREFIX_PATH=${CMAKE_PREFIX_PATH}:/home/trash/robot_workspace/install/cylindrical_robot:/opt/ros/jazzy DEBUGINFOD_URLS=https://debuginfod.ubuntu.com /usr/bin/cmake /home/trash/robot_ws/src/rf2o_laser_odometry -DCMAKE_INSTALL_PREFIX=/home/trash/robot_ws/install/rf2o_laser_odometry
[0.169s] -- Found ament_cmake: 2.5.4 (/opt/ros/jazzy/share/ament_cmake/cmake)
[0.861s] -- Override CMake install command with custom implementation using symlinks instead of copying resources
[0.888s] -- Found rclcpp: 28.1.13 (/opt/ros/jazzy/share/rclcpp/cmake)
[0.939s] -- Found rosidl_generator_c: 4.6.6 (/opt/ros/jazzy/share/rosidl_generator_c/cmake)
[0.955s] -- Found rosidl_generator_cpp: 4.6.6 (/opt/ros/jazzy/share/rosidl_generator_cpp/cmake)
[0.972s] -- Using all available rosidl_typesupport_c: rosidl_typesupport_fastrtps_c;rosidl_typesupport_introspection_c
[0.992s] -- Using all available rosidl_typesupport_cpp: rosidl_typesupport_fastrtps_cpp;rosidl_typesupport_introspection_cpp
[1.092s] -- Found rmw_implementation_cmake: 7.3.2 (/opt/ros/jazzy/share/rmw_implementation_cmake/cmake)
[1.095s] -- Found rmw_fastrtps_cpp: 8.4.3 (/opt/ros/jazzy/share/rmw_fastrtps_cpp/cmake)
[1.216s] -- Using RMW implementation 'rmw_fastrtps_cpp' as default
[1.357s] -- Found std_msgs: 5.3.6 (/opt/ros/jazzy/share/std_msgs/cmake)
[1.385s] -- Found geometry_msgs: 5.3.6 (/opt/ros/jazzy/share/geometry_msgs/cmake)
[1.407s] -- Found tf2_geometry_msgs: 0.36.16 (/opt/ros/jazzy/share/tf2_geometry_msgs/cmake)
[1.413s] -- Found eigen3_cmake_module: 0.3.0 (/opt/ros/jazzy/share/eigen3_cmake_module/cmake)
[1.420s] -- Ensuring Eigen3 include directory is part of orocos-kdl CMake target
[1.604s] -- Found sensor_msgs: 5.3.6 (/opt/ros/jazzy/share/sensor_msgs/cmake)
[1.654s] -- Found nav_msgs: 5.3.6 (/opt/ros/jazzy/share/nav_msgs/cmake)
[2.024s] -- Configuring done (1.9s)
[2.078s] -- Generating done (0.0s)
[2.088s] -- Build files have been written to: /home/trash/robot_ws/build/rf2o_laser_odometry
[2.113s] Invoked command in '/home/trash/robot_ws/build/rf2o_laser_odometry' returned '0': CMAKE_PREFIX_PATH=${CMAKE_PREFIX_PATH}:/home/trash/robot_workspace/install/cylindrical_robot:/opt/ros/jazzy DEBUGINFOD_URLS=https://debuginfod.ubuntu.com /usr/bin/cmake /home/trash/robot_ws/src/rf2o_laser_odometry -DCMAKE_INSTALL_PREFIX=/home/trash/robot_ws/install/rf2o_laser_odometry
[2.115s] Invoking command in '/home/trash/robot_ws/build/rf2o_laser_odometry': CMAKE_PREFIX_PATH=${CMAKE_PREFIX_PATH}:/home/trash/robot_workspace/install/cylindrical_robot:/opt/ros/jazzy DEBUGINFOD_URLS=https://debuginfod.ubuntu.com /usr/bin/cmake --build /home/trash/robot_ws/build/rf2o_laser_odometry -- -j4 -l4
[2.319s] [ 40%] Built target rf2o_laser_odometry
[2.344s] [100%] Built target rf2o_laser_odometry_node
[2.404s] Invoked command in '/home/trash/robot_ws/build/rf2o_laser_odometry' returned '0': CMAKE_PREFIX_PATH=${CMAKE_PREFIX_PATH}:/home/trash/robot_workspace/install/cylindrical_robot:/opt/ros/jazzy DEBUGINFOD_URLS=https://debuginfod.ubuntu.com /usr/bin/cmake --build /home/trash/robot_ws/build/rf2o_laser_odometry -- -j4 -l4
[2.409s] Invoking command in '/home/trash/robot_ws/build/rf2o_laser_odometry': CMAKE_PREFIX_PATH=${CMAKE_PREFIX_PATH}:/home/trash/robot_workspace/install/cylindrical_robot:/opt/ros/jazzy DEBUGINFOD_URLS=https://debuginfod.ubuntu.com /usr/bin/cmake --install /home/trash/robot_ws/build/rf2o_laser_odometry
[2.438s] -- Install configuration: ""
[2.442s] -- Execute custom install script
[2.442s] -- Up-to-date symlink: /home/trash/robot_ws/install/rf2o_laser_odometry/lib/rf2o_laser_odometry/rf2o_laser_odometry_node
[2.443s] -- Up-to-date symlink: /home/trash/robot_ws/install/rf2o_laser_odometry/share/rf2o_laser_odometry/launch/rf2o_laser_odometry.launch.py
[2.443s] -- Symlinking: /home/trash/robot_ws/install/rf2o_laser_odometry/share/rf2o_laser_odometry/launch/rf2o_launch.py
[2.480s] -- Up-to-date symlink: /home/trash/robot_ws/install/rf2o_laser_odometry/share/ament_index/resource_index/package_run_dependencies/rf2o_laser_odometry
[2.481s] -- Up-to-date symlink: /home/trash/robot_ws/install/rf2o_laser_odometry/share/ament_index/resource_index/parent_prefix_path/rf2o_laser_odometry
[2.481s] -- Up-to-date symlink: /home/trash/robot_ws/install/rf2o_laser_odometry/share/rf2o_laser_odometry/environment/ament_prefix_path.sh
[2.482s] -- Up-to-date symlink: /home/trash/robot_ws/install/rf2o_laser_odometry/share/rf2o_laser_odometry/environment/ament_prefix_path.dsv
[2.482s] -- Up-to-date symlink: /home/trash/robot_ws/install/rf2o_laser_odometry/share/rf2o_laser_odometry/environment/path.sh
[2.482s] -- Up-to-date symlink: /home/trash/robot_ws/install/rf2o_laser_odometry/share/rf2o_laser_odometry/environment/path.dsv
[2.482s] -- Up-to-date symlink: /home/trash/robot_ws/install/rf2o_laser_odometry/share/rf2o_laser_odometry/local_setup.bash
[2.484s] -- Up-to-date symlink: /home/trash/robot_ws/install/rf2o_laser_odometry/share/rf2o_laser_odometry/local_setup.sh
[2.484s] -- Up-to-date symlink: /home/trash/robot_ws/install/rf2o_laser_odometry/share/rf2o_laser_odometry/local_setup.zsh
[2.484s] -- Up-to-date symlink: /home/trash/robot_ws/install/rf2o_laser_odometry/share/rf2o_laser_odometry/local_setup.dsv
[2.484s] -- Symlinking: /home/trash/robot_ws/install/rf2o_laser_odometry/share/rf2o_laser_odometry/package.dsv
[2.510s] -- Up-to-date symlink: /home/trash/robot_ws/install/rf2o_laser_odometry/share/ament_index/resource_index/packages/rf2o_laser_odometry
[2.510s] -- Up-to-date symlink: /home/trash/robot_ws/install/rf2o_laser_odometry/share/rf2o_laser_odometry/cmake/rf2o_laser_odometryConfig.cmake
[2.510s] -- Up-to-date symlink: /home/trash/robot_ws/install/rf2o_laser_odometry/share/rf2o_laser_odometry/cmake/rf2o_laser_odometryConfig-version.cmake
[2.510s] -- Up-to-date symlink: /home/trash/robot_ws/install/rf2o_laser_odometry/share/rf2o_laser_odometry/package.xml
[2.538s] Invoked command in '/home/trash/robot_ws/build/rf2o_laser_odometry' returned '0': CMAKE_PREFIX_PATH=${CMAKE_PREFIX_PATH}:/home/trash/robot_workspace/install/cylindrical_robot:/opt/ros/jazzy DEBUGINFOD_URLS=https://debuginfod.ubuntu.com /usr/bin/cmake --install /home/trash/robot_ws/build/rf2o_laser_odometry
