[0.113s] Invoking command in '/home/trash/robot_ws/build/sllidar_ros2': CMAKE_PREFIX_PATH=${CMAKE_PREFIX_PATH}:/home/trash/robot_workspace/install/cylindrical_robot:/opt/ros/jazzy DEBUGINFOD_URLS=https://debuginfod.ubuntu.com /usr/bin/cmake --build /home/trash/robot_ws/build/sllidar_ros2 -- -j4 -l4
[0.819s] [ 10%] Built target sllidar_client
[0.836s] [100%] Built target sllidar_node
[0.881s] Invoked command in '/home/trash/robot_ws/build/sllidar_ros2' returned '0': CMAKE_PREFIX_PATH=${CMAKE_PREFIX_PATH}:/home/trash/robot_workspace/install/cylindrical_robot:/opt/ros/jazzy DEBUGINFOD_URLS=https://debuginfod.ubuntu.com /usr/bin/cmake --build /home/trash/robot_ws/build/sllidar_ros2 -- -j4 -l4
[0.888s] Invoking command in '/home/trash/robot_ws/build/sllidar_ros2': CMAKE_PREFIX_PATH=${CMAKE_PREFIX_PATH}:/home/trash/robot_workspace/install/cylindrical_robot:/opt/ros/jazzy DEBUGINFOD_URLS=https://debuginfod.ubuntu.com /usr/bin/cmake --install /home/trash/robot_ws/build/sllidar_ros2
[0.921s] -- Install configuration: ""
[0.922s] -- Execute custom install script
[0.926s] -- Up-to-date symlink: /home/trash/robot_ws/install/sllidar_ros2/share/sllidar_ros2/launch/sllidar_a1_launch.py
[0.927s] -- Up-to-date symlink: /home/trash/robot_ws/install/sllidar_ros2/share/sllidar_ros2/launch/sllidar_a2m12_launch .py
[0.928s] -- Up-to-date symlink: /home/trash/robot_ws/install/sllidar_ros2/share/sllidar_ros2/launch/sllidar_a2m7_launch.py
[0.929s] -- Up-to-date symlink: /home/trash/robot_ws/install/sllidar_ros2/share/sllidar_ros2/launch/sllidar_a2m8_launch.py
[0.930s] -- Up-to-date symlink: /home/trash/robot_ws/install/sllidar_ros2/share/sllidar_ros2/launch/sllidar_a3_launch.py
[0.931s] -- Up-to-date symlink: /home/trash/robot_ws/install/sllidar_ros2/share/sllidar_ros2/launch/sllidar_c1_launch.py
[0.932s] -- Up-to-date symlink: /home/trash/robot_ws/install/sllidar_ros2/share/sllidar_ros2/launch/sllidar_s1_launch.py
[0.933s] -- Up-to-date symlink: /home/trash/robot_ws/install/sllidar_ros2/share/sllidar_ros2/launch/sllidar_s1_tcp_launch.py
[0.933s] -- Up-to-date symlink: /home/trash/robot_ws/install/sllidar_ros2/share/sllidar_ros2/launch/sllidar_s2_launch.py
[0.933s] -- Up-to-date symlink: /home/trash/robot_ws/install/sllidar_ros2/share/sllidar_ros2/launch/sllidar_s2e_launch.py
[0.933s] -- Up-to-date symlink: /home/trash/robot_ws/install/sllidar_ros2/share/sllidar_ros2/launch/sllidar_s3_launch.py
[0.933s] -- Up-to-date symlink: /home/trash/robot_ws/install/sllidar_ros2/share/sllidar_ros2/launch/sllidar_t1_launch.py
[0.933s] -- Up-to-date symlink: /home/trash/robot_ws/install/sllidar_ros2/share/sllidar_ros2/launch/view_sllidar_a1_launch.py
[0.933s] -- Up-to-date symlink: /home/trash/robot_ws/install/sllidar_ros2/share/sllidar_ros2/launch/view_sllidar_a2m12_launch.py
[0.933s] -- Up-to-date symlink: /home/trash/robot_ws/install/sllidar_ros2/share/sllidar_ros2/launch/view_sllidar_a2m7_launch.py
[0.933s] -- Up-to-date symlink: /home/trash/robot_ws/install/sllidar_ros2/share/sllidar_ros2/launch/view_sllidar_a2m8_launch.py
[0.934s] -- Up-to-date symlink: /home/trash/robot_ws/install/sllidar_ros2/share/sllidar_ros2/launch/view_sllidar_a3_launch.py
[0.934s] -- Up-to-date symlink: /home/trash/robot_ws/install/sllidar_ros2/share/sllidar_ros2/launch/view_sllidar_c1_launch.py
[0.934s] -- Up-to-date symlink: /home/trash/robot_ws/install/sllidar_ros2/share/sllidar_ros2/launch/view_sllidar_s1_launch.py
[0.934s] -- Up-to-date symlink: /home/trash/robot_ws/install/sllidar_ros2/share/sllidar_ros2/launch/view_sllidar_s1_tcp_launch.py
[0.934s] -- Up-to-date symlink: /home/trash/robot_ws/install/sllidar_ros2/share/sllidar_ros2/launch/view_sllidar_s2_launch.py
[0.934s] -- Up-to-date symlink: /home/trash/robot_ws/install/sllidar_ros2/share/sllidar_ros2/launch/view_sllidar_s2e_launch.py
[0.934s] -- Up-to-date symlink: /home/trash/robot_ws/install/sllidar_ros2/share/sllidar_ros2/launch/view_sllidar_s3_launch.py
[0.934s] -- Up-to-date symlink: /home/trash/robot_ws/install/sllidar_ros2/share/sllidar_ros2/launch/view_sllidar_t1_launch.py
[0.935s] -- Up-to-date symlink: /home/trash/robot_ws/install/sllidar_ros2/share/sllidar_ros2/rviz/sllidar_ros2.rviz
[0.935s] -- Up-to-date symlink: /home/trash/robot_ws/install/sllidar_ros2/lib/sllidar_ros2/sllidar_node
[0.935s] -- Up-to-date symlink: /home/trash/robot_ws/install/sllidar_ros2/lib/sllidar_ros2/sllidar_client
[0.935s] -- Up-to-date symlink: /home/trash/robot_ws/install/sllidar_ros2/share/ament_index/resource_index/package_run_dependencies/sllidar_ros2
[0.935s] -- Up-to-date symlink: /home/trash/robot_ws/install/sllidar_ros2/share/ament_index/resource_index/parent_prefix_path/sllidar_ros2
[0.935s] -- Up-to-date symlink: /home/trash/robot_ws/install/sllidar_ros2/share/sllidar_ros2/environment/ament_prefix_path.sh
[0.935s] -- Up-to-date symlink: /home/trash/robot_ws/install/sllidar_ros2/share/sllidar_ros2/environment/ament_prefix_path.dsv
[0.936s] -- Up-to-date symlink: /home/trash/robot_ws/install/sllidar_ros2/share/sllidar_ros2/environment/path.sh
[0.936s] -- Up-to-date symlink: /home/trash/robot_ws/install/sllidar_ros2/share/sllidar_ros2/environment/path.dsv
[0.936s] -- Up-to-date symlink: /home/trash/robot_ws/install/sllidar_ros2/share/sllidar_ros2/local_setup.bash
[0.936s] -- Up-to-date symlink: /home/trash/robot_ws/install/sllidar_ros2/share/sllidar_ros2/local_setup.sh
[0.936s] -- Up-to-date symlink: /home/trash/robot_ws/install/sllidar_ros2/share/sllidar_ros2/local_setup.zsh
[0.937s] -- Up-to-date symlink: /home/trash/robot_ws/install/sllidar_ros2/share/sllidar_ros2/local_setup.dsv
[0.937s] -- Symlinking: /home/trash/robot_ws/install/sllidar_ros2/share/sllidar_ros2/package.dsv
[0.964s] -- Up-to-date symlink: /home/trash/robot_ws/install/sllidar_ros2/share/ament_index/resource_index/packages/sllidar_ros2
[0.965s] -- Up-to-date symlink: /home/trash/robot_ws/install/sllidar_ros2/share/sllidar_ros2/cmake/ament_cmake_export_dependencies-extras.cmake
[0.965s] -- Up-to-date symlink: /home/trash/robot_ws/install/sllidar_ros2/share/sllidar_ros2/cmake/ament_cmake_export_include_directories-extras.cmake
[0.966s] -- Up-to-date symlink: /home/trash/robot_ws/install/sllidar_ros2/share/sllidar_ros2/cmake/sllidar_ros2Config.cmake
[0.966s] -- Up-to-date symlink: /home/trash/robot_ws/install/sllidar_ros2/share/sllidar_ros2/cmake/sllidar_ros2Config-version.cmake
[0.967s] -- Up-to-date symlink: /home/trash/robot_ws/install/sllidar_ros2/share/sllidar_ros2/package.xml
[1.040s] Invoked command in '/home/trash/robot_ws/build/sllidar_ros2' returned '0': CMAKE_PREFIX_PATH=${CMAKE_PREFIX_PATH}:/home/trash/robot_workspace/install/cylindrical_robot:/opt/ros/jazzy DEBUGINFOD_URLS=https://debuginfod.ubuntu.com /usr/bin/cmake --install /home/trash/robot_ws/build/sllidar_ros2
