[0.091s] Invoking command in '/home/trash/robot_ws/build/rf2o_laser_odometry': CMAKE_PREFIX_PATH=${CMAKE_PREFIX_PATH}:/home/trash/robot_workspace/install/cylindrical_robot:/opt/ros/jazzy DEBUGINFOD_URLS=https://debuginfod.ubuntu.com /usr/bin/cmake /home/trash/robot_ws/src/rf2o_laser_odometry -DAMENT_CMAKE_SYMLINK_INSTALL=1 -DCMAKE_INSTALL_PREFIX=/home/trash/robot_ws/install/rf2o_laser_odometry
[1.077s] -- The C compiler identification is GNU 13.3.0
[1.582s] -- The CXX compiler identification is GNU 13.3.0
[1.631s] -- Detecting C compiler ABI info
[1.844s] -- Detecting C compiler ABI info - done
[1.860s] -- Check for working C compiler: /usr/bin/cc - skipped
[1.861s] -- Detecting C compile features
[1.862s] -- Detecting C compile features - done
[1.879s] -- Detecting CXX compiler ABI info
[2.096s] -- Detecting CXX compiler ABI info - done
[2.115s] -- Check for working CXX compiler: /usr/bin/c++ - skipped
[2.115s] -- Detecting CXX compile features
[2.117s] -- Detecting CXX compile features - done
[2.137s] -- Found ament_cmake: 2.5.4 (/opt/ros/jazzy/share/ament_cmake/cmake)
[2.458s] -- Found Python3: /usr/bin/python3 (found version "3.12.3") found components: Interpreter 
[2.617s] -- Override CMake install command with custom implementation using symlinks instead of copying resources
[2.759s] -- Found rclcpp: 28.1.13 (/opt/ros/jazzy/share/rclcpp/cmake)
[2.922s] -- Found rosidl_generator_c: 4.6.6 (/opt/ros/jazzy/share/rosidl_generator_c/cmake)
[2.966s] -- Found rosidl_generator_cpp: 4.6.6 (/opt/ros/jazzy/share/rosidl_generator_cpp/cmake)
[3.018s] -- Using all available rosidl_typesupport_c: rosidl_typesupport_fastrtps_c;rosidl_typesupport_introspection_c
[3.075s] -- Using all available rosidl_typesupport_cpp: rosidl_typesupport_fastrtps_cpp;rosidl_typesupport_introspection_cpp
[3.292s] -- Found rmw_implementation_cmake: 7.3.2 (/opt/ros/jazzy/share/rmw_implementation_cmake/cmake)
[3.303s] -- Found rmw_fastrtps_cpp: 8.4.3 (/opt/ros/jazzy/share/rmw_fastrtps_cpp/cmake)
[3.572s] -- Found OpenSSL: /usr/lib/aarch64-linux-gnu/libcrypto.so (found version "3.0.13")  
[3.606s] -- Found FastRTPS: /opt/ros/jazzy/include (Required is at least version "2.13") 
[3.658s] -- Using RMW implementation 'rmw_fastrtps_cpp' as default
[3.851s] -- Found std_msgs: 5.3.6 (/opt/ros/jazzy/share/std_msgs/cmake)
[3.887s] -- Found geometry_msgs: 5.3.6 (/opt/ros/jazzy/share/geometry_msgs/cmake)
[3.931s] -- Found tf2_geometry_msgs: 0.36.16 (/opt/ros/jazzy/share/tf2_geometry_msgs/cmake)
[3.989s] -- Found eigen3_cmake_module: 0.3.0 (/opt/ros/jazzy/share/eigen3_cmake_module/cmake)
[3.992s] -- Found Eigen3: TRUE (found version "3.4.0") 
[3.992s] -- Ensuring Eigen3 include directory is part of orocos-kdl CMake target
[4.606s] -- Found sensor_msgs: 5.3.6 (/opt/ros/jazzy/share/sensor_msgs/cmake)
[4.664s] -- Found nav_msgs: 5.3.6 (/opt/ros/jazzy/share/nav_msgs/cmake)
[4.753s] -- Found Boost: /usr/lib/aarch64-linux-gnu/cmake/Boost-1.83.0/BoostConfig.cmake (found version "1.83.0")  
[4.969s] -- Configuring done (4.7s)
[5.004s] -- Generating done (0.0s)
[5.012s] -- Build files have been written to: /home/trash/robot_ws/build/rf2o_laser_odometry
[5.056s] Invoked command in '/home/trash/robot_ws/build/rf2o_laser_odometry' returned '0': CMAKE_PREFIX_PATH=${CMAKE_PREFIX_PATH}:/home/trash/robot_workspace/install/cylindrical_robot:/opt/ros/jazzy DEBUGINFOD_URLS=https://debuginfod.ubuntu.com /usr/bin/cmake /home/trash/robot_ws/src/rf2o_laser_odometry -DAMENT_CMAKE_SYMLINK_INSTALL=1 -DCMAKE_INSTALL_PREFIX=/home/trash/robot_ws/install/rf2o_laser_odometry
[5.059s] Invoking command in '/home/trash/robot_ws/build/rf2o_laser_odometry': CMAKE_PREFIX_PATH=${CMAKE_PREFIX_PATH}:/home/trash/robot_workspace/install/cylindrical_robot:/opt/ros/jazzy DEBUGINFOD_URLS=https://debuginfod.ubuntu.com /usr/bin/cmake --build /home/trash/robot_ws/build/rf2o_laser_odometry -- -j4 -l4
[5.188s] [ 40%] [32mBuilding CXX object CMakeFiles/rf2o_laser_odometry_node.dir/src/CLaserOdometry2DNode.cpp.o[0m
[5.188s] [ 40%] [32mBuilding CXX object CMakeFiles/rf2o_laser_odometry.dir/src/CLaserOdometry2D.cpp.o[0m
[5.194s] [ 60%] [32mBuilding CXX object CMakeFiles/rf2o_laser_odometry_node.dir/src/CLaserOdometry2D.cpp.o[0m
[53.341s] [ 80%] [32m[1mLinking CXX executable rf2o_laser_odometry_node[0m
[54.099s] [100%] [32m[1mLinking CXX static library librf2o_laser_odometry.a[0m
[56.427s] [100%] Built target rf2o_laser_odometry
[58.999s] [100%] Built target rf2o_laser_odometry_node
[59.034s] Invoked command in '/home/trash/robot_ws/build/rf2o_laser_odometry' returned '0': CMAKE_PREFIX_PATH=${CMAKE_PREFIX_PATH}:/home/trash/robot_workspace/install/cylindrical_robot:/opt/ros/jazzy DEBUGINFOD_URLS=https://debuginfod.ubuntu.com /usr/bin/cmake --build /home/trash/robot_ws/build/rf2o_laser_odometry -- -j4 -l4
[59.038s] Invoking command in '/home/trash/robot_ws/build/rf2o_laser_odometry': CMAKE_PREFIX_PATH=${CMAKE_PREFIX_PATH}:/home/trash/robot_workspace/install/cylindrical_robot:/opt/ros/jazzy DEBUGINFOD_URLS=https://debuginfod.ubuntu.com /usr/bin/cmake --install /home/trash/robot_ws/build/rf2o_laser_odometry
[59.054s] -- Install configuration: ""
[59.055s] -- Execute custom install script
[59.055s] -- Symlinking: /home/trash/robot_ws/install/rf2o_laser_odometry/lib/rf2o_laser_odometry/rf2o_laser_odometry_node
[59.075s] -- Symlinking: /home/trash/robot_ws/install/rf2o_laser_odometry/share/rf2o_laser_odometry/launch/rf2o_laser_odometry.launch.py
[59.094s] -- Symlinking: /home/trash/robot_ws/install/rf2o_laser_odometry/share/ament_index/resource_index/package_run_dependencies/rf2o_laser_odometry
[59.123s] -- Symlinking: /home/trash/robot_ws/install/rf2o_laser_odometry/share/ament_index/resource_index/parent_prefix_path/rf2o_laser_odometry
[59.147s] -- Symlinking: /home/trash/robot_ws/install/rf2o_laser_odometry/share/rf2o_laser_odometry/environment/ament_prefix_path.sh
[59.165s] -- Symlinking: /home/trash/robot_ws/install/rf2o_laser_odometry/share/rf2o_laser_odometry/environment/ament_prefix_path.dsv
[59.183s] -- Symlinking: /home/trash/robot_ws/install/rf2o_laser_odometry/share/rf2o_laser_odometry/environment/path.sh
[59.206s] -- Symlinking: /home/trash/robot_ws/install/rf2o_laser_odometry/share/rf2o_laser_odometry/environment/path.dsv
[59.231s] -- Symlinking: /home/trash/robot_ws/install/rf2o_laser_odometry/share/rf2o_laser_odometry/local_setup.bash
[59.252s] -- Symlinking: /home/trash/robot_ws/install/rf2o_laser_odometry/share/rf2o_laser_odometry/local_setup.sh
[59.271s] -- Symlinking: /home/trash/robot_ws/install/rf2o_laser_odometry/share/rf2o_laser_odometry/local_setup.zsh
[59.289s] -- Symlinking: /home/trash/robot_ws/install/rf2o_laser_odometry/share/rf2o_laser_odometry/local_setup.dsv
[59.317s] -- Symlinking: /home/trash/robot_ws/install/rf2o_laser_odometry/share/rf2o_laser_odometry/package.dsv
[59.342s] -- Symlinking: /home/trash/robot_ws/install/rf2o_laser_odometry/share/ament_index/resource_index/packages/rf2o_laser_odometry
[59.361s] -- Symlinking: /home/trash/robot_ws/install/rf2o_laser_odometry/share/rf2o_laser_odometry/cmake/rf2o_laser_odometryConfig.cmake
[59.380s] -- Symlinking: /home/trash/robot_ws/install/rf2o_laser_odometry/share/rf2o_laser_odometry/cmake/rf2o_laser_odometryConfig-version.cmake
[59.399s] -- Symlinking: /home/trash/robot_ws/install/rf2o_laser_odometry/share/rf2o_laser_odometry/package.xml
[59.431s] Invoked command in '/home/trash/robot_ws/build/rf2o_laser_odometry' returned '0': CMAKE_PREFIX_PATH=${CMAKE_PREFIX_PATH}:/home/trash/robot_workspace/install/cylindrical_robot:/opt/ros/jazzy DEBUGINFOD_URLS=https://debuginfod.ubuntu.com /usr/bin/cmake --install /home/trash/robot_ws/build/rf2o_laser_odometry
