[0.390s] DEBUG:colcon:Command line arguments: ['/usr/bin/colcon', 'build', '--symlink-install']
[0.390s] DEBUG:colcon:Parsed command line arguments: Namespace(log_base=None, log_level=None, verb_name='build', build_base='build', install_base='install', merge_install=False, symlink_install=True, test_result_base=None, continue_on_error=False, executor='parallel', parallel_workers=4, event_handlers=None, ignore_user_meta=False, metas=['./colcon.meta'], base_paths=['.'], packages_ignore=None, packages_ignore_regex=None, paths=None, packages_up_to=None, packages_up_to_regex=None, packages_above=None, packages_above_and_dependencies=None, packages_above_depth=None, packages_select_by_dep=None, packages_skip_by_dep=None, packages_skip_up_to=None, packages_select_build_failed=False, packages_skip_build_finished=False, packages_select_test_failures=False, packages_skip_test_passed=False, packages_select=None, packages_skip=None, packages_select_regex=None, packages_skip_regex=None, packages_start=None, packages_end=None, allow_overriding=[], cmake_args=None, cmake_target=None, cmake_target_skip_unavailable=False, cmake_clean_cache=False, cmake_clean_first=False, cmake_force_configure=False, ament_cmake_args=None, catkin_cmake_args=None, catkin_skip_building_tests=False, verb_parser=<colcon_defaults.argument_parser.defaults.DefaultArgumentsDecorator object at 0xffffa0a3c590>, verb_extension=<colcon_core.verb.build.BuildVerb object at 0xffffa0bdd040>, main=<bound method BuildVerb.main of <colcon_core.verb.build.BuildVerb object at 0xffffa0bdd040>>)
[0.566s] Level 1:colcon.colcon_core.package_discovery:discover_packages(colcon_meta) check parameters
[0.566s] Level 1:colcon.colcon_core.package_discovery:discover_packages(recursive) check parameters
[0.566s] Level 1:colcon.colcon_core.package_discovery:discover_packages(ignore) check parameters
[0.566s] Level 1:colcon.colcon_core.package_discovery:discover_packages(path) check parameters
[0.566s] Level 1:colcon.colcon_core.package_discovery:discover_packages(colcon_meta) discover
[0.567s] Level 1:colcon.colcon_core.package_discovery:discover_packages(recursive) discover
[0.567s] INFO:colcon.colcon_core.package_discovery:Crawling recursively for packages in '/home/trash/robot_ws'
[0.567s] Level 1:colcon.colcon_core.package_identification:_identify(.) by extensions ['ignore', 'ignore_ament_install']
[0.567s] Level 1:colcon.colcon_core.package_identification:_identify(.) by extension 'ignore'
[0.567s] Level 1:colcon.colcon_core.package_identification:_identify(.) by extension 'ignore_ament_install'
[0.567s] Level 1:colcon.colcon_core.package_identification:_identify(.) by extensions ['colcon_pkg']
[0.567s] Level 1:colcon.colcon_core.package_identification:_identify(.) by extension 'colcon_pkg'
[0.567s] Level 1:colcon.colcon_core.package_identification:_identify(.) by extensions ['colcon_meta']
[0.567s] Level 1:colcon.colcon_core.package_identification:_identify(.) by extension 'colcon_meta'
[0.567s] Level 1:colcon.colcon_core.package_identification:_identify(.) by extensions ['ros']
[0.567s] Level 1:colcon.colcon_core.package_identification:_identify(.) by extension 'ros'
[0.605s] Level 1:colcon.colcon_core.package_identification:_identify(.) by extensions ['cmake', 'python']
[0.605s] Level 1:colcon.colcon_core.package_identification:_identify(.) by extension 'cmake'
[0.605s] Level 1:colcon.colcon_core.package_identification:_identify(.) by extension 'python'
[0.605s] Level 1:colcon.colcon_core.package_identification:_identify(.) by extensions ['python_setup_py']
[0.605s] Level 1:colcon.colcon_core.package_identification:_identify(.) by extension 'python_setup_py'
[0.605s] Level 1:colcon.colcon_core.package_identification:_identify(build) by extensions ['ignore', 'ignore_ament_install']
[0.605s] Level 1:colcon.colcon_core.package_identification:_identify(build) by extension 'ignore'
[0.605s] Level 1:colcon.colcon_core.package_identification:_identify(build) ignored
[0.605s] Level 1:colcon.colcon_core.package_identification:_identify(install) by extensions ['ignore', 'ignore_ament_install']
[0.605s] Level 1:colcon.colcon_core.package_identification:_identify(install) by extension 'ignore'
[0.605s] Level 1:colcon.colcon_core.package_identification:_identify(install) ignored
[0.606s] Level 1:colcon.colcon_core.package_identification:_identify(log) by extensions ['ignore', 'ignore_ament_install']
[0.606s] Level 1:colcon.colcon_core.package_identification:_identify(log) by extension 'ignore'
[0.606s] Level 1:colcon.colcon_core.package_identification:_identify(log) ignored
[0.606s] Level 1:colcon.colcon_core.package_identification:_identify(src) by extensions ['ignore', 'ignore_ament_install']
[0.606s] Level 1:colcon.colcon_core.package_identification:_identify(src) by extension 'ignore'
[0.606s] Level 1:colcon.colcon_core.package_identification:_identify(src) by extension 'ignore_ament_install'
[0.606s] Level 1:colcon.colcon_core.package_identification:_identify(src) by extensions ['colcon_pkg']
[0.606s] Level 1:colcon.colcon_core.package_identification:_identify(src) by extension 'colcon_pkg'
[0.606s] Level 1:colcon.colcon_core.package_identification:_identify(src) by extensions ['colcon_meta']
[0.606s] Level 1:colcon.colcon_core.package_identification:_identify(src) by extension 'colcon_meta'
[0.606s] Level 1:colcon.colcon_core.package_identification:_identify(src) by extensions ['ros']
[0.606s] Level 1:colcon.colcon_core.package_identification:_identify(src) by extension 'ros'
[0.606s] Level 1:colcon.colcon_core.package_identification:_identify(src) by extensions ['cmake', 'python']
[0.606s] Level 1:colcon.colcon_core.package_identification:_identify(src) by extension 'cmake'
[0.606s] Level 1:colcon.colcon_core.package_identification:_identify(src) by extension 'python'
[0.606s] Level 1:colcon.colcon_core.package_identification:_identify(src) by extensions ['python_setup_py']
[0.606s] Level 1:colcon.colcon_core.package_identification:_identify(src) by extension 'python_setup_py'
[0.607s] Level 1:colcon.colcon_core.package_identification:_identify(src/rf2o_laser_odometry) by extensions ['ignore', 'ignore_ament_install']
[0.607s] Level 1:colcon.colcon_core.package_identification:_identify(src/rf2o_laser_odometry) by extension 'ignore'
[0.607s] Level 1:colcon.colcon_core.package_identification:_identify(src/rf2o_laser_odometry) by extension 'ignore_ament_install'
[0.607s] Level 1:colcon.colcon_core.package_identification:_identify(src/rf2o_laser_odometry) by extensions ['colcon_pkg']
[0.607s] Level 1:colcon.colcon_core.package_identification:_identify(src/rf2o_laser_odometry) by extension 'colcon_pkg'
[0.607s] Level 1:colcon.colcon_core.package_identification:_identify(src/rf2o_laser_odometry) by extensions ['colcon_meta']
[0.607s] Level 1:colcon.colcon_core.package_identification:_identify(src/rf2o_laser_odometry) by extension 'colcon_meta'
[0.607s] Level 1:colcon.colcon_core.package_identification:_identify(src/rf2o_laser_odometry) by extensions ['ros']
[0.607s] Level 1:colcon.colcon_core.package_identification:_identify(src/rf2o_laser_odometry) by extension 'ros'
[0.611s] DEBUG:colcon.colcon_core.package_identification:Package 'src/rf2o_laser_odometry' with type 'ros.ament_cmake' and name 'rf2o_laser_odometry'
[0.611s] Level 1:colcon.colcon_core.package_identification:_identify(src/robot_core) by extensions ['ignore', 'ignore_ament_install']
[0.611s] Level 1:colcon.colcon_core.package_identification:_identify(src/robot_core) by extension 'ignore'
[0.611s] Level 1:colcon.colcon_core.package_identification:_identify(src/robot_core) by extension 'ignore_ament_install'
[0.611s] Level 1:colcon.colcon_core.package_identification:_identify(src/robot_core) by extensions ['colcon_pkg']
[0.611s] Level 1:colcon.colcon_core.package_identification:_identify(src/robot_core) by extension 'colcon_pkg'
[0.611s] Level 1:colcon.colcon_core.package_identification:_identify(src/robot_core) by extensions ['colcon_meta']
[0.611s] Level 1:colcon.colcon_core.package_identification:_identify(src/robot_core) by extension 'colcon_meta'
[0.611s] Level 1:colcon.colcon_core.package_identification:_identify(src/robot_core) by extensions ['ros']
[0.611s] Level 1:colcon.colcon_core.package_identification:_identify(src/robot_core) by extension 'ros'
[0.612s] DEBUG:colcon.colcon_core.package_identification:Package 'src/robot_core' with type 'ros.ament_cmake' and name 'robot_core'
[0.612s] Level 1:colcon.colcon_core.package_identification:_identify(src/sllidar_ros2) by extensions ['ignore', 'ignore_ament_install']
[0.612s] Level 1:colcon.colcon_core.package_identification:_identify(src/sllidar_ros2) by extension 'ignore'
[0.612s] Level 1:colcon.colcon_core.package_identification:_identify(src/sllidar_ros2) by extension 'ignore_ament_install'
[0.612s] Level 1:colcon.colcon_core.package_identification:_identify(src/sllidar_ros2) by extensions ['colcon_pkg']
[0.612s] Level 1:colcon.colcon_core.package_identification:_identify(src/sllidar_ros2) by extension 'colcon_pkg'
[0.613s] Level 1:colcon.colcon_core.package_identification:_identify(src/sllidar_ros2) by extensions ['colcon_meta']
[0.613s] Level 1:colcon.colcon_core.package_identification:_identify(src/sllidar_ros2) by extension 'colcon_meta'
[0.613s] Level 1:colcon.colcon_core.package_identification:_identify(src/sllidar_ros2) by extensions ['ros']
[0.613s] Level 1:colcon.colcon_core.package_identification:_identify(src/sllidar_ros2) by extension 'ros'
[0.613s] DEBUG:colcon.colcon_core.package_identification:Package 'src/sllidar_ros2' with type 'ros.ament_cmake' and name 'sllidar_ros2'
[0.613s] Level 1:colcon.colcon_core.package_discovery:discover_packages(recursive) using defaults
[0.614s] Level 1:colcon.colcon_core.package_discovery:discover_packages(ignore) discover
[0.614s] Level 1:colcon.colcon_core.package_discovery:discover_packages(ignore) using defaults
[0.614s] Level 1:colcon.colcon_core.package_discovery:discover_packages(path) discover
[0.614s] Level 1:colcon.colcon_core.package_discovery:discover_packages(path) using defaults
[0.656s] Level 1:colcon.colcon_core.package_discovery:discover_packages(prefix_path) check parameters
[0.656s] Level 1:colcon.colcon_core.package_discovery:discover_packages(prefix_path) discover
[0.664s] DEBUG:colcon.colcon_installed_package_information.package_discovery:Found 1 installed packages in /home/trash/trash_bot_ws/install
[0.665s] DEBUG:colcon.colcon_installed_package_information.package_discovery:Found 1 installed packages in /home/trash/trash_bot_ws/src/trash_bot/install
[0.666s] DEBUG:colcon.colcon_installed_package_information.package_discovery:Found 1 installed packages in /home/trash/robot_workspace/install
[0.669s] DEBUG:colcon.colcon_installed_package_information.package_discovery:Found 380 installed packages in /opt/ros/jazzy
[0.672s] Level 1:colcon.colcon_core.package_discovery:discover_packages(prefix_path) using defaults
[0.753s] Level 5:colcon.colcon_core.verb:set package 'rf2o_laser_odometry' build argument 'cmake_args' from command line to 'None'
[0.753s] Level 5:colcon.colcon_core.verb:set package 'rf2o_laser_odometry' build argument 'cmake_target' from command line to 'None'
[0.754s] Level 5:colcon.colcon_core.verb:set package 'rf2o_laser_odometry' build argument 'cmake_target_skip_unavailable' from command line to 'False'
[0.754s] Level 5:colcon.colcon_core.verb:set package 'rf2o_laser_odometry' build argument 'cmake_clean_cache' from command line to 'False'
[0.754s] Level 5:colcon.colcon_core.verb:set package 'rf2o_laser_odometry' build argument 'cmake_clean_first' from command line to 'False'
[0.754s] Level 5:colcon.colcon_core.verb:set package 'rf2o_laser_odometry' build argument 'cmake_force_configure' from command line to 'False'
[0.754s] Level 5:colcon.colcon_core.verb:set package 'rf2o_laser_odometry' build argument 'ament_cmake_args' from command line to 'None'
[0.754s] Level 5:colcon.colcon_core.verb:set package 'rf2o_laser_odometry' build argument 'catkin_cmake_args' from command line to 'None'
[0.754s] Level 5:colcon.colcon_core.verb:set package 'rf2o_laser_odometry' build argument 'catkin_skip_building_tests' from command line to 'False'
[0.754s] DEBUG:colcon.colcon_core.verb:Building package 'rf2o_laser_odometry' with the following arguments: {'ament_cmake_args': None, 'build_base': '/home/trash/robot_ws/build/rf2o_laser_odometry', 'catkin_cmake_args': None, 'catkin_skip_building_tests': False, 'cmake_args': None, 'cmake_clean_cache': False, 'cmake_clean_first': False, 'cmake_force_configure': False, 'cmake_target': None, 'cmake_target_skip_unavailable': False, 'install_base': '/home/trash/robot_ws/install/rf2o_laser_odometry', 'merge_install': False, 'path': '/home/trash/robot_ws/src/rf2o_laser_odometry', 'symlink_install': True, 'test_result_base': None}
[0.754s] Level 5:colcon.colcon_core.verb:set package 'robot_core' build argument 'cmake_args' from command line to 'None'
[0.754s] Level 5:colcon.colcon_core.verb:set package 'robot_core' build argument 'cmake_target' from command line to 'None'
[0.754s] Level 5:colcon.colcon_core.verb:set package 'robot_core' build argument 'cmake_target_skip_unavailable' from command line to 'False'
[0.754s] Level 5:colcon.colcon_core.verb:set package 'robot_core' build argument 'cmake_clean_cache' from command line to 'False'
[0.754s] Level 5:colcon.colcon_core.verb:set package 'robot_core' build argument 'cmake_clean_first' from command line to 'False'
[0.754s] Level 5:colcon.colcon_core.verb:set package 'robot_core' build argument 'cmake_force_configure' from command line to 'False'
[0.754s] Level 5:colcon.colcon_core.verb:set package 'robot_core' build argument 'ament_cmake_args' from command line to 'None'
[0.754s] Level 5:colcon.colcon_core.verb:set package 'robot_core' build argument 'catkin_cmake_args' from command line to 'None'
[0.754s] Level 5:colcon.colcon_core.verb:set package 'robot_core' build argument 'catkin_skip_building_tests' from command line to 'False'
[0.754s] DEBUG:colcon.colcon_core.verb:Building package 'robot_core' with the following arguments: {'ament_cmake_args': None, 'build_base': '/home/trash/robot_ws/build/robot_core', 'catkin_cmake_args': None, 'catkin_skip_building_tests': False, 'cmake_args': None, 'cmake_clean_cache': False, 'cmake_clean_first': False, 'cmake_force_configure': False, 'cmake_target': None, 'cmake_target_skip_unavailable': False, 'install_base': '/home/trash/robot_ws/install/robot_core', 'merge_install': False, 'path': '/home/trash/robot_ws/src/robot_core', 'symlink_install': True, 'test_result_base': None}
[0.755s] Level 5:colcon.colcon_core.verb:set package 'sllidar_ros2' build argument 'cmake_args' from command line to 'None'
[0.755s] Level 5:colcon.colcon_core.verb:set package 'sllidar_ros2' build argument 'cmake_target' from command line to 'None'
[0.755s] Level 5:colcon.colcon_core.verb:set package 'sllidar_ros2' build argument 'cmake_target_skip_unavailable' from command line to 'False'
[0.755s] Level 5:colcon.colcon_core.verb:set package 'sllidar_ros2' build argument 'cmake_clean_cache' from command line to 'False'
[0.755s] Level 5:colcon.colcon_core.verb:set package 'sllidar_ros2' build argument 'cmake_clean_first' from command line to 'False'
[0.755s] Level 5:colcon.colcon_core.verb:set package 'sllidar_ros2' build argument 'cmake_force_configure' from command line to 'False'
[0.755s] Level 5:colcon.colcon_core.verb:set package 'sllidar_ros2' build argument 'ament_cmake_args' from command line to 'None'
[0.755s] Level 5:colcon.colcon_core.verb:set package 'sllidar_ros2' build argument 'catkin_cmake_args' from command line to 'None'
[0.755s] Level 5:colcon.colcon_core.verb:set package 'sllidar_ros2' build argument 'catkin_skip_building_tests' from command line to 'False'
[0.755s] DEBUG:colcon.colcon_core.verb:Building package 'sllidar_ros2' with the following arguments: {'ament_cmake_args': None, 'build_base': '/home/trash/robot_ws/build/sllidar_ros2', 'catkin_cmake_args': None, 'catkin_skip_building_tests': False, 'cmake_args': None, 'cmake_clean_cache': False, 'cmake_clean_first': False, 'cmake_force_configure': False, 'cmake_target': None, 'cmake_target_skip_unavailable': False, 'install_base': '/home/trash/robot_ws/install/sllidar_ros2', 'merge_install': False, 'path': '/home/trash/robot_ws/src/sllidar_ros2', 'symlink_install': True, 'test_result_base': None}
[0.755s] INFO:colcon.colcon_core.executor:Executing jobs using 'parallel' executor
[0.757s] DEBUG:colcon.colcon_parallel_executor.executor.parallel:run_until_complete
[0.758s] INFO:colcon.colcon_ros.task.ament_cmake.build:Building ROS package in '/home/trash/robot_ws/src/rf2o_laser_odometry' with build type 'ament_cmake'
[0.759s] INFO:colcon.colcon_cmake.task.cmake.build:Building CMake package in '/home/trash/robot_ws/src/rf2o_laser_odometry'
[0.786s] INFO:colcon.colcon_core.plugin_system:Skipping extension 'colcon_core.shell.bat': Not used on non-Windows systems
[0.787s] INFO:colcon.colcon_core.shell:Skip shell extension 'powershell' for command environment: Not usable outside of PowerShell
[0.787s] DEBUG:colcon.colcon_core.shell:Skip shell extension 'dsv' for command environment
[0.797s] INFO:colcon.colcon_ros.task.ament_cmake.build:Building ROS package in '/home/trash/robot_ws/src/robot_core' with build type 'ament_cmake'
[0.797s] INFO:colcon.colcon_cmake.task.cmake.build:Building CMake package in '/home/trash/robot_ws/src/robot_core'
[0.797s] INFO:colcon.colcon_core.shell:Skip shell extension 'powershell' for command environment: Not usable outside of PowerShell
[0.798s] DEBUG:colcon.colcon_core.shell:Skip shell extension 'dsv' for command environment
[0.808s] INFO:colcon.colcon_ros.task.ament_cmake.build:Building ROS package in '/home/trash/robot_ws/src/sllidar_ros2' with build type 'ament_cmake'
[0.808s] INFO:colcon.colcon_cmake.task.cmake.build:Building CMake package in '/home/trash/robot_ws/src/sllidar_ros2'
[0.809s] INFO:colcon.colcon_core.shell:Skip shell extension 'powershell' for command environment: Not usable outside of PowerShell
[0.812s] DEBUG:colcon.colcon_core.shell:Skip shell extension 'dsv' for command environment
[0.849s] DEBUG:colcon.colcon_core.event_handler.log_command:Invoking command in '/home/trash/robot_ws/build/rf2o_laser_odometry': CMAKE_PREFIX_PATH=${CMAKE_PREFIX_PATH}:/home/trash/robot_workspace/install/cylindrical_robot:/opt/ros/jazzy DEBUGINFOD_URLS=https://debuginfod.ubuntu.com /usr/bin/cmake /home/trash/robot_ws/src/rf2o_laser_odometry -DAMENT_CMAKE_SYMLINK_INSTALL=1 -DCMAKE_INSTALL_PREFIX=/home/trash/robot_ws/install/rf2o_laser_odometry
[0.881s] DEBUG:colcon.colcon_core.event_handler.log_command:Invoking command in '/home/trash/robot_ws/build/robot_core': CMAKE_PREFIX_PATH=${CMAKE_PREFIX_PATH}:/home/trash/robot_workspace/install/cylindrical_robot:/opt/ros/jazzy DEBUGINFOD_URLS=https://debuginfod.ubuntu.com /usr/bin/cmake --build /home/trash/robot_ws/build/robot_core -- -j4 -l4
[0.924s] DEBUG:colcon.colcon_core.event_handler.log_command:Invoking command in '/home/trash/robot_ws/build/sllidar_ros2': CMAKE_PREFIX_PATH=${CMAKE_PREFIX_PATH}:/home/trash/robot_workspace/install/cylindrical_robot:/opt/ros/jazzy DEBUGINFOD_URLS=https://debuginfod.ubuntu.com /usr/bin/cmake --build /home/trash/robot_ws/build/sllidar_ros2 -- -j4 -l4
[1.652s] DEBUG:colcon.colcon_core.event_handler.log_command:Invoked command in '/home/trash/robot_ws/build/robot_core' returned '0': CMAKE_PREFIX_PATH=${CMAKE_PREFIX_PATH}:/home/trash/robot_workspace/install/cylindrical_robot:/opt/ros/jazzy DEBUGINFOD_URLS=https://debuginfod.ubuntu.com /usr/bin/cmake --build /home/trash/robot_ws/build/robot_core -- -j4 -l4
[1.689s] DEBUG:colcon.colcon_core.event_handler.log_command:Invoking command in '/home/trash/robot_ws/build/robot_core': CMAKE_PREFIX_PATH=${CMAKE_PREFIX_PATH}:/home/trash/robot_workspace/install/cylindrical_robot:/opt/ros/jazzy DEBUGINFOD_URLS=https://debuginfod.ubuntu.com /usr/bin/cmake --install /home/trash/robot_ws/build/robot_core
[1.692s] DEBUG:colcon.colcon_core.event_handler.log_command:Invoked command in '/home/trash/robot_ws/build/sllidar_ros2' returned '0': CMAKE_PREFIX_PATH=${CMAKE_PREFIX_PATH}:/home/trash/robot_workspace/install/cylindrical_robot:/opt/ros/jazzy DEBUGINFOD_URLS=https://debuginfod.ubuntu.com /usr/bin/cmake --build /home/trash/robot_ws/build/sllidar_ros2 -- -j4 -l4
[1.698s] DEBUG:colcon.colcon_core.event_handler.log_command:Invoking command in '/home/trash/robot_ws/build/sllidar_ros2': CMAKE_PREFIX_PATH=${CMAKE_PREFIX_PATH}:/home/trash/robot_workspace/install/cylindrical_robot:/opt/ros/jazzy DEBUGINFOD_URLS=https://debuginfod.ubuntu.com /usr/bin/cmake --install /home/trash/robot_ws/build/sllidar_ros2
[1.761s] Level 1:colcon.colcon_core.environment:create_environment_scripts_only(robot_core)
[1.762s] DEBUG:colcon.colcon_core.event_handler.log_command:Invoked command in '/home/trash/robot_ws/build/robot_core' returned '0': CMAKE_PREFIX_PATH=${CMAKE_PREFIX_PATH}:/home/trash/robot_workspace/install/cylindrical_robot:/opt/ros/jazzy DEBUGINFOD_URLS=https://debuginfod.ubuntu.com /usr/bin/cmake --install /home/trash/robot_ws/build/robot_core
[1.792s] Level 1:colcon.colcon_core.environment:checking '/home/trash/robot_ws/install/robot_core' for CMake module files
[1.793s] Level 1:colcon.colcon_core.environment:checking '/home/trash/robot_ws/install/robot_core' for CMake config files
[1.794s] Level 1:colcon.colcon_core.shell:create_environment_hook('robot_core', 'cmake_prefix_path')
[1.795s] INFO:colcon.colcon_core.shell:Creating environment hook '/home/trash/robot_ws/install/robot_core/share/robot_core/hook/cmake_prefix_path.ps1'
[1.798s] INFO:colcon.colcon_core.shell:Creating environment descriptor '/home/trash/robot_ws/install/robot_core/share/robot_core/hook/cmake_prefix_path.dsv'
[1.803s] INFO:colcon.colcon_core.shell:Creating environment hook '/home/trash/robot_ws/install/robot_core/share/robot_core/hook/cmake_prefix_path.sh'
[1.809s] Level 1:colcon.colcon_core.environment:checking '/home/trash/robot_ws/install/robot_core/lib'
[1.810s] Level 1:colcon.colcon_core.environment:checking '/home/trash/robot_ws/install/robot_core/bin'
[1.811s] Level 1:colcon.colcon_core.environment:checking '/home/trash/robot_ws/install/robot_core/lib/pkgconfig/robot_core.pc'
[1.812s] Level 1:colcon.colcon_core.environment:checking '/home/trash/robot_ws/install/robot_core/lib/python3.12/site-packages'
[1.813s] Level 1:colcon.colcon_core.environment:checking '/home/trash/robot_ws/install/robot_core/bin'
[1.814s] INFO:colcon.colcon_core.shell:Creating package script '/home/trash/robot_ws/install/robot_core/share/robot_core/package.ps1'
[1.816s] INFO:colcon.colcon_core.shell:Creating package descriptor '/home/trash/robot_ws/install/robot_core/share/robot_core/package.dsv'
[1.819s] INFO:colcon.colcon_core.shell:Creating package script '/home/trash/robot_ws/install/robot_core/share/robot_core/package.sh'
[1.821s] INFO:colcon.colcon_core.shell:Creating package script '/home/trash/robot_ws/install/robot_core/share/robot_core/package.bash'
[1.824s] INFO:colcon.colcon_core.shell:Creating package script '/home/trash/robot_ws/install/robot_core/share/robot_core/package.zsh'
[1.829s] Level 1:colcon.colcon_core.environment:create_file_with_runtime_dependencies(/home/trash/robot_ws/install/robot_core/share/colcon-core/packages/robot_core)
[1.831s] Level 1:colcon.colcon_core.environment:create_environment_scripts_only(robot_core)
[1.831s] Level 1:colcon.colcon_core.environment:checking '/home/trash/robot_ws/install/robot_core' for CMake module files
[1.832s] Level 1:colcon.colcon_core.environment:checking '/home/trash/robot_ws/install/robot_core' for CMake config files
[1.832s] Level 1:colcon.colcon_core.shell:create_environment_hook('robot_core', 'cmake_prefix_path')
[1.832s] INFO:colcon.colcon_core.shell:Creating environment hook '/home/trash/robot_ws/install/robot_core/share/robot_core/hook/cmake_prefix_path.ps1'
[1.833s] INFO:colcon.colcon_core.shell:Creating environment descriptor '/home/trash/robot_ws/install/robot_core/share/robot_core/hook/cmake_prefix_path.dsv'
[1.834s] INFO:colcon.colcon_core.shell:Creating environment hook '/home/trash/robot_ws/install/robot_core/share/robot_core/hook/cmake_prefix_path.sh'
[1.835s] Level 1:colcon.colcon_core.environment:checking '/home/trash/robot_ws/install/robot_core/lib'
[1.836s] Level 1:colcon.colcon_core.environment:checking '/home/trash/robot_ws/install/robot_core/bin'
[1.836s] Level 1:colcon.colcon_core.environment:checking '/home/trash/robot_ws/install/robot_core/lib/pkgconfig/robot_core.pc'
[1.836s] Level 1:colcon.colcon_core.environment:checking '/home/trash/robot_ws/install/robot_core/lib/python3.12/site-packages'
[1.837s] Level 1:colcon.colcon_core.environment:checking '/home/trash/robot_ws/install/robot_core/bin'
[1.837s] INFO:colcon.colcon_core.shell:Creating package script '/home/trash/robot_ws/install/robot_core/share/robot_core/package.ps1'
[1.838s] INFO:colcon.colcon_core.shell:Creating package descriptor '/home/trash/robot_ws/install/robot_core/share/robot_core/package.dsv'
[1.839s] INFO:colcon.colcon_core.shell:Creating package script '/home/trash/robot_ws/install/robot_core/share/robot_core/package.sh'
[1.840s] INFO:colcon.colcon_core.shell:Creating package script '/home/trash/robot_ws/install/robot_core/share/robot_core/package.bash'
[1.841s] INFO:colcon.colcon_core.shell:Creating package script '/home/trash/robot_ws/install/robot_core/share/robot_core/package.zsh'
[1.842s] Level 1:colcon.colcon_core.environment:create_file_with_runtime_dependencies(/home/trash/robot_ws/install/robot_core/share/colcon-core/packages/robot_core)
[1.846s] Level 1:colcon.colcon_core.environment:create_environment_scripts_only(sllidar_ros2)
[1.849s] Level 1:colcon.colcon_core.environment:checking '/home/trash/robot_ws/install/sllidar_ros2' for CMake module files
[1.851s] DEBUG:colcon.colcon_core.event_handler.log_command:Invoked command in '/home/trash/robot_ws/build/sllidar_ros2' returned '0': CMAKE_PREFIX_PATH=${CMAKE_PREFIX_PATH}:/home/trash/robot_workspace/install/cylindrical_robot:/opt/ros/jazzy DEBUGINFOD_URLS=https://debuginfod.ubuntu.com /usr/bin/cmake --install /home/trash/robot_ws/build/sllidar_ros2
[1.851s] Level 1:colcon.colcon_core.environment:checking '/home/trash/robot_ws/install/sllidar_ros2' for CMake config files
[1.852s] Level 1:colcon.colcon_core.shell:create_environment_hook('sllidar_ros2', 'cmake_prefix_path')
[1.853s] INFO:colcon.colcon_core.shell:Creating environment hook '/home/trash/robot_ws/install/sllidar_ros2/share/sllidar_ros2/hook/cmake_prefix_path.ps1'
[1.856s] INFO:colcon.colcon_core.shell:Creating environment descriptor '/home/trash/robot_ws/install/sllidar_ros2/share/sllidar_ros2/hook/cmake_prefix_path.dsv'
[1.857s] INFO:colcon.colcon_core.shell:Creating environment hook '/home/trash/robot_ws/install/sllidar_ros2/share/sllidar_ros2/hook/cmake_prefix_path.sh'
[1.866s] Level 1:colcon.colcon_core.environment:checking '/home/trash/robot_ws/install/sllidar_ros2/lib'
[1.866s] Level 1:colcon.colcon_core.environment:checking '/home/trash/robot_ws/install/sllidar_ros2/bin'
[1.866s] Level 1:colcon.colcon_core.environment:checking '/home/trash/robot_ws/install/sllidar_ros2/lib/pkgconfig/sllidar_ros2.pc'
[1.867s] Level 1:colcon.colcon_core.environment:checking '/home/trash/robot_ws/install/sllidar_ros2/lib/python3.12/site-packages'
[1.867s] Level 1:colcon.colcon_core.environment:checking '/home/trash/robot_ws/install/sllidar_ros2/bin'
[1.868s] INFO:colcon.colcon_core.shell:Creating package script '/home/trash/robot_ws/install/sllidar_ros2/share/sllidar_ros2/package.ps1'
[1.869s] INFO:colcon.colcon_core.shell:Creating package descriptor '/home/trash/robot_ws/install/sllidar_ros2/share/sllidar_ros2/package.dsv'
[1.870s] INFO:colcon.colcon_core.shell:Creating package script '/home/trash/robot_ws/install/sllidar_ros2/share/sllidar_ros2/package.sh'
[1.871s] INFO:colcon.colcon_core.shell:Creating package script '/home/trash/robot_ws/install/sllidar_ros2/share/sllidar_ros2/package.bash'
[1.872s] INFO:colcon.colcon_core.shell:Creating package script '/home/trash/robot_ws/install/sllidar_ros2/share/sllidar_ros2/package.zsh'
[1.873s] Level 1:colcon.colcon_core.environment:create_file_with_runtime_dependencies(/home/trash/robot_ws/install/sllidar_ros2/share/colcon-core/packages/sllidar_ros2)
[1.874s] Level 1:colcon.colcon_core.environment:create_environment_scripts_only(sllidar_ros2)
[1.875s] Level 1:colcon.colcon_core.environment:checking '/home/trash/robot_ws/install/sllidar_ros2' for CMake module files
[1.876s] Level 1:colcon.colcon_core.environment:checking '/home/trash/robot_ws/install/sllidar_ros2' for CMake config files
[1.876s] Level 1:colcon.colcon_core.shell:create_environment_hook('sllidar_ros2', 'cmake_prefix_path')
[1.878s] INFO:colcon.colcon_core.shell:Creating environment hook '/home/trash/robot_ws/install/sllidar_ros2/share/sllidar_ros2/hook/cmake_prefix_path.ps1'
[1.882s] INFO:colcon.colcon_core.shell:Creating environment descriptor '/home/trash/robot_ws/install/sllidar_ros2/share/sllidar_ros2/hook/cmake_prefix_path.dsv'
[1.887s] INFO:colcon.colcon_core.shell:Creating environment hook '/home/trash/robot_ws/install/sllidar_ros2/share/sllidar_ros2/hook/cmake_prefix_path.sh'
[1.892s] Level 1:colcon.colcon_core.environment:checking '/home/trash/robot_ws/install/sllidar_ros2/lib'
[1.892s] Level 1:colcon.colcon_core.environment:checking '/home/trash/robot_ws/install/sllidar_ros2/bin'
[1.892s] Level 1:colcon.colcon_core.environment:checking '/home/trash/robot_ws/install/sllidar_ros2/lib/pkgconfig/sllidar_ros2.pc'
[1.893s] Level 1:colcon.colcon_core.environment:checking '/home/trash/robot_ws/install/sllidar_ros2/lib/python3.12/site-packages'
[1.894s] Level 1:colcon.colcon_core.environment:checking '/home/trash/robot_ws/install/sllidar_ros2/bin'
[1.900s] INFO:colcon.colcon_core.shell:Creating package script '/home/trash/robot_ws/install/sllidar_ros2/share/sllidar_ros2/package.ps1'
[1.902s] INFO:colcon.colcon_core.shell:Creating package descriptor '/home/trash/robot_ws/install/sllidar_ros2/share/sllidar_ros2/package.dsv'
[1.902s] INFO:colcon.colcon_core.shell:Creating package script '/home/trash/robot_ws/install/sllidar_ros2/share/sllidar_ros2/package.sh'
[1.905s] INFO:colcon.colcon_core.shell:Creating package script '/home/trash/robot_ws/install/sllidar_ros2/share/sllidar_ros2/package.bash'
[1.906s] INFO:colcon.colcon_core.shell:Creating package script '/home/trash/robot_ws/install/sllidar_ros2/share/sllidar_ros2/package.zsh'
[1.911s] Level 1:colcon.colcon_core.environment:create_file_with_runtime_dependencies(/home/trash/robot_ws/install/sllidar_ros2/share/colcon-core/packages/sllidar_ros2)
[5.814s] DEBUG:colcon.colcon_core.event_handler.log_command:Invoked command in '/home/trash/robot_ws/build/rf2o_laser_odometry' returned '0': CMAKE_PREFIX_PATH=${CMAKE_PREFIX_PATH}:/home/trash/robot_workspace/install/cylindrical_robot:/opt/ros/jazzy DEBUGINFOD_URLS=https://debuginfod.ubuntu.com /usr/bin/cmake /home/trash/robot_ws/src/rf2o_laser_odometry -DAMENT_CMAKE_SYMLINK_INSTALL=1 -DCMAKE_INSTALL_PREFIX=/home/trash/robot_ws/install/rf2o_laser_odometry
[5.817s] DEBUG:colcon.colcon_core.event_handler.log_command:Invoking command in '/home/trash/robot_ws/build/rf2o_laser_odometry': CMAKE_PREFIX_PATH=${CMAKE_PREFIX_PATH}:/home/trash/robot_workspace/install/cylindrical_robot:/opt/ros/jazzy DEBUGINFOD_URLS=https://debuginfod.ubuntu.com /usr/bin/cmake --build /home/trash/robot_ws/build/rf2o_laser_odometry -- -j4 -l4
[59.792s] DEBUG:colcon.colcon_core.event_handler.log_command:Invoked command in '/home/trash/robot_ws/build/rf2o_laser_odometry' returned '0': CMAKE_PREFIX_PATH=${CMAKE_PREFIX_PATH}:/home/trash/robot_workspace/install/cylindrical_robot:/opt/ros/jazzy DEBUGINFOD_URLS=https://debuginfod.ubuntu.com /usr/bin/cmake --build /home/trash/robot_ws/build/rf2o_laser_odometry -- -j4 -l4
[59.796s] DEBUG:colcon.colcon_core.event_handler.log_command:Invoking command in '/home/trash/robot_ws/build/rf2o_laser_odometry': CMAKE_PREFIX_PATH=${CMAKE_PREFIX_PATH}:/home/trash/robot_workspace/install/cylindrical_robot:/opt/ros/jazzy DEBUGINFOD_URLS=https://debuginfod.ubuntu.com /usr/bin/cmake --install /home/trash/robot_ws/build/rf2o_laser_odometry
[60.188s] Level 1:colcon.colcon_core.environment:create_environment_scripts_only(rf2o_laser_odometry)
[60.189s] Level 1:colcon.colcon_core.environment:checking '/home/trash/robot_ws/install/rf2o_laser_odometry' for CMake module files
[60.190s] DEBUG:colcon.colcon_core.event_handler.log_command:Invoked command in '/home/trash/robot_ws/build/rf2o_laser_odometry' returned '0': CMAKE_PREFIX_PATH=${CMAKE_PREFIX_PATH}:/home/trash/robot_workspace/install/cylindrical_robot:/opt/ros/jazzy DEBUGINFOD_URLS=https://debuginfod.ubuntu.com /usr/bin/cmake --install /home/trash/robot_ws/build/rf2o_laser_odometry
[60.190s] Level 1:colcon.colcon_core.environment:checking '/home/trash/robot_ws/install/rf2o_laser_odometry' for CMake config files
[60.191s] Level 1:colcon.colcon_core.shell:create_environment_hook('rf2o_laser_odometry', 'cmake_prefix_path')
[60.192s] INFO:colcon.colcon_core.shell:Creating environment hook '/home/trash/robot_ws/install/rf2o_laser_odometry/share/rf2o_laser_odometry/hook/cmake_prefix_path.ps1'
[60.194s] INFO:colcon.colcon_core.shell:Creating environment descriptor '/home/trash/robot_ws/install/rf2o_laser_odometry/share/rf2o_laser_odometry/hook/cmake_prefix_path.dsv'
[60.195s] INFO:colcon.colcon_core.shell:Creating environment hook '/home/trash/robot_ws/install/rf2o_laser_odometry/share/rf2o_laser_odometry/hook/cmake_prefix_path.sh'
[60.196s] Level 1:colcon.colcon_core.environment:checking '/home/trash/robot_ws/install/rf2o_laser_odometry/lib'
[60.196s] Level 1:colcon.colcon_core.environment:checking '/home/trash/robot_ws/install/rf2o_laser_odometry/bin'
[60.196s] Level 1:colcon.colcon_core.environment:checking '/home/trash/robot_ws/install/rf2o_laser_odometry/lib/pkgconfig/rf2o_laser_odometry.pc'
[60.197s] Level 1:colcon.colcon_core.environment:checking '/home/trash/robot_ws/install/rf2o_laser_odometry/lib/python3.12/site-packages'
[60.197s] Level 1:colcon.colcon_core.environment:checking '/home/trash/robot_ws/install/rf2o_laser_odometry/bin'
[60.198s] INFO:colcon.colcon_core.shell:Creating package script '/home/trash/robot_ws/install/rf2o_laser_odometry/share/rf2o_laser_odometry/package.ps1'
[60.199s] INFO:colcon.colcon_core.shell:Creating package descriptor '/home/trash/robot_ws/install/rf2o_laser_odometry/share/rf2o_laser_odometry/package.dsv'
[60.199s] INFO:colcon.colcon_core.shell:Creating package script '/home/trash/robot_ws/install/rf2o_laser_odometry/share/rf2o_laser_odometry/package.sh'
[60.200s] INFO:colcon.colcon_core.shell:Creating package script '/home/trash/robot_ws/install/rf2o_laser_odometry/share/rf2o_laser_odometry/package.bash'
[60.200s] INFO:colcon.colcon_core.shell:Creating package script '/home/trash/robot_ws/install/rf2o_laser_odometry/share/rf2o_laser_odometry/package.zsh'
[60.201s] Level 1:colcon.colcon_core.environment:create_file_with_runtime_dependencies(/home/trash/robot_ws/install/rf2o_laser_odometry/share/colcon-core/packages/rf2o_laser_odometry)
[60.201s] Level 1:colcon.colcon_core.environment:create_environment_scripts_only(rf2o_laser_odometry)
[60.202s] Level 1:colcon.colcon_core.environment:checking '/home/trash/robot_ws/install/rf2o_laser_odometry' for CMake module files
[60.202s] Level 1:colcon.colcon_core.environment:checking '/home/trash/robot_ws/install/rf2o_laser_odometry' for CMake config files
[60.203s] Level 1:colcon.colcon_core.shell:create_environment_hook('rf2o_laser_odometry', 'cmake_prefix_path')
[60.203s] INFO:colcon.colcon_core.shell:Creating environment hook '/home/trash/robot_ws/install/rf2o_laser_odometry/share/rf2o_laser_odometry/hook/cmake_prefix_path.ps1'
[60.203s] INFO:colcon.colcon_core.shell:Creating environment descriptor '/home/trash/robot_ws/install/rf2o_laser_odometry/share/rf2o_laser_odometry/hook/cmake_prefix_path.dsv'
[60.204s] INFO:colcon.colcon_core.shell:Creating environment hook '/home/trash/robot_ws/install/rf2o_laser_odometry/share/rf2o_laser_odometry/hook/cmake_prefix_path.sh'
[60.206s] Level 1:colcon.colcon_core.environment:checking '/home/trash/robot_ws/install/rf2o_laser_odometry/lib'
[60.206s] Level 1:colcon.colcon_core.environment:checking '/home/trash/robot_ws/install/rf2o_laser_odometry/bin'
[60.206s] Level 1:colcon.colcon_core.environment:checking '/home/trash/robot_ws/install/rf2o_laser_odometry/lib/pkgconfig/rf2o_laser_odometry.pc'
[60.206s] Level 1:colcon.colcon_core.environment:checking '/home/trash/robot_ws/install/rf2o_laser_odometry/lib/python3.12/site-packages'
[60.207s] Level 1:colcon.colcon_core.environment:checking '/home/trash/robot_ws/install/rf2o_laser_odometry/bin'
[60.207s] INFO:colcon.colcon_core.shell:Creating package script '/home/trash/robot_ws/install/rf2o_laser_odometry/share/rf2o_laser_odometry/package.ps1'
[60.208s] INFO:colcon.colcon_core.shell:Creating package descriptor '/home/trash/robot_ws/install/rf2o_laser_odometry/share/rf2o_laser_odometry/package.dsv'
[60.209s] INFO:colcon.colcon_core.shell:Creating package script '/home/trash/robot_ws/install/rf2o_laser_odometry/share/rf2o_laser_odometry/package.sh'
[60.209s] INFO:colcon.colcon_core.shell:Creating package script '/home/trash/robot_ws/install/rf2o_laser_odometry/share/rf2o_laser_odometry/package.bash'
[60.210s] INFO:colcon.colcon_core.shell:Creating package script '/home/trash/robot_ws/install/rf2o_laser_odometry/share/rf2o_laser_odometry/package.zsh'
[60.211s] Level 1:colcon.colcon_core.environment:create_file_with_runtime_dependencies(/home/trash/robot_ws/install/rf2o_laser_odometry/share/colcon-core/packages/rf2o_laser_odometry)
[60.213s] DEBUG:colcon.colcon_parallel_executor.executor.parallel:closing loop
[60.213s] DEBUG:colcon.colcon_parallel_executor.executor.parallel:loop closed
[60.213s] DEBUG:colcon.colcon_parallel_executor.executor.parallel:run_until_complete finished with '0'
[60.213s] DEBUG:colcon.colcon_core.event_reactor:joining thread
[60.248s] INFO:colcon.colcon_core.plugin_system:Skipping extension 'colcon_notification.desktop_notification.terminal_notifier': Not used on non-Darwin systems
[60.248s] INFO:colcon.colcon_core.plugin_system:Skipping extension 'colcon_notification.desktop_notification.win32': Not used on non-Windows systems
[60.248s] INFO:colcon.colcon_notification.desktop_notification:Sending desktop notification using 'notify2'
[60.330s] DEBUG:colcon.colcon_core.event_reactor:joined thread
[60.331s] INFO:colcon.colcon_core.shell:Creating prefix script '/home/trash/robot_ws/install/local_setup.ps1'
[60.333s] INFO:colcon.colcon_core.shell:Creating prefix util module '/home/trash/robot_ws/install/_local_setup_util_ps1.py'
[60.337s] INFO:colcon.colcon_core.shell:Creating prefix chain script '/home/trash/robot_ws/install/setup.ps1'
[60.341s] INFO:colcon.colcon_core.shell:Creating prefix script '/home/trash/robot_ws/install/local_setup.sh'
[60.347s] INFO:colcon.colcon_core.shell:Creating prefix util module '/home/trash/robot_ws/install/_local_setup_util_sh.py'
[60.352s] INFO:colcon.colcon_core.shell:Creating prefix chain script '/home/trash/robot_ws/install/setup.sh'
[60.355s] INFO:colcon.colcon_core.shell:Creating prefix script '/home/trash/robot_ws/install/local_setup.bash'
[60.357s] INFO:colcon.colcon_core.shell:Creating prefix chain script '/home/trash/robot_ws/install/setup.bash'
[60.360s] INFO:colcon.colcon_core.shell:Creating prefix script '/home/trash/robot_ws/install/local_setup.zsh'
[60.362s] INFO:colcon.colcon_core.shell:Creating prefix chain script '/home/trash/robot_ws/install/setup.zsh'
