[0.086s] Invoking command in '/home/trash/robot_ws/build/robot_core': CMAKE_PREFIX_PATH=${CMAKE_PREFIX_PATH}:/home/trash/robot_workspace/install/cylindrical_robot:/opt/ros/jazzy DEBUGINFOD_URLS=https://debuginfod.ubuntu.com /usr/bin/cmake /home/trash/robot_ws/src/robot_core -DCMAKE_INSTALL_PREFIX=/home/trash/robot_ws/install/robot_core
[0.153s] -- Found ament_cmake: 2.5.4 (/opt/ros/jazzy/share/ament_cmake/cmake)
[0.867s] -- Override CMake install command with custom implementation using symlinks instead of copying resources
[0.881s] -- Found rclcpp: 28.1.13 (/opt/ros/jazzy/share/rclcpp/cmake)
[0.931s] -- Found rosidl_generator_c: 4.6.6 (/opt/ros/jazzy/share/rosidl_generator_c/cmake)
[0.947s] -- Found rosidl_generator_cpp: 4.6.6 (/opt/ros/jazzy/share/rosidl_generator_cpp/cmake)
[0.964s] -- Using all available rosidl_typesupport_c: rosidl_typesupport_fastrtps_c;rosidl_typesupport_introspection_c
[0.984s] -- Using all available rosidl_typesupport_cpp: rosidl_typesupport_fastrtps_cpp;rosidl_typesupport_introspection_cpp
[1.085s] -- Found rmw_implementation_cmake: 7.3.2 (/opt/ros/jazzy/share/rmw_implementation_cmake/cmake)
[1.087s] -- Found rmw_fastrtps_cpp: 8.4.3 (/opt/ros/jazzy/share/rmw_fastrtps_cpp/cmake)
[1.225s] -- Using RMW implementation 'rmw_fastrtps_cpp' as default
[1.373s] -- Found nav_msgs: 5.3.6 (/opt/ros/jazzy/share/nav_msgs/cmake)
[1.467s] -- Found tf2_ros: 0.36.16 (/opt/ros/jazzy/share/tf2_ros/cmake)
[1.665s] -- Found ament_lint_auto: 0.17.3 (/opt/ros/jazzy/share/ament_lint_auto/cmake)
[2.018s] -- Added test 'cppcheck' to perform static code analysis on C / C++ code
[2.018s] -- Configured cppcheck include dirs: 
[2.019s] -- Configured cppcheck exclude dirs and/or files: 
[2.020s] -- Added test 'lint_cmake' to check CMake code style
[2.023s] -- Added test 'uncrustify' to check C / C++ code style
[2.023s] -- Configured uncrustify additional arguments: 
[2.025s] -- Added test 'xmllint' to check XML markup files
[2.028s] -- Configuring done (1.9s)
[2.105s] -- Generating done (0.0s)
[2.149s] -- Build files have been written to: /home/trash/robot_ws/build/robot_core
[2.193s] Invoked command in '/home/trash/robot_ws/build/robot_core' returned '0': CMAKE_PREFIX_PATH=${CMAKE_PREFIX_PATH}:/home/trash/robot_workspace/install/cylindrical_robot:/opt/ros/jazzy DEBUGINFOD_URLS=https://debuginfod.ubuntu.com /usr/bin/cmake /home/trash/robot_ws/src/robot_core -DCMAKE_INSTALL_PREFIX=/home/trash/robot_ws/install/robot_core
[2.194s] Invoking command in '/home/trash/robot_ws/build/robot_core': CMAKE_PREFIX_PATH=${CMAKE_PREFIX_PATH}:/home/trash/robot_workspace/install/cylindrical_robot:/opt/ros/jazzy DEBUGINFOD_URLS=https://debuginfod.ubuntu.com /usr/bin/cmake --build /home/trash/robot_ws/build/robot_core -- -j4 -l4
[2.359s] [100%] Built target odom_node
[2.395s] Invoked command in '/home/trash/robot_ws/build/robot_core' returned '0': CMAKE_PREFIX_PATH=${CMAKE_PREFIX_PATH}:/home/trash/robot_workspace/install/cylindrical_robot:/opt/ros/jazzy DEBUGINFOD_URLS=https://debuginfod.ubuntu.com /usr/bin/cmake --build /home/trash/robot_ws/build/robot_core -- -j4 -l4
[2.399s] Invoking command in '/home/trash/robot_ws/build/robot_core': CMAKE_PREFIX_PATH=${CMAKE_PREFIX_PATH}:/home/trash/robot_workspace/install/cylindrical_robot:/opt/ros/jazzy DEBUGINFOD_URLS=https://debuginfod.ubuntu.com /usr/bin/cmake --install /home/trash/robot_ws/build/robot_core
[2.426s] -- Install configuration: ""
[2.428s] -- Execute custom install script
[2.435s] -- Up-to-date symlink: /home/trash/robot_ws/install/robot_core/lib/robot_core/odom_node
[2.435s] -- Up-to-date symlink: /home/trash/robot_ws/install/robot_core/share/ament_index/resource_index/package_run_dependencies/robot_core
[2.436s] -- Up-to-date symlink: /home/trash/robot_ws/install/robot_core/share/ament_index/resource_index/parent_prefix_path/robot_core
[2.437s] -- Up-to-date symlink: /home/trash/robot_ws/install/robot_core/share/robot_core/environment/ament_prefix_path.sh
[2.450s] -- Up-to-date symlink: /home/trash/robot_ws/install/robot_core/share/robot_core/environment/ament_prefix_path.dsv
[2.450s] -- Up-to-date symlink: /home/trash/robot_ws/install/robot_core/share/robot_core/environment/path.sh
[2.451s] -- Up-to-date symlink: /home/trash/robot_ws/install/robot_core/share/robot_core/environment/path.dsv
[2.451s] -- Up-to-date symlink: /home/trash/robot_ws/install/robot_core/share/robot_core/local_setup.bash
[2.451s] -- Up-to-date symlink: /home/trash/robot_ws/install/robot_core/share/robot_core/local_setup.sh
[2.451s] -- Up-to-date symlink: /home/trash/robot_ws/install/robot_core/share/robot_core/local_setup.zsh
[2.451s] -- Up-to-date symlink: /home/trash/robot_ws/install/robot_core/share/robot_core/local_setup.dsv
[2.451s] -- Symlinking: /home/trash/robot_ws/install/robot_core/share/robot_core/package.dsv
[2.473s] -- Up-to-date symlink: /home/trash/robot_ws/install/robot_core/share/ament_index/resource_index/packages/robot_core
[2.476s] -- Up-to-date symlink: /home/trash/robot_ws/install/robot_core/share/robot_core/cmake/robot_coreConfig.cmake
[2.476s] -- Up-to-date symlink: /home/trash/robot_ws/install/robot_core/share/robot_core/cmake/robot_coreConfig-version.cmake
[2.477s] -- Up-to-date symlink: /home/trash/robot_ws/install/robot_core/share/robot_core/package.xml
[2.483s] Invoked command in '/home/trash/robot_ws/build/robot_core' returned '0': CMAKE_PREFIX_PATH=${CMAKE_PREFIX_PATH}:/home/trash/robot_workspace/install/cylindrical_robot:/opt/ros/jazzy DEBUGINFOD_URLS=https://debuginfod.ubuntu.com /usr/bin/cmake --install /home/trash/robot_ws/build/robot_core
