[0.145s] DEBUG:colcon:Command line arguments: ['/usr/bin/colcon', 'build', '--symlink-install']
[0.146s] DEBUG:colcon:Parsed command line arguments: Namespace(log_base=None, log_level=None, verb_name='build', build_base='build', install_base='install', merge_install=False, symlink_install=True, test_result_base=None, continue_on_error=False, executor='parallel', parallel_workers=4, event_handlers=None, ignore_user_meta=False, metas=['./colcon.meta'], base_paths=['.'], packages_ignore=None, packages_ignore_regex=None, paths=None, packages_up_to=None, packages_up_to_regex=None, packages_above=None, packages_above_and_dependencies=None, packages_above_depth=None, packages_select_by_dep=None, packages_skip_by_dep=None, packages_skip_up_to=None, packages_select_build_failed=False, packages_skip_build_finished=False, packages_select_test_failures=False, packages_skip_test_passed=False, packages_select=None, packages_skip=None, packages_select_regex=None, packages_skip_regex=None, packages_start=None, packages_end=None, allow_overriding=[], cmake_args=None, cmake_target=None, cmake_target_skip_unavailable=False, cmake_clean_cache=False, cmake_clean_first=False, cmake_force_configure=False, ament_cmake_args=None, catkin_cmake_args=None, catkin_skip_building_tests=False, verb_parser=<colcon_defaults.argument_parser.defaults.DefaultArgumentsDecorator object at 0xffffb814c5f0>, verb_extension=<colcon_core.verb.build.BuildVerb object at 0xffffb8b45f70>, main=<bound method BuildVerb.main of <colcon_core.verb.build.BuildVerb object at 0xffffb8b45f70>>)
[0.202s] Level 1:colcon.colcon_core.package_discovery:discover_packages(colcon_meta) check parameters
[0.202s] Level 1:colcon.colcon_core.package_discovery:discover_packages(recursive) check parameters
[0.202s] Level 1:colcon.colcon_core.package_discovery:discover_packages(ignore) check parameters
[0.202s] Level 1:colcon.colcon_core.package_discovery:discover_packages(path) check parameters
[0.202s] Level 1:colcon.colcon_core.package_discovery:discover_packages(colcon_meta) discover
[0.202s] Level 1:colcon.colcon_core.package_discovery:discover_packages(recursive) discover
[0.202s] INFO:colcon.colcon_core.package_discovery:Crawling recursively for packages in '/home/trash/robot_ws'
[0.202s] Level 1:colcon.colcon_core.package_identification:_identify(.) by extensions ['ignore', 'ignore_ament_install']
[0.202s] Level 1:colcon.colcon_core.package_identification:_identify(.) by extension 'ignore'
[0.202s] Level 1:colcon.colcon_core.package_identification:_identify(.) by extension 'ignore_ament_install'
[0.203s] Level 1:colcon.colcon_core.package_identification:_identify(.) by extensions ['colcon_pkg']
[0.203s] Level 1:colcon.colcon_core.package_identification:_identify(.) by extension 'colcon_pkg'
[0.203s] Level 1:colcon.colcon_core.package_identification:_identify(.) by extensions ['colcon_meta']
[0.203s] Level 1:colcon.colcon_core.package_identification:_identify(.) by extension 'colcon_meta'
[0.203s] Level 1:colcon.colcon_core.package_identification:_identify(.) by extensions ['ros']
[0.203s] Level 1:colcon.colcon_core.package_identification:_identify(.) by extension 'ros'
[0.240s] Level 1:colcon.colcon_core.package_identification:_identify(.) by extensions ['cmake', 'python']
[0.240s] Level 1:colcon.colcon_core.package_identification:_identify(.) by extension 'cmake'
[0.240s] Level 1:colcon.colcon_core.package_identification:_identify(.) by extension 'python'
[0.240s] Level 1:colcon.colcon_core.package_identification:_identify(.) by extensions ['python_setup_py']
[0.241s] Level 1:colcon.colcon_core.package_identification:_identify(.) by extension 'python_setup_py'
[0.241s] Level 1:colcon.colcon_core.package_identification:_identify(build) by extensions ['ignore', 'ignore_ament_install']
[0.241s] Level 1:colcon.colcon_core.package_identification:_identify(build) by extension 'ignore'
[0.241s] Level 1:colcon.colcon_core.package_identification:_identify(build) ignored
[0.241s] Level 1:colcon.colcon_core.package_identification:_identify(install) by extensions ['ignore', 'ignore_ament_install']
[0.241s] Level 1:colcon.colcon_core.package_identification:_identify(install) by extension 'ignore'
[0.241s] Level 1:colcon.colcon_core.package_identification:_identify(install) ignored
[0.241s] Level 1:colcon.colcon_core.package_identification:_identify(log) by extensions ['ignore', 'ignore_ament_install']
[0.241s] Level 1:colcon.colcon_core.package_identification:_identify(log) by extension 'ignore'
[0.241s] Level 1:colcon.colcon_core.package_identification:_identify(log) ignored
[0.242s] Level 1:colcon.colcon_core.package_identification:_identify(src) by extensions ['ignore', 'ignore_ament_install']
[0.242s] Level 1:colcon.colcon_core.package_identification:_identify(src) by extension 'ignore'
[0.242s] Level 1:colcon.colcon_core.package_identification:_identify(src) by extension 'ignore_ament_install'
[0.242s] Level 1:colcon.colcon_core.package_identification:_identify(src) by extensions ['colcon_pkg']
[0.242s] Level 1:colcon.colcon_core.package_identification:_identify(src) by extension 'colcon_pkg'
[0.242s] Level 1:colcon.colcon_core.package_identification:_identify(src) by extensions ['colcon_meta']
[0.242s] Level 1:colcon.colcon_core.package_identification:_identify(src) by extension 'colcon_meta'
[0.242s] Level 1:colcon.colcon_core.package_identification:_identify(src) by extensions ['ros']
[0.242s] Level 1:colcon.colcon_core.package_identification:_identify(src) by extension 'ros'
[0.242s] Level 1:colcon.colcon_core.package_identification:_identify(src) by extensions ['cmake', 'python']
[0.242s] Level 1:colcon.colcon_core.package_identification:_identify(src) by extension 'cmake'
[0.242s] Level 1:colcon.colcon_core.package_identification:_identify(src) by extension 'python'
[0.242s] Level 1:colcon.colcon_core.package_identification:_identify(src) by extensions ['python_setup_py']
[0.242s] Level 1:colcon.colcon_core.package_identification:_identify(src) by extension 'python_setup_py'
[0.242s] Level 1:colcon.colcon_core.package_identification:_identify(src/robot_core) by extensions ['ignore', 'ignore_ament_install']
[0.242s] Level 1:colcon.colcon_core.package_identification:_identify(src/robot_core) by extension 'ignore'
[0.242s] Level 1:colcon.colcon_core.package_identification:_identify(src/robot_core) by extension 'ignore_ament_install'
[0.242s] Level 1:colcon.colcon_core.package_identification:_identify(src/robot_core) by extensions ['colcon_pkg']
[0.242s] Level 1:colcon.colcon_core.package_identification:_identify(src/robot_core) by extension 'colcon_pkg'
[0.242s] Level 1:colcon.colcon_core.package_identification:_identify(src/robot_core) by extensions ['colcon_meta']
[0.243s] Level 1:colcon.colcon_core.package_identification:_identify(src/robot_core) by extension 'colcon_meta'
[0.243s] Level 1:colcon.colcon_core.package_identification:_identify(src/robot_core) by extensions ['ros']
[0.243s] Level 1:colcon.colcon_core.package_identification:_identify(src/robot_core) by extension 'ros'
[0.246s] DEBUG:colcon.colcon_core.package_identification:Package 'src/robot_core' with type 'ros.ament_cmake' and name 'robot_core'
[0.246s] Level 1:colcon.colcon_core.package_identification:_identify(src/sllidar_ros2) by extensions ['ignore', 'ignore_ament_install']
[0.246s] Level 1:colcon.colcon_core.package_identification:_identify(src/sllidar_ros2) by extension 'ignore'
[0.246s] Level 1:colcon.colcon_core.package_identification:_identify(src/sllidar_ros2) by extension 'ignore_ament_install'
[0.246s] Level 1:colcon.colcon_core.package_identification:_identify(src/sllidar_ros2) by extensions ['colcon_pkg']
[0.246s] Level 1:colcon.colcon_core.package_identification:_identify(src/sllidar_ros2) by extension 'colcon_pkg'
[0.246s] Level 1:colcon.colcon_core.package_identification:_identify(src/sllidar_ros2) by extensions ['colcon_meta']
[0.247s] Level 1:colcon.colcon_core.package_identification:_identify(src/sllidar_ros2) by extension 'colcon_meta'
[0.247s] Level 1:colcon.colcon_core.package_identification:_identify(src/sllidar_ros2) by extensions ['ros']
[0.247s] Level 1:colcon.colcon_core.package_identification:_identify(src/sllidar_ros2) by extension 'ros'
[0.247s] DEBUG:colcon.colcon_core.package_identification:Package 'src/sllidar_ros2' with type 'ros.ament_cmake' and name 'sllidar_ros2'
[0.247s] Level 1:colcon.colcon_core.package_discovery:discover_packages(recursive) using defaults
[0.247s] Level 1:colcon.colcon_core.package_discovery:discover_packages(ignore) discover
[0.248s] Level 1:colcon.colcon_core.package_discovery:discover_packages(ignore) using defaults
[0.248s] Level 1:colcon.colcon_core.package_discovery:discover_packages(path) discover
[0.248s] Level 1:colcon.colcon_core.package_discovery:discover_packages(path) using defaults
[0.271s] Level 1:colcon.colcon_core.package_discovery:discover_packages(prefix_path) check parameters
[0.271s] Level 1:colcon.colcon_core.package_discovery:discover_packages(prefix_path) discover
[0.273s] DEBUG:colcon.colcon_installed_package_information.package_discovery:Found 1 installed packages in /home/trash/trash_bot_ws/install
[0.274s] DEBUG:colcon.colcon_installed_package_information.package_discovery:Found 1 installed packages in /home/trash/trash_bot_ws/src/trash_bot/install
[0.274s] DEBUG:colcon.colcon_installed_package_information.package_discovery:Found 1 installed packages in /home/trash/robot_workspace/install
[0.277s] DEBUG:colcon.colcon_installed_package_information.package_discovery:Found 380 installed packages in /opt/ros/jazzy
[0.280s] Level 1:colcon.colcon_core.package_discovery:discover_packages(prefix_path) using defaults
[0.353s] Level 5:colcon.colcon_core.verb:set package 'robot_core' build argument 'cmake_args' from command line to 'None'
[0.353s] Level 5:colcon.colcon_core.verb:set package 'robot_core' build argument 'cmake_target' from command line to 'None'
[0.353s] Level 5:colcon.colcon_core.verb:set package 'robot_core' build argument 'cmake_target_skip_unavailable' from command line to 'False'
[0.353s] Level 5:colcon.colcon_core.verb:set package 'robot_core' build argument 'cmake_clean_cache' from command line to 'False'
[0.353s] Level 5:colcon.colcon_core.verb:set package 'robot_core' build argument 'cmake_clean_first' from command line to 'False'
[0.353s] Level 5:colcon.colcon_core.verb:set package 'robot_core' build argument 'cmake_force_configure' from command line to 'False'
[0.353s] Level 5:colcon.colcon_core.verb:set package 'robot_core' build argument 'ament_cmake_args' from command line to 'None'
[0.353s] Level 5:colcon.colcon_core.verb:set package 'robot_core' build argument 'catkin_cmake_args' from command line to 'None'
[0.353s] Level 5:colcon.colcon_core.verb:set package 'robot_core' build argument 'catkin_skip_building_tests' from command line to 'False'
[0.353s] DEBUG:colcon.colcon_core.verb:Building package 'robot_core' with the following arguments: {'ament_cmake_args': None, 'build_base': '/home/trash/robot_ws/build/robot_core', 'catkin_cmake_args': None, 'catkin_skip_building_tests': False, 'cmake_args': None, 'cmake_clean_cache': False, 'cmake_clean_first': False, 'cmake_force_configure': False, 'cmake_target': None, 'cmake_target_skip_unavailable': False, 'install_base': '/home/trash/robot_ws/install/robot_core', 'merge_install': False, 'path': '/home/trash/robot_ws/src/robot_core', 'symlink_install': True, 'test_result_base': None}
[0.353s] Level 5:colcon.colcon_core.verb:set package 'sllidar_ros2' build argument 'cmake_args' from command line to 'None'
[0.354s] Level 5:colcon.colcon_core.verb:set package 'sllidar_ros2' build argument 'cmake_target' from command line to 'None'
[0.354s] Level 5:colcon.colcon_core.verb:set package 'sllidar_ros2' build argument 'cmake_target_skip_unavailable' from command line to 'False'
[0.354s] Level 5:colcon.colcon_core.verb:set package 'sllidar_ros2' build argument 'cmake_clean_cache' from command line to 'False'
[0.354s] Level 5:colcon.colcon_core.verb:set package 'sllidar_ros2' build argument 'cmake_clean_first' from command line to 'False'
[0.354s] Level 5:colcon.colcon_core.verb:set package 'sllidar_ros2' build argument 'cmake_force_configure' from command line to 'False'
[0.354s] Level 5:colcon.colcon_core.verb:set package 'sllidar_ros2' build argument 'ament_cmake_args' from command line to 'None'
[0.354s] Level 5:colcon.colcon_core.verb:set package 'sllidar_ros2' build argument 'catkin_cmake_args' from command line to 'None'
[0.354s] Level 5:colcon.colcon_core.verb:set package 'sllidar_ros2' build argument 'catkin_skip_building_tests' from command line to 'False'
[0.354s] DEBUG:colcon.colcon_core.verb:Building package 'sllidar_ros2' with the following arguments: {'ament_cmake_args': None, 'build_base': '/home/trash/robot_ws/build/sllidar_ros2', 'catkin_cmake_args': None, 'catkin_skip_building_tests': False, 'cmake_args': None, 'cmake_clean_cache': False, 'cmake_clean_first': False, 'cmake_force_configure': False, 'cmake_target': None, 'cmake_target_skip_unavailable': False, 'install_base': '/home/trash/robot_ws/install/sllidar_ros2', 'merge_install': False, 'path': '/home/trash/robot_ws/src/sllidar_ros2', 'symlink_install': True, 'test_result_base': None}
[0.354s] INFO:colcon.colcon_core.executor:Executing jobs using 'parallel' executor
[0.355s] DEBUG:colcon.colcon_parallel_executor.executor.parallel:run_until_complete
[0.356s] INFO:colcon.colcon_ros.task.ament_cmake.build:Building ROS package in '/home/trash/robot_ws/src/robot_core' with build type 'ament_cmake'
[0.357s] INFO:colcon.colcon_cmake.task.cmake.build:Building CMake package in '/home/trash/robot_ws/src/robot_core'
[0.364s] INFO:colcon.colcon_core.plugin_system:Skipping extension 'colcon_core.shell.bat': Not used on non-Windows systems
[0.364s] INFO:colcon.colcon_core.shell:Skip shell extension 'powershell' for command environment: Not usable outside of PowerShell
[0.364s] DEBUG:colcon.colcon_core.shell:Skip shell extension 'dsv' for command environment
[0.376s] INFO:colcon.colcon_ros.task.ament_cmake.build:Building ROS package in '/home/trash/robot_ws/src/sllidar_ros2' with build type 'ament_cmake'
[0.377s] INFO:colcon.colcon_cmake.task.cmake.build:Building CMake package in '/home/trash/robot_ws/src/sllidar_ros2'
[0.377s] INFO:colcon.colcon_core.shell:Skip shell extension 'powershell' for command environment: Not usable outside of PowerShell
[0.377s] DEBUG:colcon.colcon_core.shell:Skip shell extension 'dsv' for command environment
[0.419s] DEBUG:colcon.colcon_core.event_handler.log_command:Invoking command in '/home/trash/robot_ws/build/robot_core': CMAKE_PREFIX_PATH=${CMAKE_PREFIX_PATH}:/home/trash/robot_workspace/install/cylindrical_robot:/opt/ros/jazzy DEBUGINFOD_URLS=https://debuginfod.ubuntu.com /usr/bin/cmake /home/trash/robot_ws/src/robot_core -DAMENT_CMAKE_SYMLINK_INSTALL=1 -DCMAKE_INSTALL_PREFIX=/home/trash/robot_ws/install/robot_core
[0.429s] DEBUG:colcon.colcon_core.event_handler.log_command:Invoking command in '/home/trash/robot_ws/build/sllidar_ros2': CMAKE_PREFIX_PATH=${CMAKE_PREFIX_PATH}:/home/trash/robot_workspace/install/cylindrical_robot:/opt/ros/jazzy DEBUGINFOD_URLS=https://debuginfod.ubuntu.com /usr/bin/cmake /home/trash/robot_ws/src/sllidar_ros2 -DAMENT_CMAKE_SYMLINK_INSTALL=1 -DCMAKE_INSTALL_PREFIX=/home/trash/robot_ws/install/sllidar_ros2
[2.028s] DEBUG:colcon.colcon_core.event_handler.log_command:Invoked command in '/home/trash/robot_ws/build/robot_core' returned '0': CMAKE_PREFIX_PATH=${CMAKE_PREFIX_PATH}:/home/trash/robot_workspace/install/cylindrical_robot:/opt/ros/jazzy DEBUGINFOD_URLS=https://debuginfod.ubuntu.com /usr/bin/cmake /home/trash/robot_ws/src/robot_core -DAMENT_CMAKE_SYMLINK_INSTALL=1 -DCMAKE_INSTALL_PREFIX=/home/trash/robot_ws/install/robot_core
[2.030s] DEBUG:colcon.colcon_core.event_handler.log_command:Invoking command in '/home/trash/robot_ws/build/robot_core': CMAKE_PREFIX_PATH=${CMAKE_PREFIX_PATH}:/home/trash/robot_workspace/install/cylindrical_robot:/opt/ros/jazzy DEBUGINFOD_URLS=https://debuginfod.ubuntu.com /usr/bin/cmake --build /home/trash/robot_ws/build/robot_core -- -j4 -l4
[3.448s] DEBUG:colcon.colcon_core.event_handler.log_command:Invoked command in '/home/trash/robot_ws/build/sllidar_ros2' returned '0': CMAKE_PREFIX_PATH=${CMAKE_PREFIX_PATH}:/home/trash/robot_workspace/install/cylindrical_robot:/opt/ros/jazzy DEBUGINFOD_URLS=https://debuginfod.ubuntu.com /usr/bin/cmake /home/trash/robot_ws/src/sllidar_ros2 -DAMENT_CMAKE_SYMLINK_INSTALL=1 -DCMAKE_INSTALL_PREFIX=/home/trash/robot_ws/install/sllidar_ros2
[3.450s] DEBUG:colcon.colcon_core.event_handler.log_command:Invoking command in '/home/trash/robot_ws/build/sllidar_ros2': CMAKE_PREFIX_PATH=${CMAKE_PREFIX_PATH}:/home/trash/robot_workspace/install/cylindrical_robot:/opt/ros/jazzy DEBUGINFOD_URLS=https://debuginfod.ubuntu.com /usr/bin/cmake --build /home/trash/robot_ws/build/sllidar_ros2 -- -j4 -l4
[3.462s] DEBUG:colcon.colcon_core.event_handler.log_command:Invoked command in '/home/trash/robot_ws/build/robot_core' returned '0': CMAKE_PREFIX_PATH=${CMAKE_PREFIX_PATH}:/home/trash/robot_workspace/install/cylindrical_robot:/opt/ros/jazzy DEBUGINFOD_URLS=https://debuginfod.ubuntu.com /usr/bin/cmake --build /home/trash/robot_ws/build/robot_core -- -j4 -l4
[3.491s] DEBUG:colcon.colcon_core.event_handler.log_command:Invoking command in '/home/trash/robot_ws/build/robot_core': CMAKE_PREFIX_PATH=${CMAKE_PREFIX_PATH}:/home/trash/robot_workspace/install/cylindrical_robot:/opt/ros/jazzy DEBUGINFOD_URLS=https://debuginfod.ubuntu.com /usr/bin/cmake --install /home/trash/robot_ws/build/robot_core
[4.021s] Level 1:colcon.colcon_core.environment:create_environment_scripts_only(robot_core)
[4.021s] DEBUG:colcon.colcon_core.event_handler.log_command:Invoked command in '/home/trash/robot_ws/build/robot_core' returned '0': CMAKE_PREFIX_PATH=${CMAKE_PREFIX_PATH}:/home/trash/robot_workspace/install/cylindrical_robot:/opt/ros/jazzy DEBUGINFOD_URLS=https://debuginfod.ubuntu.com /usr/bin/cmake --install /home/trash/robot_ws/build/robot_core
[4.029s] Level 1:colcon.colcon_core.environment:checking '/home/trash/robot_ws/install/robot_core' for CMake module files
[4.033s] Level 1:colcon.colcon_core.environment:checking '/home/trash/robot_ws/install/robot_core' for CMake config files
[4.034s] Level 1:colcon.colcon_core.shell:create_environment_hook('robot_core', 'cmake_prefix_path')
[4.034s] INFO:colcon.colcon_core.shell:Creating environment hook '/home/trash/robot_ws/install/robot_core/share/robot_core/hook/cmake_prefix_path.ps1'
[4.035s] INFO:colcon.colcon_core.shell:Creating environment descriptor '/home/trash/robot_ws/install/robot_core/share/robot_core/hook/cmake_prefix_path.dsv'
[4.038s] INFO:colcon.colcon_core.shell:Creating environment hook '/home/trash/robot_ws/install/robot_core/share/robot_core/hook/cmake_prefix_path.sh'
[4.040s] Level 1:colcon.colcon_core.environment:checking '/home/trash/robot_ws/install/robot_core/lib'
[4.040s] Level 1:colcon.colcon_core.environment:checking '/home/trash/robot_ws/install/robot_core/bin'
[4.041s] Level 1:colcon.colcon_core.environment:checking '/home/trash/robot_ws/install/robot_core/lib/pkgconfig/robot_core.pc'
[4.041s] Level 1:colcon.colcon_core.environment:checking '/home/trash/robot_ws/install/robot_core/lib/python3.12/site-packages'
[4.042s] Level 1:colcon.colcon_core.environment:checking '/home/trash/robot_ws/install/robot_core/bin'
[4.042s] INFO:colcon.colcon_core.shell:Creating package script '/home/trash/robot_ws/install/robot_core/share/robot_core/package.ps1'
[4.044s] INFO:colcon.colcon_core.shell:Creating package descriptor '/home/trash/robot_ws/install/robot_core/share/robot_core/package.dsv'
[4.045s] INFO:colcon.colcon_core.shell:Creating package script '/home/trash/robot_ws/install/robot_core/share/robot_core/package.sh'
[4.046s] INFO:colcon.colcon_core.shell:Creating package script '/home/trash/robot_ws/install/robot_core/share/robot_core/package.bash'
[4.048s] INFO:colcon.colcon_core.shell:Creating package script '/home/trash/robot_ws/install/robot_core/share/robot_core/package.zsh'
[4.049s] Level 1:colcon.colcon_core.environment:create_file_with_runtime_dependencies(/home/trash/robot_ws/install/robot_core/share/colcon-core/packages/robot_core)
[4.053s] Level 1:colcon.colcon_core.environment:create_environment_scripts_only(robot_core)
[4.054s] Level 1:colcon.colcon_core.environment:checking '/home/trash/robot_ws/install/robot_core' for CMake module files
[4.055s] Level 1:colcon.colcon_core.environment:checking '/home/trash/robot_ws/install/robot_core' for CMake config files
[4.058s] Level 1:colcon.colcon_core.shell:create_environment_hook('robot_core', 'cmake_prefix_path')
[4.059s] INFO:colcon.colcon_core.shell:Creating environment hook '/home/trash/robot_ws/install/robot_core/share/robot_core/hook/cmake_prefix_path.ps1'
[4.060s] INFO:colcon.colcon_core.shell:Creating environment descriptor '/home/trash/robot_ws/install/robot_core/share/robot_core/hook/cmake_prefix_path.dsv'
[4.061s] INFO:colcon.colcon_core.shell:Creating environment hook '/home/trash/robot_ws/install/robot_core/share/robot_core/hook/cmake_prefix_path.sh'
[4.065s] Level 1:colcon.colcon_core.environment:checking '/home/trash/robot_ws/install/robot_core/lib'
[4.065s] Level 1:colcon.colcon_core.environment:checking '/home/trash/robot_ws/install/robot_core/bin'
[4.066s] Level 1:colcon.colcon_core.environment:checking '/home/trash/robot_ws/install/robot_core/lib/pkgconfig/robot_core.pc'
[4.069s] Level 1:colcon.colcon_core.environment:checking '/home/trash/robot_ws/install/robot_core/lib/python3.12/site-packages'
[4.070s] Level 1:colcon.colcon_core.environment:checking '/home/trash/robot_ws/install/robot_core/bin'
[4.070s] INFO:colcon.colcon_core.shell:Creating package script '/home/trash/robot_ws/install/robot_core/share/robot_core/package.ps1'
[4.071s] INFO:colcon.colcon_core.shell:Creating package descriptor '/home/trash/robot_ws/install/robot_core/share/robot_core/package.dsv'
[4.074s] INFO:colcon.colcon_core.shell:Creating package script '/home/trash/robot_ws/install/robot_core/share/robot_core/package.sh'
[4.083s] INFO:colcon.colcon_core.shell:Creating package script '/home/trash/robot_ws/install/robot_core/share/robot_core/package.bash'
[4.084s] INFO:colcon.colcon_core.shell:Creating package script '/home/trash/robot_ws/install/robot_core/share/robot_core/package.zsh'
[4.096s] Level 1:colcon.colcon_core.environment:create_file_with_runtime_dependencies(/home/trash/robot_ws/install/robot_core/share/colcon-core/packages/robot_core)
[27.167s] DEBUG:colcon.colcon_core.event_handler.log_command:Invoked command in '/home/trash/robot_ws/build/sllidar_ros2' returned '0': CMAKE_PREFIX_PATH=${CMAKE_PREFIX_PATH}:/home/trash/robot_workspace/install/cylindrical_robot:/opt/ros/jazzy DEBUGINFOD_URLS=https://debuginfod.ubuntu.com /usr/bin/cmake --build /home/trash/robot_ws/build/sllidar_ros2 -- -j4 -l4
[27.169s] DEBUG:colcon.colcon_core.event_handler.log_command:Invoking command in '/home/trash/robot_ws/build/sllidar_ros2': CMAKE_PREFIX_PATH=${CMAKE_PREFIX_PATH}:/home/trash/robot_workspace/install/cylindrical_robot:/opt/ros/jazzy DEBUGINFOD_URLS=https://debuginfod.ubuntu.com /usr/bin/cmake --install /home/trash/robot_ws/build/sllidar_ros2
[28.174s] Level 1:colcon.colcon_core.environment:create_environment_scripts_only(sllidar_ros2)
[28.175s] Level 1:colcon.colcon_core.environment:checking '/home/trash/robot_ws/install/sllidar_ros2' for CMake module files
[28.175s] DEBUG:colcon.colcon_core.event_handler.log_command:Invoked command in '/home/trash/robot_ws/build/sllidar_ros2' returned '0': CMAKE_PREFIX_PATH=${CMAKE_PREFIX_PATH}:/home/trash/robot_workspace/install/cylindrical_robot:/opt/ros/jazzy DEBUGINFOD_URLS=https://debuginfod.ubuntu.com /usr/bin/cmake --install /home/trash/robot_ws/build/sllidar_ros2
[28.176s] Level 1:colcon.colcon_core.environment:checking '/home/trash/robot_ws/install/sllidar_ros2' for CMake config files
[28.177s] Level 1:colcon.colcon_core.shell:create_environment_hook('sllidar_ros2', 'cmake_prefix_path')
[28.177s] INFO:colcon.colcon_core.shell:Creating environment hook '/home/trash/robot_ws/install/sllidar_ros2/share/sllidar_ros2/hook/cmake_prefix_path.ps1'
[28.177s] INFO:colcon.colcon_core.shell:Creating environment descriptor '/home/trash/robot_ws/install/sllidar_ros2/share/sllidar_ros2/hook/cmake_prefix_path.dsv'
[28.178s] INFO:colcon.colcon_core.shell:Creating environment hook '/home/trash/robot_ws/install/sllidar_ros2/share/sllidar_ros2/hook/cmake_prefix_path.sh'
[28.179s] Level 1:colcon.colcon_core.environment:checking '/home/trash/robot_ws/install/sllidar_ros2/lib'
[28.179s] Level 1:colcon.colcon_core.environment:checking '/home/trash/robot_ws/install/sllidar_ros2/bin'
[28.179s] Level 1:colcon.colcon_core.environment:checking '/home/trash/robot_ws/install/sllidar_ros2/lib/pkgconfig/sllidar_ros2.pc'
[28.179s] Level 1:colcon.colcon_core.environment:checking '/home/trash/robot_ws/install/sllidar_ros2/lib/python3.12/site-packages'
[28.179s] Level 1:colcon.colcon_core.environment:checking '/home/trash/robot_ws/install/sllidar_ros2/bin'
[28.180s] INFO:colcon.colcon_core.shell:Creating package script '/home/trash/robot_ws/install/sllidar_ros2/share/sllidar_ros2/package.ps1'
[28.180s] INFO:colcon.colcon_core.shell:Creating package descriptor '/home/trash/robot_ws/install/sllidar_ros2/share/sllidar_ros2/package.dsv'
[28.181s] INFO:colcon.colcon_core.shell:Creating package script '/home/trash/robot_ws/install/sllidar_ros2/share/sllidar_ros2/package.sh'
[28.181s] INFO:colcon.colcon_core.shell:Creating package script '/home/trash/robot_ws/install/sllidar_ros2/share/sllidar_ros2/package.bash'
[28.181s] INFO:colcon.colcon_core.shell:Creating package script '/home/trash/robot_ws/install/sllidar_ros2/share/sllidar_ros2/package.zsh'
[28.182s] Level 1:colcon.colcon_core.environment:create_file_with_runtime_dependencies(/home/trash/robot_ws/install/sllidar_ros2/share/colcon-core/packages/sllidar_ros2)
[28.183s] Level 1:colcon.colcon_core.environment:create_environment_scripts_only(sllidar_ros2)
[28.183s] Level 1:colcon.colcon_core.environment:checking '/home/trash/robot_ws/install/sllidar_ros2' for CMake module files
[28.184s] Level 1:colcon.colcon_core.environment:checking '/home/trash/robot_ws/install/sllidar_ros2' for CMake config files
[28.184s] Level 1:colcon.colcon_core.shell:create_environment_hook('sllidar_ros2', 'cmake_prefix_path')
[28.184s] INFO:colcon.colcon_core.shell:Creating environment hook '/home/trash/robot_ws/install/sllidar_ros2/share/sllidar_ros2/hook/cmake_prefix_path.ps1'
[28.185s] INFO:colcon.colcon_core.shell:Creating environment descriptor '/home/trash/robot_ws/install/sllidar_ros2/share/sllidar_ros2/hook/cmake_prefix_path.dsv'
[28.186s] INFO:colcon.colcon_core.shell:Creating environment hook '/home/trash/robot_ws/install/sllidar_ros2/share/sllidar_ros2/hook/cmake_prefix_path.sh'
[28.187s] Level 1:colcon.colcon_core.environment:checking '/home/trash/robot_ws/install/sllidar_ros2/lib'
[28.187s] Level 1:colcon.colcon_core.environment:checking '/home/trash/robot_ws/install/sllidar_ros2/bin'
[28.187s] Level 1:colcon.colcon_core.environment:checking '/home/trash/robot_ws/install/sllidar_ros2/lib/pkgconfig/sllidar_ros2.pc'
[28.188s] Level 1:colcon.colcon_core.environment:checking '/home/trash/robot_ws/install/sllidar_ros2/lib/python3.12/site-packages'
[28.188s] Level 1:colcon.colcon_core.environment:checking '/home/trash/robot_ws/install/sllidar_ros2/bin'
[28.188s] INFO:colcon.colcon_core.shell:Creating package script '/home/trash/robot_ws/install/sllidar_ros2/share/sllidar_ros2/package.ps1'
[28.189s] INFO:colcon.colcon_core.shell:Creating package descriptor '/home/trash/robot_ws/install/sllidar_ros2/share/sllidar_ros2/package.dsv'
[28.190s] INFO:colcon.colcon_core.shell:Creating package script '/home/trash/robot_ws/install/sllidar_ros2/share/sllidar_ros2/package.sh'
[28.191s] INFO:colcon.colcon_core.shell:Creating package script '/home/trash/robot_ws/install/sllidar_ros2/share/sllidar_ros2/package.bash'
[28.192s] INFO:colcon.colcon_core.shell:Creating package script '/home/trash/robot_ws/install/sllidar_ros2/share/sllidar_ros2/package.zsh'
[28.193s] Level 1:colcon.colcon_core.environment:create_file_with_runtime_dependencies(/home/trash/robot_ws/install/sllidar_ros2/share/colcon-core/packages/sllidar_ros2)
[28.195s] DEBUG:colcon.colcon_parallel_executor.executor.parallel:closing loop
[28.195s] DEBUG:colcon.colcon_parallel_executor.executor.parallel:loop closed
[28.195s] DEBUG:colcon.colcon_parallel_executor.executor.parallel:run_until_complete finished with '0'
[28.195s] DEBUG:colcon.colcon_core.event_reactor:joining thread
[28.219s] INFO:colcon.colcon_core.plugin_system:Skipping extension 'colcon_notification.desktop_notification.terminal_notifier': Not used on non-Darwin systems
[28.219s] INFO:colcon.colcon_core.plugin_system:Skipping extension 'colcon_notification.desktop_notification.win32': Not used on non-Windows systems
[28.220s] INFO:colcon.colcon_notification.desktop_notification:Sending desktop notification using 'notify2'
[28.261s] DEBUG:colcon.colcon_core.event_reactor:joined thread
[28.262s] INFO:colcon.colcon_core.shell:Creating prefix script '/home/trash/robot_ws/install/local_setup.ps1'
[28.263s] INFO:colcon.colcon_core.shell:Creating prefix util module '/home/trash/robot_ws/install/_local_setup_util_ps1.py'
[28.266s] INFO:colcon.colcon_core.shell:Creating prefix chain script '/home/trash/robot_ws/install/setup.ps1'
[28.268s] INFO:colcon.colcon_core.shell:Creating prefix script '/home/trash/robot_ws/install/local_setup.sh'
[28.271s] INFO:colcon.colcon_core.shell:Creating prefix util module '/home/trash/robot_ws/install/_local_setup_util_sh.py'
[28.272s] INFO:colcon.colcon_core.shell:Creating prefix chain script '/home/trash/robot_ws/install/setup.sh'
[28.274s] INFO:colcon.colcon_core.shell:Creating prefix script '/home/trash/robot_ws/install/local_setup.bash'
[28.277s] INFO:colcon.colcon_core.shell:Creating prefix chain script '/home/trash/robot_ws/install/setup.bash'
[28.282s] INFO:colcon.colcon_core.shell:Creating prefix script '/home/trash/robot_ws/install/local_setup.zsh'
[28.284s] INFO:colcon.colcon_core.shell:Creating prefix chain script '/home/trash/robot_ws/install/setup.zsh'
