[0.144s] DEBUG:colcon:Command line arguments: ['/usr/bin/colcon', 'build']
[0.144s] DEBUG:colcon:Parsed command line arguments: Namespace(log_base=None, log_level=None, verb_name='build', build_base='build', install_base='install', merge_install=False, symlink_install=False, test_result_base=None, continue_on_error=False, executor='parallel', parallel_workers=4, event_handlers=None, ignore_user_meta=False, metas=['./colcon.meta'], base_paths=['.'], packages_ignore=None, packages_ignore_regex=None, paths=None, packages_up_to=None, packages_up_to_regex=None, packages_above=None, packages_above_and_dependencies=None, packages_above_depth=None, packages_select_by_dep=None, packages_skip_by_dep=None, packages_skip_up_to=None, packages_select_build_failed=False, packages_skip_build_finished=False, packages_select_test_failures=False, packages_skip_test_passed=False, packages_select=None, packages_skip=None, packages_select_regex=None, packages_skip_regex=None, packages_start=None, packages_end=None, allow_overriding=[], cmake_args=None, cmake_target=None, cmake_target_skip_unavailable=False, cmake_clean_cache=False, cmake_clean_first=False, cmake_force_configure=False, ament_cmake_args=None, catkin_cmake_args=None, catkin_skip_building_tests=False, verb_parser=<colcon_defaults.argument_parser.defaults.DefaultArgumentsDecorator object at 0xffff9f4689e0>, verb_extension=<colcon_core.verb.build.BuildVerb object at 0xffff9f61d2b0>, main=<bound method BuildVerb.main of <colcon_core.verb.build.BuildVerb object at 0xffff9f61d2b0>>)
[0.199s] Level 1:colcon.colcon_core.package_discovery:discover_packages(colcon_meta) check parameters
[0.200s] Level 1:colcon.colcon_core.package_discovery:discover_packages(recursive) check parameters
[0.200s] Level 1:colcon.colcon_core.package_discovery:discover_packages(ignore) check parameters
[0.200s] Level 1:colcon.colcon_core.package_discovery:discover_packages(path) check parameters
[0.200s] Level 1:colcon.colcon_core.package_discovery:discover_packages(colcon_meta) discover
[0.200s] Level 1:colcon.colcon_core.package_discovery:discover_packages(recursive) discover
[0.200s] INFO:colcon.colcon_core.package_discovery:Crawling recursively for packages in '/home/trash/robot_ws'
[0.200s] Level 1:colcon.colcon_core.package_identification:_identify(.) by extensions ['ignore', 'ignore_ament_install']
[0.200s] Level 1:colcon.colcon_core.package_identification:_identify(.) by extension 'ignore'
[0.200s] Level 1:colcon.colcon_core.package_identification:_identify(.) by extension 'ignore_ament_install'
[0.200s] Level 1:colcon.colcon_core.package_identification:_identify(.) by extensions ['colcon_pkg']
[0.200s] Level 1:colcon.colcon_core.package_identification:_identify(.) by extension 'colcon_pkg'
[0.200s] Level 1:colcon.colcon_core.package_identification:_identify(.) by extensions ['colcon_meta']
[0.200s] Level 1:colcon.colcon_core.package_identification:_identify(.) by extension 'colcon_meta'
[0.200s] Level 1:colcon.colcon_core.package_identification:_identify(.) by extensions ['ros']
[0.200s] Level 1:colcon.colcon_core.package_identification:_identify(.) by extension 'ros'
[0.238s] Level 1:colcon.colcon_core.package_identification:_identify(.) by extensions ['cmake', 'python']
[0.238s] Level 1:colcon.colcon_core.package_identification:_identify(.) by extension 'cmake'
[0.238s] Level 1:colcon.colcon_core.package_identification:_identify(.) by extension 'python'
[0.238s] Level 1:colcon.colcon_core.package_identification:_identify(.) by extensions ['python_setup_py']
[0.238s] Level 1:colcon.colcon_core.package_identification:_identify(.) by extension 'python_setup_py'
[0.238s] Level 1:colcon.colcon_core.package_identification:_identify(build) by extensions ['ignore', 'ignore_ament_install']
[0.238s] Level 1:colcon.colcon_core.package_identification:_identify(build) by extension 'ignore'
[0.238s] Level 1:colcon.colcon_core.package_identification:_identify(build) ignored
[0.238s] Level 1:colcon.colcon_core.package_identification:_identify(install) by extensions ['ignore', 'ignore_ament_install']
[0.238s] Level 1:colcon.colcon_core.package_identification:_identify(install) by extension 'ignore'
[0.238s] Level 1:colcon.colcon_core.package_identification:_identify(install) ignored
[0.239s] Level 1:colcon.colcon_core.package_identification:_identify(log) by extensions ['ignore', 'ignore_ament_install']
[0.239s] Level 1:colcon.colcon_core.package_identification:_identify(log) by extension 'ignore'
[0.239s] Level 1:colcon.colcon_core.package_identification:_identify(log) ignored
[0.239s] Level 1:colcon.colcon_core.package_identification:_identify(src) by extensions ['ignore', 'ignore_ament_install']
[0.239s] Level 1:colcon.colcon_core.package_identification:_identify(src) by extension 'ignore'
[0.239s] Level 1:colcon.colcon_core.package_identification:_identify(src) by extension 'ignore_ament_install'
[0.239s] Level 1:colcon.colcon_core.package_identification:_identify(src) by extensions ['colcon_pkg']
[0.239s] Level 1:colcon.colcon_core.package_identification:_identify(src) by extension 'colcon_pkg'
[0.239s] Level 1:colcon.colcon_core.package_identification:_identify(src) by extensions ['colcon_meta']
[0.239s] Level 1:colcon.colcon_core.package_identification:_identify(src) by extension 'colcon_meta'
[0.239s] Level 1:colcon.colcon_core.package_identification:_identify(src) by extensions ['ros']
[0.239s] Level 1:colcon.colcon_core.package_identification:_identify(src) by extension 'ros'
[0.239s] Level 1:colcon.colcon_core.package_identification:_identify(src) by extensions ['cmake', 'python']
[0.239s] Level 1:colcon.colcon_core.package_identification:_identify(src) by extension 'cmake'
[0.239s] Level 1:colcon.colcon_core.package_identification:_identify(src) by extension 'python'
[0.239s] Level 1:colcon.colcon_core.package_identification:_identify(src) by extensions ['python_setup_py']
[0.239s] Level 1:colcon.colcon_core.package_identification:_identify(src) by extension 'python_setup_py'
[0.240s] Level 1:colcon.colcon_core.package_identification:_identify(src/rf2o_laser_odometry) by extensions ['ignore', 'ignore_ament_install']
[0.240s] Level 1:colcon.colcon_core.package_identification:_identify(src/rf2o_laser_odometry) by extension 'ignore'
[0.240s] Level 1:colcon.colcon_core.package_identification:_identify(src/rf2o_laser_odometry) by extension 'ignore_ament_install'
[0.240s] Level 1:colcon.colcon_core.package_identification:_identify(src/rf2o_laser_odometry) by extensions ['colcon_pkg']
[0.240s] Level 1:colcon.colcon_core.package_identification:_identify(src/rf2o_laser_odometry) by extension 'colcon_pkg'
[0.240s] Level 1:colcon.colcon_core.package_identification:_identify(src/rf2o_laser_odometry) by extensions ['colcon_meta']
[0.240s] Level 1:colcon.colcon_core.package_identification:_identify(src/rf2o_laser_odometry) by extension 'colcon_meta'
[0.240s] Level 1:colcon.colcon_core.package_identification:_identify(src/rf2o_laser_odometry) by extensions ['ros']
[0.240s] Level 1:colcon.colcon_core.package_identification:_identify(src/rf2o_laser_odometry) by extension 'ros'
[0.244s] DEBUG:colcon.colcon_core.package_identification:Package 'src/rf2o_laser_odometry' with type 'ros.ament_cmake' and name 'rf2o_laser_odometry'
[0.244s] Level 1:colcon.colcon_core.package_identification:_identify(src/robot_core) by extensions ['ignore', 'ignore_ament_install']
[0.244s] Level 1:colcon.colcon_core.package_identification:_identify(src/robot_core) by extension 'ignore'
[0.244s] Level 1:colcon.colcon_core.package_identification:_identify(src/robot_core) by extension 'ignore_ament_install'
[0.244s] Level 1:colcon.colcon_core.package_identification:_identify(src/robot_core) by extensions ['colcon_pkg']
[0.244s] Level 1:colcon.colcon_core.package_identification:_identify(src/robot_core) by extension 'colcon_pkg'
[0.244s] Level 1:colcon.colcon_core.package_identification:_identify(src/robot_core) by extensions ['colcon_meta']
[0.244s] Level 1:colcon.colcon_core.package_identification:_identify(src/robot_core) by extension 'colcon_meta'
[0.244s] Level 1:colcon.colcon_core.package_identification:_identify(src/robot_core) by extensions ['ros']
[0.244s] Level 1:colcon.colcon_core.package_identification:_identify(src/robot_core) by extension 'ros'
[0.245s] DEBUG:colcon.colcon_core.package_identification:Package 'src/robot_core' with type 'ros.ament_cmake' and name 'robot_core'
[0.245s] Level 1:colcon.colcon_core.package_identification:_identify(src/sllidar_ros2) by extensions ['ignore', 'ignore_ament_install']
[0.245s] Level 1:colcon.colcon_core.package_identification:_identify(src/sllidar_ros2) by extension 'ignore'
[0.245s] Level 1:colcon.colcon_core.package_identification:_identify(src/sllidar_ros2) by extension 'ignore_ament_install'
[0.245s] Level 1:colcon.colcon_core.package_identification:_identify(src/sllidar_ros2) by extensions ['colcon_pkg']
[0.245s] Level 1:colcon.colcon_core.package_identification:_identify(src/sllidar_ros2) by extension 'colcon_pkg'
[0.245s] Level 1:colcon.colcon_core.package_identification:_identify(src/sllidar_ros2) by extensions ['colcon_meta']
[0.246s] Level 1:colcon.colcon_core.package_identification:_identify(src/sllidar_ros2) by extension 'colcon_meta'
[0.246s] Level 1:colcon.colcon_core.package_identification:_identify(src/sllidar_ros2) by extensions ['ros']
[0.246s] Level 1:colcon.colcon_core.package_identification:_identify(src/sllidar_ros2) by extension 'ros'
[0.246s] DEBUG:colcon.colcon_core.package_identification:Package 'src/sllidar_ros2' with type 'ros.ament_cmake' and name 'sllidar_ros2'
[0.246s] Level 1:colcon.colcon_core.package_discovery:discover_packages(recursive) using defaults
[0.247s] Level 1:colcon.colcon_core.package_discovery:discover_packages(ignore) discover
[0.247s] Level 1:colcon.colcon_core.package_discovery:discover_packages(ignore) using defaults
[0.247s] Level 1:colcon.colcon_core.package_discovery:discover_packages(path) discover
[0.247s] Level 1:colcon.colcon_core.package_discovery:discover_packages(path) using defaults
[0.270s] Level 1:colcon.colcon_core.package_discovery:discover_packages(prefix_path) check parameters
[0.270s] Level 1:colcon.colcon_core.package_discovery:discover_packages(prefix_path) discover
[0.273s] DEBUG:colcon.colcon_installed_package_information.package_discovery:Found 1 installed packages in /home/trash/trash_bot_ws/install
[0.273s] DEBUG:colcon.colcon_installed_package_information.package_discovery:Found 1 installed packages in /home/trash/trash_bot_ws/src/trash_bot/install
[0.274s] DEBUG:colcon.colcon_installed_package_information.package_discovery:Found 1 installed packages in /home/trash/robot_workspace/install
[0.276s] DEBUG:colcon.colcon_installed_package_information.package_discovery:Found 380 installed packages in /opt/ros/jazzy
[0.279s] Level 1:colcon.colcon_core.package_discovery:discover_packages(prefix_path) using defaults
[0.352s] Level 5:colcon.colcon_core.verb:set package 'rf2o_laser_odometry' build argument 'cmake_args' from command line to 'None'
[0.352s] Level 5:colcon.colcon_core.verb:set package 'rf2o_laser_odometry' build argument 'cmake_target' from command line to 'None'
[0.352s] Level 5:colcon.colcon_core.verb:set package 'rf2o_laser_odometry' build argument 'cmake_target_skip_unavailable' from command line to 'False'
[0.352s] Level 5:colcon.colcon_core.verb:set package 'rf2o_laser_odometry' build argument 'cmake_clean_cache' from command line to 'False'
[0.352s] Level 5:colcon.colcon_core.verb:set package 'rf2o_laser_odometry' build argument 'cmake_clean_first' from command line to 'False'
[0.352s] Level 5:colcon.colcon_core.verb:set package 'rf2o_laser_odometry' build argument 'cmake_force_configure' from command line to 'False'
[0.352s] Level 5:colcon.colcon_core.verb:set package 'rf2o_laser_odometry' build argument 'ament_cmake_args' from command line to 'None'
[0.352s] Level 5:colcon.colcon_core.verb:set package 'rf2o_laser_odometry' build argument 'catkin_cmake_args' from command line to 'None'
[0.352s] Level 5:colcon.colcon_core.verb:set package 'rf2o_laser_odometry' build argument 'catkin_skip_building_tests' from command line to 'False'
[0.352s] DEBUG:colcon.colcon_core.verb:Building package 'rf2o_laser_odometry' with the following arguments: {'ament_cmake_args': None, 'build_base': '/home/trash/robot_ws/build/rf2o_laser_odometry', 'catkin_cmake_args': None, 'catkin_skip_building_tests': False, 'cmake_args': None, 'cmake_clean_cache': False, 'cmake_clean_first': False, 'cmake_force_configure': False, 'cmake_target': None, 'cmake_target_skip_unavailable': False, 'install_base': '/home/trash/robot_ws/install/rf2o_laser_odometry', 'merge_install': False, 'path': '/home/trash/robot_ws/src/rf2o_laser_odometry', 'symlink_install': False, 'test_result_base': None}
[0.353s] Level 5:colcon.colcon_core.verb:set package 'robot_core' build argument 'cmake_args' from command line to 'None'
[0.353s] Level 5:colcon.colcon_core.verb:set package 'robot_core' build argument 'cmake_target' from command line to 'None'
[0.353s] Level 5:colcon.colcon_core.verb:set package 'robot_core' build argument 'cmake_target_skip_unavailable' from command line to 'False'
[0.353s] Level 5:colcon.colcon_core.verb:set package 'robot_core' build argument 'cmake_clean_cache' from command line to 'False'
[0.353s] Level 5:colcon.colcon_core.verb:set package 'robot_core' build argument 'cmake_clean_first' from command line to 'False'
[0.353s] Level 5:colcon.colcon_core.verb:set package 'robot_core' build argument 'cmake_force_configure' from command line to 'False'
[0.353s] Level 5:colcon.colcon_core.verb:set package 'robot_core' build argument 'ament_cmake_args' from command line to 'None'
[0.353s] Level 5:colcon.colcon_core.verb:set package 'robot_core' build argument 'catkin_cmake_args' from command line to 'None'
[0.353s] Level 5:colcon.colcon_core.verb:set package 'robot_core' build argument 'catkin_skip_building_tests' from command line to 'False'
[0.353s] DEBUG:colcon.colcon_core.verb:Building package 'robot_core' with the following arguments: {'ament_cmake_args': None, 'build_base': '/home/trash/robot_ws/build/robot_core', 'catkin_cmake_args': None, 'catkin_skip_building_tests': False, 'cmake_args': None, 'cmake_clean_cache': False, 'cmake_clean_first': False, 'cmake_force_configure': False, 'cmake_target': None, 'cmake_target_skip_unavailable': False, 'install_base': '/home/trash/robot_ws/install/robot_core', 'merge_install': False, 'path': '/home/trash/robot_ws/src/robot_core', 'symlink_install': False, 'test_result_base': None}
[0.353s] Level 5:colcon.colcon_core.verb:set package 'sllidar_ros2' build argument 'cmake_args' from command line to 'None'
[0.353s] Level 5:colcon.colcon_core.verb:set package 'sllidar_ros2' build argument 'cmake_target' from command line to 'None'
[0.353s] Level 5:colcon.colcon_core.verb:set package 'sllidar_ros2' build argument 'cmake_target_skip_unavailable' from command line to 'False'
[0.353s] Level 5:colcon.colcon_core.verb:set package 'sllidar_ros2' build argument 'cmake_clean_cache' from command line to 'False'
[0.353s] Level 5:colcon.colcon_core.verb:set package 'sllidar_ros2' build argument 'cmake_clean_first' from command line to 'False'
[0.353s] Level 5:colcon.colcon_core.verb:set package 'sllidar_ros2' build argument 'cmake_force_configure' from command line to 'False'
[0.353s] Level 5:colcon.colcon_core.verb:set package 'sllidar_ros2' build argument 'ament_cmake_args' from command line to 'None'
[0.353s] Level 5:colcon.colcon_core.verb:set package 'sllidar_ros2' build argument 'catkin_cmake_args' from command line to 'None'
[0.354s] Level 5:colcon.colcon_core.verb:set package 'sllidar_ros2' build argument 'catkin_skip_building_tests' from command line to 'False'
[0.354s] DEBUG:colcon.colcon_core.verb:Building package 'sllidar_ros2' with the following arguments: {'ament_cmake_args': None, 'build_base': '/home/trash/robot_ws/build/sllidar_ros2', 'catkin_cmake_args': None, 'catkin_skip_building_tests': False, 'cmake_args': None, 'cmake_clean_cache': False, 'cmake_clean_first': False, 'cmake_force_configure': False, 'cmake_target': None, 'cmake_target_skip_unavailable': False, 'install_base': '/home/trash/robot_ws/install/sllidar_ros2', 'merge_install': False, 'path': '/home/trash/robot_ws/src/sllidar_ros2', 'symlink_install': False, 'test_result_base': None}
[0.354s] INFO:colcon.colcon_core.executor:Executing jobs using 'parallel' executor
[0.355s] DEBUG:colcon.colcon_parallel_executor.executor.parallel:run_until_complete
[0.356s] INFO:colcon.colcon_ros.task.ament_cmake.build:Building ROS package in '/home/trash/robot_ws/src/rf2o_laser_odometry' with build type 'ament_cmake'
[0.357s] INFO:colcon.colcon_cmake.task.cmake.build:Building CMake package in '/home/trash/robot_ws/src/rf2o_laser_odometry'
[0.363s] INFO:colcon.colcon_core.plugin_system:Skipping extension 'colcon_core.shell.bat': Not used on non-Windows systems
[0.364s] INFO:colcon.colcon_core.shell:Skip shell extension 'powershell' for command environment: Not usable outside of PowerShell
[0.364s] DEBUG:colcon.colcon_core.shell:Skip shell extension 'dsv' for command environment
[0.373s] INFO:colcon.colcon_ros.task.ament_cmake.build:Building ROS package in '/home/trash/robot_ws/src/robot_core' with build type 'ament_cmake'
[0.376s] INFO:colcon.colcon_cmake.task.cmake.build:Building CMake package in '/home/trash/robot_ws/src/robot_core'
[0.379s] INFO:colcon.colcon_core.shell:Skip shell extension 'powershell' for command environment: Not usable outside of PowerShell
[0.380s] DEBUG:colcon.colcon_core.shell:Skip shell extension 'dsv' for command environment
[0.395s] INFO:colcon.colcon_ros.task.ament_cmake.build:Building ROS package in '/home/trash/robot_ws/src/sllidar_ros2' with build type 'ament_cmake'
[0.396s] INFO:colcon.colcon_cmake.task.cmake.build:Building CMake package in '/home/trash/robot_ws/src/sllidar_ros2'
[0.402s] INFO:colcon.colcon_core.shell:Skip shell extension 'powershell' for command environment: Not usable outside of PowerShell
[0.403s] DEBUG:colcon.colcon_core.shell:Skip shell extension 'dsv' for command environment
[0.440s] DEBUG:colcon.colcon_core.event_handler.log_command:Invoking command in '/home/trash/robot_ws/build/rf2o_laser_odometry': CMAKE_PREFIX_PATH=${CMAKE_PREFIX_PATH}:/home/trash/robot_workspace/install/cylindrical_robot:/opt/ros/jazzy DEBUGINFOD_URLS=https://debuginfod.ubuntu.com /usr/bin/cmake /home/trash/robot_ws/src/rf2o_laser_odometry -DCMAKE_INSTALL_PREFIX=/home/trash/robot_ws/install/rf2o_laser_odometry
[0.460s] DEBUG:colcon.colcon_core.event_handler.log_command:Invoking command in '/home/trash/robot_ws/build/robot_core': CMAKE_PREFIX_PATH=${CMAKE_PREFIX_PATH}:/home/trash/robot_workspace/install/cylindrical_robot:/opt/ros/jazzy DEBUGINFOD_URLS=https://debuginfod.ubuntu.com /usr/bin/cmake /home/trash/robot_ws/src/robot_core -DCMAKE_INSTALL_PREFIX=/home/trash/robot_ws/install/robot_core
[0.478s] DEBUG:colcon.colcon_core.event_handler.log_command:Invoking command in '/home/trash/robot_ws/build/sllidar_ros2': CMAKE_PREFIX_PATH=${CMAKE_PREFIX_PATH}:/home/trash/robot_workspace/install/cylindrical_robot:/opt/ros/jazzy DEBUGINFOD_URLS=https://debuginfod.ubuntu.com /usr/bin/cmake /home/trash/robot_ws/src/sllidar_ros2 -DCMAKE_INSTALL_PREFIX=/home/trash/robot_ws/install/sllidar_ros2
[2.298s] DEBUG:colcon.colcon_core.event_handler.log_command:Invoked command in '/home/trash/robot_ws/build/sllidar_ros2' returned '0': CMAKE_PREFIX_PATH=${CMAKE_PREFIX_PATH}:/home/trash/robot_workspace/install/cylindrical_robot:/opt/ros/jazzy DEBUGINFOD_URLS=https://debuginfod.ubuntu.com /usr/bin/cmake /home/trash/robot_ws/src/sllidar_ros2 -DCMAKE_INSTALL_PREFIX=/home/trash/robot_ws/install/sllidar_ros2
[2.299s] DEBUG:colcon.colcon_core.event_handler.log_command:Invoking command in '/home/trash/robot_ws/build/sllidar_ros2': CMAKE_PREFIX_PATH=${CMAKE_PREFIX_PATH}:/home/trash/robot_workspace/install/cylindrical_robot:/opt/ros/jazzy DEBUGINFOD_URLS=https://debuginfod.ubuntu.com /usr/bin/cmake --build /home/trash/robot_ws/build/sllidar_ros2 -- -j4 -l4
[2.470s] DEBUG:colcon.colcon_core.event_handler.log_command:Invoked command in '/home/trash/robot_ws/build/rf2o_laser_odometry' returned '0': CMAKE_PREFIX_PATH=${CMAKE_PREFIX_PATH}:/home/trash/robot_workspace/install/cylindrical_robot:/opt/ros/jazzy DEBUGINFOD_URLS=https://debuginfod.ubuntu.com /usr/bin/cmake /home/trash/robot_ws/src/rf2o_laser_odometry -DCMAKE_INSTALL_PREFIX=/home/trash/robot_ws/install/rf2o_laser_odometry
[2.472s] DEBUG:colcon.colcon_core.event_handler.log_command:Invoking command in '/home/trash/robot_ws/build/rf2o_laser_odometry': CMAKE_PREFIX_PATH=${CMAKE_PREFIX_PATH}:/home/trash/robot_workspace/install/cylindrical_robot:/opt/ros/jazzy DEBUGINFOD_URLS=https://debuginfod.ubuntu.com /usr/bin/cmake --build /home/trash/robot_ws/build/rf2o_laser_odometry -- -j4 -l4
[2.567s] DEBUG:colcon.colcon_core.event_handler.log_command:Invoked command in '/home/trash/robot_ws/build/robot_core' returned '0': CMAKE_PREFIX_PATH=${CMAKE_PREFIX_PATH}:/home/trash/robot_workspace/install/cylindrical_robot:/opt/ros/jazzy DEBUGINFOD_URLS=https://debuginfod.ubuntu.com /usr/bin/cmake /home/trash/robot_ws/src/robot_core -DCMAKE_INSTALL_PREFIX=/home/trash/robot_ws/install/robot_core
[2.568s] DEBUG:colcon.colcon_core.event_handler.log_command:Invoking command in '/home/trash/robot_ws/build/robot_core': CMAKE_PREFIX_PATH=${CMAKE_PREFIX_PATH}:/home/trash/robot_workspace/install/cylindrical_robot:/opt/ros/jazzy DEBUGINFOD_URLS=https://debuginfod.ubuntu.com /usr/bin/cmake --build /home/trash/robot_ws/build/robot_core -- -j4 -l4
[2.602s] DEBUG:colcon.colcon_core.event_handler.log_command:Invoked command in '/home/trash/robot_ws/build/sllidar_ros2' returned '0': CMAKE_PREFIX_PATH=${CMAKE_PREFIX_PATH}:/home/trash/robot_workspace/install/cylindrical_robot:/opt/ros/jazzy DEBUGINFOD_URLS=https://debuginfod.ubuntu.com /usr/bin/cmake --build /home/trash/robot_ws/build/sllidar_ros2 -- -j4 -l4
[2.641s] DEBUG:colcon.colcon_core.event_handler.log_command:Invoking command in '/home/trash/robot_ws/build/sllidar_ros2': CMAKE_PREFIX_PATH=${CMAKE_PREFIX_PATH}:/home/trash/robot_workspace/install/cylindrical_robot:/opt/ros/jazzy DEBUGINFOD_URLS=https://debuginfod.ubuntu.com /usr/bin/cmake --install /home/trash/robot_ws/build/sllidar_ros2
[2.708s] Level 1:colcon.colcon_core.environment:create_environment_scripts_only(sllidar_ros2)
[2.710s] DEBUG:colcon.colcon_core.event_handler.log_command:Invoked command in '/home/trash/robot_ws/build/sllidar_ros2' returned '0': CMAKE_PREFIX_PATH=${CMAKE_PREFIX_PATH}:/home/trash/robot_workspace/install/cylindrical_robot:/opt/ros/jazzy DEBUGINFOD_URLS=https://debuginfod.ubuntu.com /usr/bin/cmake --install /home/trash/robot_ws/build/sllidar_ros2
[2.715s] Level 1:colcon.colcon_core.environment:checking '/home/trash/robot_ws/install/sllidar_ros2' for CMake module files
[2.716s] Level 1:colcon.colcon_core.environment:checking '/home/trash/robot_ws/install/sllidar_ros2' for CMake config files
[2.719s] Level 1:colcon.colcon_core.shell:create_environment_hook('sllidar_ros2', 'cmake_prefix_path')
[2.720s] INFO:colcon.colcon_core.shell:Creating environment hook '/home/trash/robot_ws/install/sllidar_ros2/share/sllidar_ros2/hook/cmake_prefix_path.ps1'
[2.722s] INFO:colcon.colcon_core.shell:Creating environment descriptor '/home/trash/robot_ws/install/sllidar_ros2/share/sllidar_ros2/hook/cmake_prefix_path.dsv'
[2.724s] INFO:colcon.colcon_core.shell:Creating environment hook '/home/trash/robot_ws/install/sllidar_ros2/share/sllidar_ros2/hook/cmake_prefix_path.sh'
[2.727s] Level 1:colcon.colcon_core.environment:checking '/home/trash/robot_ws/install/sllidar_ros2/lib'
[2.728s] Level 1:colcon.colcon_core.environment:checking '/home/trash/robot_ws/install/sllidar_ros2/bin'
[2.728s] Level 1:colcon.colcon_core.environment:checking '/home/trash/robot_ws/install/sllidar_ros2/lib/pkgconfig/sllidar_ros2.pc'
[2.728s] Level 1:colcon.colcon_core.environment:checking '/home/trash/robot_ws/install/sllidar_ros2/lib/python3.12/site-packages'
[2.729s] Level 1:colcon.colcon_core.environment:checking '/home/trash/robot_ws/install/sllidar_ros2/bin'
[2.729s] INFO:colcon.colcon_core.shell:Creating package script '/home/trash/robot_ws/install/sllidar_ros2/share/sllidar_ros2/package.ps1'
[2.731s] INFO:colcon.colcon_core.shell:Creating package descriptor '/home/trash/robot_ws/install/sllidar_ros2/share/sllidar_ros2/package.dsv'
[2.732s] INFO:colcon.colcon_core.shell:Creating package script '/home/trash/robot_ws/install/sllidar_ros2/share/sllidar_ros2/package.sh'
[2.733s] INFO:colcon.colcon_core.shell:Creating package script '/home/trash/robot_ws/install/sllidar_ros2/share/sllidar_ros2/package.bash'
[2.734s] INFO:colcon.colcon_core.shell:Creating package script '/home/trash/robot_ws/install/sllidar_ros2/share/sllidar_ros2/package.zsh'
[2.735s] Level 1:colcon.colcon_core.environment:create_file_with_runtime_dependencies(/home/trash/robot_ws/install/sllidar_ros2/share/colcon-core/packages/sllidar_ros2)
[2.737s] Level 1:colcon.colcon_core.environment:create_environment_scripts_only(sllidar_ros2)
[2.737s] Level 1:colcon.colcon_core.environment:checking '/home/trash/robot_ws/install/sllidar_ros2' for CMake module files
[2.738s] Level 1:colcon.colcon_core.environment:checking '/home/trash/robot_ws/install/sllidar_ros2' for CMake config files
[2.738s] Level 1:colcon.colcon_core.shell:create_environment_hook('sllidar_ros2', 'cmake_prefix_path')
[2.738s] INFO:colcon.colcon_core.shell:Creating environment hook '/home/trash/robot_ws/install/sllidar_ros2/share/sllidar_ros2/hook/cmake_prefix_path.ps1'
[2.739s] INFO:colcon.colcon_core.shell:Creating environment descriptor '/home/trash/robot_ws/install/sllidar_ros2/share/sllidar_ros2/hook/cmake_prefix_path.dsv'
[2.744s] INFO:colcon.colcon_core.shell:Creating environment hook '/home/trash/robot_ws/install/sllidar_ros2/share/sllidar_ros2/hook/cmake_prefix_path.sh'
[2.745s] Level 1:colcon.colcon_core.environment:checking '/home/trash/robot_ws/install/sllidar_ros2/lib'
[2.746s] Level 1:colcon.colcon_core.environment:checking '/home/trash/robot_ws/install/sllidar_ros2/bin'
[2.746s] Level 1:colcon.colcon_core.environment:checking '/home/trash/robot_ws/install/sllidar_ros2/lib/pkgconfig/sllidar_ros2.pc'
[2.746s] Level 1:colcon.colcon_core.environment:checking '/home/trash/robot_ws/install/sllidar_ros2/lib/python3.12/site-packages'
[2.746s] Level 1:colcon.colcon_core.environment:checking '/home/trash/robot_ws/install/sllidar_ros2/bin'
[2.747s] INFO:colcon.colcon_core.shell:Creating package script '/home/trash/robot_ws/install/sllidar_ros2/share/sllidar_ros2/package.ps1'
[2.748s] INFO:colcon.colcon_core.shell:Creating package descriptor '/home/trash/robot_ws/install/sllidar_ros2/share/sllidar_ros2/package.dsv'
[2.752s] INFO:colcon.colcon_core.shell:Creating package script '/home/trash/robot_ws/install/sllidar_ros2/share/sllidar_ros2/package.sh'
[2.753s] INFO:colcon.colcon_core.shell:Creating package script '/home/trash/robot_ws/install/sllidar_ros2/share/sllidar_ros2/package.bash'
[2.754s] INFO:colcon.colcon_core.shell:Creating package script '/home/trash/robot_ws/install/sllidar_ros2/share/sllidar_ros2/package.zsh'
[2.755s] Level 1:colcon.colcon_core.environment:create_file_with_runtime_dependencies(/home/trash/robot_ws/install/sllidar_ros2/share/colcon-core/packages/sllidar_ros2)
[2.762s] DEBUG:colcon.colcon_core.event_handler.log_command:Invoked command in '/home/trash/robot_ws/build/rf2o_laser_odometry' returned '0': CMAKE_PREFIX_PATH=${CMAKE_PREFIX_PATH}:/home/trash/robot_workspace/install/cylindrical_robot:/opt/ros/jazzy DEBUGINFOD_URLS=https://debuginfod.ubuntu.com /usr/bin/cmake --build /home/trash/robot_ws/build/rf2o_laser_odometry -- -j4 -l4
[2.767s] DEBUG:colcon.colcon_core.event_handler.log_command:Invoking command in '/home/trash/robot_ws/build/rf2o_laser_odometry': CMAKE_PREFIX_PATH=${CMAKE_PREFIX_PATH}:/home/trash/robot_workspace/install/cylindrical_robot:/opt/ros/jazzy DEBUGINFOD_URLS=https://debuginfod.ubuntu.com /usr/bin/cmake --install /home/trash/robot_ws/build/rf2o_laser_odometry
[2.769s] DEBUG:colcon.colcon_core.event_handler.log_command:Invoked command in '/home/trash/robot_ws/build/robot_core' returned '0': CMAKE_PREFIX_PATH=${CMAKE_PREFIX_PATH}:/home/trash/robot_workspace/install/cylindrical_robot:/opt/ros/jazzy DEBUGINFOD_URLS=https://debuginfod.ubuntu.com /usr/bin/cmake --build /home/trash/robot_ws/build/robot_core -- -j4 -l4
[2.773s] DEBUG:colcon.colcon_core.event_handler.log_command:Invoking command in '/home/trash/robot_ws/build/robot_core': CMAKE_PREFIX_PATH=${CMAKE_PREFIX_PATH}:/home/trash/robot_workspace/install/cylindrical_robot:/opt/ros/jazzy DEBUGINFOD_URLS=https://debuginfod.ubuntu.com /usr/bin/cmake --install /home/trash/robot_ws/build/robot_core
[2.854s] Level 1:colcon.colcon_core.environment:create_environment_scripts_only(robot_core)
[2.855s] Level 1:colcon.colcon_core.environment:checking '/home/trash/robot_ws/install/robot_core' for CMake module files
[2.856s] Level 1:colcon.colcon_core.environment:checking '/home/trash/robot_ws/install/robot_core' for CMake config files
[2.857s] DEBUG:colcon.colcon_core.event_handler.log_command:Invoked command in '/home/trash/robot_ws/build/robot_core' returned '0': CMAKE_PREFIX_PATH=${CMAKE_PREFIX_PATH}:/home/trash/robot_workspace/install/cylindrical_robot:/opt/ros/jazzy DEBUGINFOD_URLS=https://debuginfod.ubuntu.com /usr/bin/cmake --install /home/trash/robot_ws/build/robot_core
[2.858s] Level 1:colcon.colcon_core.shell:create_environment_hook('robot_core', 'cmake_prefix_path')
[2.858s] INFO:colcon.colcon_core.shell:Creating environment hook '/home/trash/robot_ws/install/robot_core/share/robot_core/hook/cmake_prefix_path.ps1'
[2.859s] INFO:colcon.colcon_core.shell:Creating environment descriptor '/home/trash/robot_ws/install/robot_core/share/robot_core/hook/cmake_prefix_path.dsv'
[2.860s] INFO:colcon.colcon_core.shell:Creating environment hook '/home/trash/robot_ws/install/robot_core/share/robot_core/hook/cmake_prefix_path.sh'
[2.861s] Level 1:colcon.colcon_core.environment:checking '/home/trash/robot_ws/install/robot_core/lib'
[2.862s] Level 1:colcon.colcon_core.environment:checking '/home/trash/robot_ws/install/robot_core/bin'
[2.862s] Level 1:colcon.colcon_core.environment:checking '/home/trash/robot_ws/install/robot_core/lib/pkgconfig/robot_core.pc'
[2.862s] Level 1:colcon.colcon_core.environment:checking '/home/trash/robot_ws/install/robot_core/lib/python3.12/site-packages'
[2.863s] Level 1:colcon.colcon_core.environment:checking '/home/trash/robot_ws/install/robot_core/bin'
[2.863s] INFO:colcon.colcon_core.shell:Creating package script '/home/trash/robot_ws/install/robot_core/share/robot_core/package.ps1'
[2.864s] INFO:colcon.colcon_core.shell:Creating package descriptor '/home/trash/robot_ws/install/robot_core/share/robot_core/package.dsv'
[2.864s] INFO:colcon.colcon_core.shell:Creating package script '/home/trash/robot_ws/install/robot_core/share/robot_core/package.sh'
[2.865s] INFO:colcon.colcon_core.shell:Creating package script '/home/trash/robot_ws/install/robot_core/share/robot_core/package.bash'
[2.866s] INFO:colcon.colcon_core.shell:Creating package script '/home/trash/robot_ws/install/robot_core/share/robot_core/package.zsh'
[2.867s] Level 1:colcon.colcon_core.environment:create_file_with_runtime_dependencies(/home/trash/robot_ws/install/robot_core/share/colcon-core/packages/robot_core)
[2.868s] Level 1:colcon.colcon_core.environment:create_environment_scripts_only(robot_core)
[2.869s] Level 1:colcon.colcon_core.environment:checking '/home/trash/robot_ws/install/robot_core' for CMake module files
[2.870s] Level 1:colcon.colcon_core.environment:checking '/home/trash/robot_ws/install/robot_core' for CMake config files
[2.870s] Level 1:colcon.colcon_core.shell:create_environment_hook('robot_core', 'cmake_prefix_path')
[2.870s] INFO:colcon.colcon_core.shell:Creating environment hook '/home/trash/robot_ws/install/robot_core/share/robot_core/hook/cmake_prefix_path.ps1'
[2.871s] INFO:colcon.colcon_core.shell:Creating environment descriptor '/home/trash/robot_ws/install/robot_core/share/robot_core/hook/cmake_prefix_path.dsv'
[2.872s] INFO:colcon.colcon_core.shell:Creating environment hook '/home/trash/robot_ws/install/robot_core/share/robot_core/hook/cmake_prefix_path.sh'
[2.874s] Level 1:colcon.colcon_core.environment:checking '/home/trash/robot_ws/install/robot_core/lib'
[2.874s] Level 1:colcon.colcon_core.environment:checking '/home/trash/robot_ws/install/robot_core/bin'
[2.874s] Level 1:colcon.colcon_core.environment:checking '/home/trash/robot_ws/install/robot_core/lib/pkgconfig/robot_core.pc'
[2.874s] Level 1:colcon.colcon_core.environment:checking '/home/trash/robot_ws/install/robot_core/lib/python3.12/site-packages'
[2.874s] Level 1:colcon.colcon_core.environment:checking '/home/trash/robot_ws/install/robot_core/bin'
[2.875s] INFO:colcon.colcon_core.shell:Creating package script '/home/trash/robot_ws/install/robot_core/share/robot_core/package.ps1'
[2.877s] INFO:colcon.colcon_core.shell:Creating package descriptor '/home/trash/robot_ws/install/robot_core/share/robot_core/package.dsv'
[2.881s] INFO:colcon.colcon_core.shell:Creating package script '/home/trash/robot_ws/install/robot_core/share/robot_core/package.sh'
[2.882s] INFO:colcon.colcon_core.shell:Creating package script '/home/trash/robot_ws/install/robot_core/share/robot_core/package.bash'
[2.884s] INFO:colcon.colcon_core.shell:Creating package script '/home/trash/robot_ws/install/robot_core/share/robot_core/package.zsh'
[2.886s] Level 1:colcon.colcon_core.environment:create_file_with_runtime_dependencies(/home/trash/robot_ws/install/robot_core/share/colcon-core/packages/robot_core)
[2.889s] Level 1:colcon.colcon_core.environment:create_environment_scripts_only(rf2o_laser_odometry)
[2.892s] Level 1:colcon.colcon_core.environment:checking '/home/trash/robot_ws/install/rf2o_laser_odometry' for CMake module files
[2.896s] DEBUG:colcon.colcon_core.event_handler.log_command:Invoked command in '/home/trash/robot_ws/build/rf2o_laser_odometry' returned '0': CMAKE_PREFIX_PATH=${CMAKE_PREFIX_PATH}:/home/trash/robot_workspace/install/cylindrical_robot:/opt/ros/jazzy DEBUGINFOD_URLS=https://debuginfod.ubuntu.com /usr/bin/cmake --install /home/trash/robot_ws/build/rf2o_laser_odometry
[2.897s] Level 1:colcon.colcon_core.environment:checking '/home/trash/robot_ws/install/rf2o_laser_odometry' for CMake config files
[2.898s] Level 1:colcon.colcon_core.shell:create_environment_hook('rf2o_laser_odometry', 'cmake_prefix_path')
[2.900s] INFO:colcon.colcon_core.shell:Creating environment hook '/home/trash/robot_ws/install/rf2o_laser_odometry/share/rf2o_laser_odometry/hook/cmake_prefix_path.ps1'
[2.903s] INFO:colcon.colcon_core.shell:Creating environment descriptor '/home/trash/robot_ws/install/rf2o_laser_odometry/share/rf2o_laser_odometry/hook/cmake_prefix_path.dsv'
[2.904s] INFO:colcon.colcon_core.shell:Creating environment hook '/home/trash/robot_ws/install/rf2o_laser_odometry/share/rf2o_laser_odometry/hook/cmake_prefix_path.sh'
[2.909s] Level 1:colcon.colcon_core.environment:checking '/home/trash/robot_ws/install/rf2o_laser_odometry/lib'
[2.911s] Level 1:colcon.colcon_core.environment:checking '/home/trash/robot_ws/install/rf2o_laser_odometry/bin'
[2.912s] Level 1:colcon.colcon_core.environment:checking '/home/trash/robot_ws/install/rf2o_laser_odometry/lib/pkgconfig/rf2o_laser_odometry.pc'
[2.913s] Level 1:colcon.colcon_core.environment:checking '/home/trash/robot_ws/install/rf2o_laser_odometry/lib/python3.12/site-packages'
[2.914s] Level 1:colcon.colcon_core.environment:checking '/home/trash/robot_ws/install/rf2o_laser_odometry/bin'
[2.916s] INFO:colcon.colcon_core.shell:Creating package script '/home/trash/robot_ws/install/rf2o_laser_odometry/share/rf2o_laser_odometry/package.ps1'
[2.921s] INFO:colcon.colcon_core.shell:Creating package descriptor '/home/trash/robot_ws/install/rf2o_laser_odometry/share/rf2o_laser_odometry/package.dsv'
[2.923s] INFO:colcon.colcon_core.shell:Creating package script '/home/trash/robot_ws/install/rf2o_laser_odometry/share/rf2o_laser_odometry/package.sh'
[2.924s] INFO:colcon.colcon_core.shell:Creating package script '/home/trash/robot_ws/install/rf2o_laser_odometry/share/rf2o_laser_odometry/package.bash'
[2.925s] INFO:colcon.colcon_core.shell:Creating package script '/home/trash/robot_ws/install/rf2o_laser_odometry/share/rf2o_laser_odometry/package.zsh'
[2.926s] Level 1:colcon.colcon_core.environment:create_file_with_runtime_dependencies(/home/trash/robot_ws/install/rf2o_laser_odometry/share/colcon-core/packages/rf2o_laser_odometry)
[2.928s] Level 1:colcon.colcon_core.environment:create_environment_scripts_only(rf2o_laser_odometry)
[2.929s] Level 1:colcon.colcon_core.environment:checking '/home/trash/robot_ws/install/rf2o_laser_odometry' for CMake module files
[2.929s] Level 1:colcon.colcon_core.environment:checking '/home/trash/robot_ws/install/rf2o_laser_odometry' for CMake config files
[2.930s] Level 1:colcon.colcon_core.shell:create_environment_hook('rf2o_laser_odometry', 'cmake_prefix_path')
[2.930s] INFO:colcon.colcon_core.shell:Creating environment hook '/home/trash/robot_ws/install/rf2o_laser_odometry/share/rf2o_laser_odometry/hook/cmake_prefix_path.ps1'
[2.932s] INFO:colcon.colcon_core.shell:Creating environment descriptor '/home/trash/robot_ws/install/rf2o_laser_odometry/share/rf2o_laser_odometry/hook/cmake_prefix_path.dsv'
[2.932s] INFO:colcon.colcon_core.shell:Creating environment hook '/home/trash/robot_ws/install/rf2o_laser_odometry/share/rf2o_laser_odometry/hook/cmake_prefix_path.sh'
[2.935s] Level 1:colcon.colcon_core.environment:checking '/home/trash/robot_ws/install/rf2o_laser_odometry/lib'
[2.936s] Level 1:colcon.colcon_core.environment:checking '/home/trash/robot_ws/install/rf2o_laser_odometry/bin'
[2.936s] Level 1:colcon.colcon_core.environment:checking '/home/trash/robot_ws/install/rf2o_laser_odometry/lib/pkgconfig/rf2o_laser_odometry.pc'
[2.937s] Level 1:colcon.colcon_core.environment:checking '/home/trash/robot_ws/install/rf2o_laser_odometry/lib/python3.12/site-packages'
[2.938s] Level 1:colcon.colcon_core.environment:checking '/home/trash/robot_ws/install/rf2o_laser_odometry/bin'
[2.939s] INFO:colcon.colcon_core.shell:Creating package script '/home/trash/robot_ws/install/rf2o_laser_odometry/share/rf2o_laser_odometry/package.ps1'
[2.941s] INFO:colcon.colcon_core.shell:Creating package descriptor '/home/trash/robot_ws/install/rf2o_laser_odometry/share/rf2o_laser_odometry/package.dsv'
[2.942s] INFO:colcon.colcon_core.shell:Creating package script '/home/trash/robot_ws/install/rf2o_laser_odometry/share/rf2o_laser_odometry/package.sh'
[2.943s] INFO:colcon.colcon_core.shell:Creating package script '/home/trash/robot_ws/install/rf2o_laser_odometry/share/rf2o_laser_odometry/package.bash'
[2.944s] INFO:colcon.colcon_core.shell:Creating package script '/home/trash/robot_ws/install/rf2o_laser_odometry/share/rf2o_laser_odometry/package.zsh'
[2.945s] Level 1:colcon.colcon_core.environment:create_file_with_runtime_dependencies(/home/trash/robot_ws/install/rf2o_laser_odometry/share/colcon-core/packages/rf2o_laser_odometry)
[2.946s] DEBUG:colcon.colcon_parallel_executor.executor.parallel:closing loop
[2.947s] DEBUG:colcon.colcon_parallel_executor.executor.parallel:loop closed
[2.947s] DEBUG:colcon.colcon_parallel_executor.executor.parallel:run_until_complete finished with '0'
[2.947s] DEBUG:colcon.colcon_core.event_reactor:joining thread
[2.959s] INFO:colcon.colcon_core.plugin_system:Skipping extension 'colcon_notification.desktop_notification.terminal_notifier': Not used on non-Darwin systems
[2.959s] INFO:colcon.colcon_core.plugin_system:Skipping extension 'colcon_notification.desktop_notification.win32': Not used on non-Windows systems
[2.959s] INFO:colcon.colcon_notification.desktop_notification:Sending desktop notification using 'notify2'
[3.024s] DEBUG:colcon.colcon_core.event_reactor:joined thread
[3.024s] INFO:colcon.colcon_core.shell:Creating prefix script '/home/trash/robot_ws/install/local_setup.ps1'
[3.027s] INFO:colcon.colcon_core.shell:Creating prefix util module '/home/trash/robot_ws/install/_local_setup_util_ps1.py'
[3.030s] INFO:colcon.colcon_core.shell:Creating prefix chain script '/home/trash/robot_ws/install/setup.ps1'
[3.032s] INFO:colcon.colcon_core.shell:Creating prefix script '/home/trash/robot_ws/install/local_setup.sh'
[3.036s] INFO:colcon.colcon_core.shell:Creating prefix util module '/home/trash/robot_ws/install/_local_setup_util_sh.py'
[3.037s] INFO:colcon.colcon_core.shell:Creating prefix chain script '/home/trash/robot_ws/install/setup.sh'
[3.039s] INFO:colcon.colcon_core.shell:Creating prefix script '/home/trash/robot_ws/install/local_setup.bash'
[3.040s] INFO:colcon.colcon_core.shell:Creating prefix chain script '/home/trash/robot_ws/install/setup.bash'
[3.042s] INFO:colcon.colcon_core.shell:Creating prefix script '/home/trash/robot_ws/install/local_setup.zsh'
[3.043s] INFO:colcon.colcon_core.shell:Creating prefix chain script '/home/trash/robot_ws/install/setup.zsh'
